2025-08-06 12:31:26,724 - INFO - profile for passing: [[1.00000000e+00 1.00000000e+00 1.00000000e+00 1.42258702e-01
  2.87000000e-03 2.01985000e+00 6.36271285e-04 1.03253496e+00
  2.78970110e+05 3.60000000e-01 1.06717000e+03 1.30000000e-01
  9.39359400e+04 3.30000000e-01 4.56624000e+03 1.30000000e-01
  1.30157510e+05 3.10000000e-01 8.29300000e+03 1.30000000e-01
  4.79668000e+03 1.30000000e-01 8.65936000e+03 1.30000000e-01
  4.66280000e+02 1.30000000e-01 2.08019000e+03 1.30000000e-01
  1.07966000e+03 1.20000000e-01 1.97509000e+03 7.00000000e-02
  3.49538900e+05 2.70000000e-01 4.97940000e+02 1.30000000e-01
  1.23608172e-02]]
2025-08-06 12:31:26,724 - INFO - profile for failing: [[1.00000000e+00 1.00000000e+00 1.00000000e+00 1.31372415e-01
  1.88810000e-01 2.01378000e+00 4.18633939e-02 3.22642054e+00
  1.13968660e+05 4.60000000e-01 5.33420000e+02 1.30000000e-01
  4.64480100e+04 3.10000000e-01 1.90338000e+03 1.30000000e-01
  2.08119960e+05 2.90000000e-01 2.97002000e+03 1.30000000e-01
  1.77801000e+03 1.30000000e-01 3.04811000e+03 1.30000000e-01
  1.48210000e+02 1.30000000e-01 6.40120000e+02 1.30000000e-01
  3.01970000e+02 8.00000000e-02 6.83970000e+02 5.00000000e-02
  1.52167030e+05 3.20000000e-01 1.64300000e+02 1.30000000e-01
  5.39775130e-02]]
2025-08-06 12:31:26,725 - INFO - COMPONENT: missing_value, STRATEGY: 1, SIMILARITY: 0.857770990361024, UTILITY: 0.012360817161992443
2025-08-06 12:31:28,473 - INFO - profile for passing: [[3.00000000e+00 1.00000000e+00 1.00000000e+00 1.41615479e-01
  4.46000000e-03 2.02321000e+00 9.87981523e-04 1.04086749e+00
  3.08190420e+05 3.70000000e-01 1.20437000e+03 1.30000000e-01
  1.04648260e+05 3.20000000e-01 5.04925000e+03 1.30000000e-01
  1.43587750e+05 3.80000000e-01 8.29300000e+03 1.30000000e-01
  5.31603000e+03 1.30000000e-01 9.66905000e+03 1.30000000e-01
  5.29550000e+02 1.30000000e-01 2.32071000e+03 1.30000000e-01
  1.19748000e+03 1.20000000e-01 2.19410000e+03 7.00000000e-02
  3.84176590e+05 2.60000000e-01 5.31490000e+02 1.30000000e-01
  6.82380944e-03]]
2025-08-06 12:31:28,473 - INFO - profile for failing: [[3.00000000e+00 1.00000000e+00 1.00000000e+00 1.38996376e-01
  1.90980000e-01 2.00332000e+00 4.24190812e-02 3.23322933e+00
  1.25907030e+05 4.60000000e-01 5.71820000e+02 1.40000000e-01
  5.22794600e+04 3.00000000e-01 2.11419000e+03 1.40000000e-01
  2.32602780e+05 2.90000000e-01 2.97002000e+03 1.40000000e-01
  1.96701000e+03 1.40000000e-01 3.39125000e+03 1.40000000e-01
  1.61440000e+02 1.40000000e-01 7.29930000e+02 1.40000000e-01
  3.31190000e+02 8.00000000e-02 7.69980000e+02 5.00000000e-02
  1.68382360e+05 3.50000000e-01 1.67770000e+02 1.40000000e-01
  5.45756680e-02]]
2025-08-06 12:31:28,473 - INFO - COMPONENT: missing_value, STRATEGY: 3, SIMILARITY: 0.8553834345690413, UTILITY: 0.006823809444673867
2025-08-06 12:31:30,233 - INFO - profile for passing: [[4.00000000e+00 1.00000000e+00 1.00000000e+00 1.33599509e-01
  4.46000000e-03 2.02321000e+00 9.87981523e-04 1.04086749e+00
  3.08190420e+05 3.70000000e-01 1.20437000e+03 1.30000000e-01
  1.04648260e+05 3.20000000e-01 5.04925000e+03 1.30000000e-01
  1.43587750e+05 3.80000000e-01 7.68147000e+03 1.30000000e-01
  5.31603000e+03 1.30000000e-01 9.66905000e+03 1.30000000e-01
  5.29550000e+02 1.30000000e-01 2.32071000e+03 1.30000000e-01
  1.19748000e+03 1.20000000e-01 2.19410000e+03 7.00000000e-02
  3.84176590e+05 2.60000000e-01 5.31490000e+02 1.30000000e-01
  7.70527143e-03]]
2025-08-06 12:31:30,234 - INFO - profile for failing: [[4.00000000e+00 1.00000000e+00 1.00000000e+00 1.43418709e-01
  1.90980000e-01 2.00332000e+00 4.24190812e-02 3.23322933e+00
  1.25907030e+05 4.60000000e-01 5.71820000e+02 1.40000000e-01
  5.22794600e+04 3.00000000e-01 2.11419000e+03 1.40000000e-01
  2.32602780e+05 2.90000000e-01 2.64827000e+03 1.40000000e-01
  1.96701000e+03 1.40000000e-01 3.39125000e+03 1.40000000e-01
  1.61440000e+02 1.40000000e-01 7.29930000e+02 1.40000000e-01
  3.31190000e+02 8.00000000e-02 7.69980000e+02 5.00000000e-02
  1.68382360e+05 3.50000000e-01 1.67770000e+02 1.40000000e-01
  6.51735475e-02]]
2025-08-06 12:31:30,234 - INFO - COMPONENT: missing_value, STRATEGY: 4, SIMILARITY: 0.8553805634655692, UTILITY: 0.007705271429015836
2025-08-06 12:31:32,404 - INFO - profile for passing: [[5.00000000e+00 1.00000000e+00 1.00000000e+00 1.41615479e-01
  4.46000000e-03 2.02321000e+00 9.87981523e-04 1.04086749e+00
  3.08190420e+05 3.70000000e-01 1.20437000e+03 1.30000000e-01
  1.04648260e+05 3.20000000e-01 5.04925000e+03 1.30000000e-01
  1.43587750e+05 3.80000000e-01 8.29300000e+03 1.30000000e-01
  5.31603000e+03 1.30000000e-01 9.66905000e+03 1.30000000e-01
  5.29550000e+02 1.30000000e-01 2.32071000e+03 1.30000000e-01
  1.19748000e+03 1.20000000e-01 2.19410000e+03 7.00000000e-02
  3.84176590e+05 2.60000000e-01 5.31490000e+02 1.30000000e-01
  6.82380944e-03]]
2025-08-06 12:31:32,404 - INFO - profile for failing: [[5.00000000e+00 1.00000000e+00 1.00000000e+00 1.38996376e-01
  1.90980000e-01 2.00332000e+00 4.24190812e-02 3.23322933e+00
  1.25907030e+05 4.60000000e-01 5.71820000e+02 1.40000000e-01
  5.22794600e+04 3.00000000e-01 2.11419000e+03 1.40000000e-01
  2.32602780e+05 2.90000000e-01 2.97002000e+03 1.40000000e-01
  1.96701000e+03 1.40000000e-01 3.39125000e+03 1.40000000e-01
  1.61440000e+02 1.40000000e-01 7.29930000e+02 1.40000000e-01
  3.31190000e+02 8.00000000e-02 7.69980000e+02 5.00000000e-02
  1.68382360e+05 3.50000000e-01 1.67770000e+02 1.40000000e-01
  5.45756680e-02]]
2025-08-06 12:31:32,405 - INFO - COMPONENT: missing_value, STRATEGY: 5, SIMILARITY: 0.8553834345724762, UTILITY: 0.006823809444673867
2025-08-06 12:31:34,119 - INFO - profile for passing: [[6.00000000e+00 1.00000000e+00 1.00000000e+00 1.41615479e-01
  4.46000000e-03 2.02321000e+00 9.87981523e-04 1.04086749e+00
  3.08190420e+05 3.70000000e-01 1.20437000e+03 1.30000000e-01
  1.04648260e+05 3.20000000e-01 5.04925000e+03 1.30000000e-01
  1.43587750e+05 3.80000000e-01 8.29300000e+03 1.30000000e-01
  5.31603000e+03 1.30000000e-01 9.66905000e+03 1.30000000e-01
  5.29550000e+02 1.30000000e-01 2.32071000e+03 1.30000000e-01
  1.19748000e+03 1.20000000e-01 2.19410000e+03 7.00000000e-02
  3.84176590e+05 2.60000000e-01 5.31490000e+02 1.30000000e-01
  6.82380944e-03]]
2025-08-06 12:31:34,119 - INFO - profile for failing: [[6.00000000e+00 1.00000000e+00 1.00000000e+00 1.38996376e-01
  1.90980000e-01 2.00332000e+00 4.24190812e-02 3.23322933e+00
  1.25907030e+05 4.60000000e-01 5.71820000e+02 1.40000000e-01
  5.22794600e+04 3.00000000e-01 2.11419000e+03 1.40000000e-01
  2.32602780e+05 2.90000000e-01 2.97002000e+03 1.40000000e-01
  1.96701000e+03 1.40000000e-01 3.39125000e+03 1.40000000e-01
  1.61440000e+02 1.40000000e-01 7.29930000e+02 1.40000000e-01
  3.31190000e+02 8.00000000e-02 7.69980000e+02 5.00000000e-02
  1.68382360e+05 3.50000000e-01 1.67770000e+02 1.40000000e-01
  5.45756680e-02]]
2025-08-06 12:31:34,119 - INFO - COMPONENT: missing_value, STRATEGY: 6, SIMILARITY: 0.8553834345748377, UTILITY: 0.006823809444673867
2025-08-06 12:31:36,284 - INFO - profile for passing: [[7.00000000e+00 1.00000000e+00 1.00000000e+00 1.41615479e-01
  4.46000000e-03 2.02321000e+00 9.87981523e-04 1.04086749e+00
  3.08190420e+05 3.70000000e-01 1.20437000e+03 1.30000000e-01
  1.04648260e+05 3.20000000e-01 5.04925000e+03 1.30000000e-01
  1.43587750e+05 3.80000000e-01 8.29300000e+03 1.30000000e-01
  5.31603000e+03 1.30000000e-01 9.66905000e+03 1.30000000e-01
  5.29550000e+02 1.30000000e-01 2.32071000e+03 1.30000000e-01
  1.19748000e+03 1.20000000e-01 2.19410000e+03 7.00000000e-02
  3.84176590e+05 2.60000000e-01 5.31490000e+02 1.30000000e-01
  6.82380944e-03]]
2025-08-06 12:31:36,285 - INFO - profile for failing: [[7.00000000e+00 1.00000000e+00 1.00000000e+00 1.38996376e-01
  1.90980000e-01 2.00332000e+00 4.24190812e-02 3.23322933e+00
  1.25907030e+05 4.60000000e-01 5.71820000e+02 1.40000000e-01
  5.22794600e+04 3.00000000e-01 2.11419000e+03 1.40000000e-01
  2.32602780e+05 2.90000000e-01 2.97002000e+03 1.40000000e-01
  1.96701000e+03 1.40000000e-01 3.39125000e+03 1.40000000e-01
  1.61440000e+02 1.40000000e-01 7.29930000e+02 1.40000000e-01
  3.31190000e+02 8.00000000e-02 7.69980000e+02 5.00000000e-02
  1.68382360e+05 3.50000000e-01 1.67770000e+02 1.40000000e-01
  5.45756680e-02]]
2025-08-06 12:31:36,285 - INFO - COMPONENT: missing_value, STRATEGY: 7, SIMILARITY: 0.8553834345776286, UTILITY: 0.006823809444673867
2025-08-06 12:31:37,939 - INFO - profile for passing: [[8.00000000e+00 1.00000000e+00 1.00000000e+00 1.41615479e-01
  4.46000000e-03 2.02321000e+00 9.87981523e-04 1.04086749e+00
  3.08190420e+05 3.70000000e-01 1.20437000e+03 1.30000000e-01
  1.04648260e+05 3.20000000e-01 5.04925000e+03 1.30000000e-01
  1.43587750e+05 3.80000000e-01 8.29300000e+03 1.30000000e-01
  5.31603000e+03 1.30000000e-01 9.66905000e+03 1.30000000e-01
  5.29550000e+02 1.30000000e-01 2.32071000e+03 1.30000000e-01
  1.19748000e+03 1.20000000e-01 2.19410000e+03 7.00000000e-02
  3.84176590e+05 2.60000000e-01 5.31490000e+02 1.30000000e-01
  6.82380944e-03]]
2025-08-06 12:31:37,939 - INFO - profile for failing: [[8.00000000e+00 1.00000000e+00 1.00000000e+00 1.38996376e-01
  1.90980000e-01 2.00332000e+00 4.24190812e-02 3.23322933e+00
  1.25907030e+05 4.60000000e-01 5.71820000e+02 1.40000000e-01
  5.22794600e+04 3.00000000e-01 2.11419000e+03 1.40000000e-01
  2.32602780e+05 2.90000000e-01 2.97002000e+03 1.40000000e-01
  1.96701000e+03 1.40000000e-01 3.39125000e+03 1.40000000e-01
  1.61440000e+02 1.40000000e-01 7.29930000e+02 1.40000000e-01
  3.31190000e+02 8.00000000e-02 7.69980000e+02 5.00000000e-02
  1.68382360e+05 3.50000000e-01 1.67770000e+02 1.40000000e-01
  5.45756680e-02]]
2025-08-06 12:31:37,939 - INFO - COMPONENT: missing_value, STRATEGY: 8, SIMILARITY: 0.8553834345808486, UTILITY: 0.006823809444673867
2025-08-06 12:31:40,221 - INFO - profile for passing: [[9.00000000e+00 1.00000000e+00 1.00000000e+00 1.41615479e-01
  4.46000000e-03 2.02321000e+00 9.87981523e-04 1.04086749e+00
  3.08190420e+05 3.70000000e-01 1.20437000e+03 1.30000000e-01
  1.04648260e+05 3.20000000e-01 5.04925000e+03 1.30000000e-01
  1.43587750e+05 3.80000000e-01 8.29300000e+03 1.30000000e-01
  5.31603000e+03 1.30000000e-01 9.66905000e+03 1.30000000e-01
  5.29550000e+02 1.30000000e-01 2.32071000e+03 1.30000000e-01
  1.19748000e+03 1.20000000e-01 2.19410000e+03 7.00000000e-02
  3.84176590e+05 2.60000000e-01 5.31490000e+02 1.30000000e-01
  6.82380944e-03]]
2025-08-06 12:31:40,221 - INFO - profile for failing: [[9.00000000e+00 1.00000000e+00 1.00000000e+00 1.38996376e-01
  1.90980000e-01 2.00332000e+00 4.24190812e-02 3.23322933e+00
  1.25907030e+05 4.60000000e-01 5.71820000e+02 1.40000000e-01
  5.22794600e+04 3.00000000e-01 2.11419000e+03 1.40000000e-01
  2.32602780e+05 2.90000000e-01 2.97002000e+03 1.40000000e-01
  1.96701000e+03 1.40000000e-01 3.39125000e+03 1.40000000e-01
  1.61440000e+02 1.40000000e-01 7.29930000e+02 1.40000000e-01
  3.31190000e+02 8.00000000e-02 7.69980000e+02 5.00000000e-02
  1.68382360e+05 3.50000000e-01 1.67770000e+02 1.40000000e-01
  5.45756680e-02]]
2025-08-06 12:31:40,221 - INFO - COMPONENT: missing_value, STRATEGY: 9, SIMILARITY: 0.8553834345844981, UTILITY: 0.006823809444673867
2025-08-06 12:31:42,907 - INFO - profile for passing: [[2.00000000e+00 2.00000000e+00 1.00000000e+00 1.41615479e-01
  4.46000000e-03 2.02321000e+00 9.87981523e-04 1.04086749e+00
  6.25412000e+03 3.70000000e-01 1.20437000e+03 3.20000000e-01
  6.25412000e+03 3.20000000e-01 5.04925000e+03 5.20000000e-01
  6.25412000e+03 3.80000000e-01 8.01931000e+03 2.50000000e-01
  5.31603000e+03 4.30000000e-01 9.66905000e+03 4.80000000e-01
  5.29550000e+02 1.30000000e-01 2.32071000e+03 2.70000000e-01
  6.25412000e+03 1.20000000e-01 6.25412000e+03 7.00000000e-02
  6.25412000e+03 2.60000000e-01 5.31490000e+02 1.00000000e-01
  3.04842842e-04]]
2025-08-06 12:31:42,908 - INFO - profile for failing: [[2.00000000e+00 2.00000000e+00 1.00000000e+00 1.38996376e-01
  1.90980000e-01 2.00332000e+00 4.24190812e-02 3.23322933e+00
  7.69610000e+02 4.60000000e-01 5.71820000e+02 3.10000000e-01
  7.69610000e+02 3.00000000e-01 2.11419000e+03 2.90000000e-01
  7.69610000e+02 2.90000000e-01 2.87752000e+03 2.90000000e-01
  1.96701000e+03 4.10000000e-01 3.39125000e+03 3.40000000e-01
  1.61440000e+02 1.40000000e-01 7.29930000e+02 3.30000000e-01
  7.69610000e+02 8.00000000e-02 7.69610000e+02 5.00000000e-02
  7.69610000e+02 3.50000000e-01 1.67770000e+02 1.00000000e-01
  1.69285651e-01]]
2025-08-06 12:31:42,908 - INFO - COMPONENT: normalization, STRATEGY: 2, SIMILARITY: 0.8918402219143307, UTILITY: 0.000304842842307973
2025-08-06 12:31:45,783 - INFO - profile for passing: [[2.00000000e+00 3.00000000e+00 1.00000000e+00 1.41615479e-01
  4.46000000e-03 2.02321000e+00 9.87981523e-04 1.04086749e+00
  9.25189000e+03 3.70000000e-01 1.20437000e+03 3.20000000e-01
  4.60807000e+03 3.20000000e-01 5.04925000e+03 5.20000000e-01
  7.37600000e+01 3.80000000e-01 8.01931000e+03 2.50000000e-01
  5.31603000e+03 4.30000000e-01 9.66905000e+03 4.80000000e-01
  5.29550000e+02 1.30000000e-01 2.32071000e+03 2.70000000e-01
  1.19748000e+03 1.20000000e-01 2.19410000e+03 7.00000000e-02
  6.96300000e+02 2.60000000e-01 5.31490000e+02 1.00000000e-01
  2.53440561e-03]]
2025-08-06 12:31:45,783 - INFO - profile for failing: [[2.00000000e+00 3.00000000e+00 1.00000000e+00 1.38996376e-01
  1.90980000e-01 2.00332000e+00 4.24190812e-02 3.23322933e+00
  5.39310000e+02 4.60000000e-01 5.71820000e+02 3.10000000e-01
  3.45120000e+02 3.00000000e-01 2.11419000e+03 2.90000000e-01
  8.00960000e+02 2.90000000e-01 2.87752000e+03 2.90000000e-01
  1.96701000e+03 4.10000000e-01 3.39125000e+03 3.40000000e-01
  1.61440000e+02 1.40000000e-01 7.29930000e+02 3.30000000e-01
  3.31190000e+02 8.00000000e-02 7.69980000e+02 5.00000000e-02
  6.32300000e+01 3.50000000e-01 1.67770000e+02 1.00000000e-01
  1.48010652e-01]]
2025-08-06 12:31:45,784 - INFO - COMPONENT: normalization, STRATEGY: 3, SIMILARITY: 0.8728720560257505, UTILITY: 0.0025344056097219014
2025-08-06 12:31:48,691 - INFO - profile for passing: [[2.00000000e+00 4.00000000e+00 1.00000000e+00 1.41615479e-01
  4.46000000e-03 2.02321000e+00 9.87981523e-04 1.04086749e+00
  2.02400000e+02 3.70000000e-01 1.20437000e+03 3.20000000e-01
  1.67356000e+04 3.20000000e-01 5.04925000e+03 5.20000000e-01
  1.49000000e+02 3.80000000e-01 8.01931000e+03 2.50000000e-01
  5.31603000e+03 4.30000000e-01 9.66905000e+03 4.80000000e-01
  5.29550000e+02 1.30000000e-01 2.32071000e+03 2.70000000e-01
  2.75030900e+04 1.20000000e-01 2.63903600e+04 7.00000000e-02
  5.22090000e+02 2.60000000e-01 5.31490000e+02 1.00000000e-01
  2.12367313e-03]]
2025-08-06 12:31:48,691 - INFO - profile for failing: [[2.00000000e+00 4.00000000e+00 1.00000000e+00 1.38996376e-01
  1.90980000e-01 2.00332000e+00 4.24190812e-02 3.23322933e+00
  3.01823000e+03 4.60000000e-01 5.71820000e+02 3.10000000e-01
  1.04531000e+03 3.00000000e-01 2.11419000e+03 2.90000000e-01
  1.22162500e+04 2.90000000e-01 2.87752000e+03 2.90000000e-01
  1.96701000e+03 4.10000000e-01 3.39125000e+03 3.40000000e-01
  1.61440000e+02 1.40000000e-01 7.29930000e+02 3.30000000e-01
  4.44292000e+03 8.00000000e-02 3.84659000e+03 5.00000000e-02
  2.44699000e+03 3.50000000e-01 1.67770000e+02 1.00000000e-01
  1.71232500e-01]]
2025-08-06 12:31:48,691 - INFO - COMPONENT: normalization, STRATEGY: 4, SIMILARITY: 0.48527296969500616, UTILITY: 0.002123673130408732
2025-08-06 12:31:51,532 - INFO - profile for passing: [[2.00000000e+00 5.00000000e+00 1.00000000e+00 1.41615479e-01
  4.46000000e-03 2.02321000e+00 9.87981523e-04 1.04086749e+00
  3.31744000e+03 3.70000000e-01 1.20437000e+03 3.20000000e-01
  1.75545000e+04 3.20000000e-01 5.04925000e+03 5.20000000e-01
  3.65260000e+02 3.80000000e-01 8.01931000e+03 2.50000000e-01
  5.31603000e+03 4.30000000e-01 9.66905000e+03 4.80000000e-01
  5.29550000e+02 1.30000000e-01 2.32071000e+03 2.70000000e-01
  2.75030900e+04 1.20000000e-01 2.63903600e+04 7.00000000e-02
  6.19650000e+02 2.60000000e-01 5.31490000e+02 1.00000000e-01
  1.95288614e-03]]
2025-08-06 12:31:51,532 - INFO - profile for failing: [[2.00000000e+00 5.00000000e+00 1.00000000e+00 1.38996376e-01
  1.90980000e-01 2.00332000e+00 4.24190812e-02 3.23322933e+00
  2.88780000e+02 4.60000000e-01 5.71820000e+02 3.10000000e-01
  1.20307000e+03 3.00000000e-01 2.11419000e+03 2.90000000e-01
  1.05488300e+04 2.90000000e-01 2.87752000e+03 2.90000000e-01
  1.96701000e+03 4.10000000e-01 3.39125000e+03 3.40000000e-01
  1.61440000e+02 1.40000000e-01 7.29930000e+02 3.30000000e-01
  4.44292000e+03 8.00000000e-02 3.84659000e+03 5.00000000e-02
  2.27414000e+03 3.50000000e-01 1.67770000e+02 1.00000000e-01
  1.71324581e-01]]
2025-08-06 12:31:51,532 - INFO - COMPONENT: normalization, STRATEGY: 5, SIMILARITY: 0.5498140723777422, UTILITY: 0.001952886142434107
2025-08-06 12:31:53,504 - INFO - profile for passing: [[2.00000000e+00 1.00000000e+00 1.00000000e+00 1.41615479e-01
  4.46000000e-03 2.02321000e+00 9.87981523e-04 1.04086749e+00
  3.08190420e+05 3.70000000e-01 1.20437000e+03 1.30000000e-01
  1.04648260e+05 3.20000000e-01 5.04925000e+03 1.30000000e-01
  1.43587750e+05 3.80000000e-01 8.29300000e+03 1.30000000e-01
  5.31603000e+03 1.30000000e-01 9.66905000e+03 1.30000000e-01
  5.29550000e+02 1.30000000e-01 2.32071000e+03 1.30000000e-01
  1.19748000e+03 1.20000000e-01 2.19410000e+03 7.00000000e-02
  3.84176590e+05 2.60000000e-01 5.31490000e+02 1.30000000e-01
  6.82380944e-03]]
2025-08-06 12:31:53,504 - INFO - profile for failing: [[2.00000000e+00 1.00000000e+00 1.00000000e+00 1.38996376e-01
  1.90980000e-01 2.00332000e+00 4.24190812e-02 3.23322933e+00
  1.25907030e+05 4.60000000e-01 5.71820000e+02 1.40000000e-01
  5.22794600e+04 3.00000000e-01 2.11419000e+03 1.40000000e-01
  2.32602780e+05 2.90000000e-01 2.97002000e+03 1.40000000e-01
  1.96701000e+03 1.40000000e-01 3.39125000e+03 1.40000000e-01
  1.61440000e+02 1.40000000e-01 7.29930000e+02 1.40000000e-01
  3.31190000e+02 8.00000000e-02 7.69980000e+02 5.00000000e-02
  1.68382360e+05 3.50000000e-01 1.67770000e+02 1.40000000e-01
  5.45756680e-02]]
2025-08-06 12:31:53,504 - INFO - COMPONENT: punctuation, STRATEGY: 1, SIMILARITY: 0.8553834345679678, UTILITY: 0.006823809444673867
2025-08-06 12:31:55,738 - INFO - profile for passing: [[2.00000000e+00 1.00000000e+00 1.00000000e+00 1.41615479e-01
  4.46000000e-03 2.02321000e+00 9.87981523e-04 1.04086749e+00
  3.08190420e+05 3.70000000e-01 1.20437000e+03 1.30000000e-01
  1.04648260e+05 3.20000000e-01 5.04925000e+03 1.30000000e-01
  1.43587750e+05 3.80000000e-01 8.29300000e+03 1.30000000e-01
  5.31603000e+03 1.30000000e-01 9.66905000e+03 1.30000000e-01
  5.29550000e+02 1.30000000e-01 2.32071000e+03 1.30000000e-01
  1.19748000e+03 1.20000000e-01 2.19410000e+03 7.00000000e-02
  3.84176590e+05 2.60000000e-01 5.31490000e+02 1.30000000e-01
  6.82380944e-03]]
2025-08-06 12:31:55,738 - INFO - profile for failing: [[2.00000000e+00 1.00000000e+00 1.00000000e+00 1.38996376e-01
  1.90980000e-01 2.00332000e+00 4.24190812e-02 3.23322933e+00
  1.25907030e+05 4.60000000e-01 5.71820000e+02 1.40000000e-01
  5.22794600e+04 3.00000000e-01 2.11419000e+03 1.40000000e-01
  2.32602780e+05 2.90000000e-01 2.97002000e+03 1.40000000e-01
  1.96701000e+03 1.40000000e-01 3.39125000e+03 1.40000000e-01
  1.61440000e+02 1.40000000e-01 7.29930000e+02 1.40000000e-01
  3.31190000e+02 8.00000000e-02 7.69980000e+02 5.00000000e-02
  1.68382360e+05 3.50000000e-01 1.67770000e+02 1.40000000e-01
  5.45756680e-02]]
2025-08-06 12:31:55,738 - INFO - COMPONENT: outlier, STRATEGY: 1, SIMILARITY: 0.8553834345679678, UTILITY: 0.006823809444673867
2025-08-06 12:32:10,623 - INFO - profile for passing: [[2.00000000e+00 1.00000000e+00 1.00000000e+00 1.41615479e-01
  4.46000000e-03 2.02321000e+00 9.87981523e-04 1.04086749e+00
  3.08190420e+05 3.70000000e-01 1.20437000e+03 1.30000000e-01
  1.04648260e+05 3.20000000e-01 5.04925000e+03 1.30000000e-01
  1.43587750e+05 3.80000000e-01 8.29300000e+03 1.30000000e-01
  5.31603000e+03 1.30000000e-01 9.66905000e+03 1.30000000e-01
  5.29550000e+02 1.30000000e-01 2.32071000e+03 1.30000000e-01
  1.19748000e+03 1.20000000e-01 2.19410000e+03 7.00000000e-02
  3.84176590e+05 2.60000000e-01 5.31490000e+02 1.30000000e-01
  6.82380944e-03]]
2025-08-06 12:32:10,624 - INFO - profile for failing: [[2.00000000e+00 1.00000000e+00 1.00000000e+00 1.38996376e-01
  1.90980000e-01 2.00332000e+00 4.24190812e-02 3.23322933e+00
  1.25907030e+05 4.60000000e-01 5.71820000e+02 1.40000000e-01
  5.22794600e+04 3.00000000e-01 2.11419000e+03 1.40000000e-01
  2.32602780e+05 2.90000000e-01 2.97002000e+03 1.40000000e-01
  1.96701000e+03 1.40000000e-01 3.39125000e+03 1.40000000e-01
  1.61440000e+02 1.40000000e-01 7.29930000e+02 1.40000000e-01
  3.31190000e+02 8.00000000e-02 7.69980000e+02 5.00000000e-02
  1.68382360e+05 3.50000000e-01 1.67770000e+02 1.40000000e-01
  5.45756680e-02]]
2025-08-06 12:32:10,624 - INFO - COMPONENT: stopword, STRATEGY: 1, SIMILARITY: 0.8553834345679678, UTILITY: 0.006823809444673867
