2025-08-19 20:28:17,139 - INFO - Hold-out (20%%) performance: R^2=0.997129, RMSE=0.002536
2025-08-19 20:28:19,075 - INFO - [ALT] missing_value -> 1, predicted_utility=-1.368165
2025-08-19 20:28:20,227 - INFO - [ALT] missing_value -> 3, predicted_utility=-1.103729
2025-08-19 20:28:21,358 - INFO - [ALT] missing_value -> 4, predicted_utility=-1.375914
2025-08-19 20:28:22,477 - INFO - [ALT] missing_value -> 5, predicted_utility=-0.867447
2025-08-19 20:28:23,588 - INFO - [ALT] missing_value -> 6, predicted_utility=-1.031924
2025-08-19 20:28:24,753 - INFO - [ALT] missing_value -> 7, predicted_utility=-1.157771
2025-08-19 20:28:25,918 - INFO - [ALT] missing_value -> 8, predicted_utility=-0.992022
2025-08-19 20:28:27,058 - INFO - [ALT] missing_value -> 9, predicted_utility=-1.066307
2025-08-19 20:28:28,964 - INFO - [ALT] normalization -> 2, predicted_utility=-0.055403
2025-08-19 20:28:30,905 - INFO - [ALT] normalization -> 3, predicted_utility=-0.279152
2025-08-19 20:28:32,891 - INFO - [ALT] normalization -> 4, predicted_utility=-0.186485
2025-08-19 20:28:34,789 - INFO - [ALT] normalization -> 5, predicted_utility=-0.321529
2025-08-19 20:28:35,984 - INFO - [INS] punctuation@2 -> 1, predicted_utility=-1.178524
2025-08-19 20:28:37,241 - INFO - [INS] outlier@2 -> 1, predicted_utility=-1.103148
2025-08-19 20:28:38,624 - INFO - [INS] outlier@2 -> 2, predicted_utility=-2.423786
2025-08-19 20:28:39,997 - INFO - [INS] outlier@2 -> 3, predicted_utility=-1.673337
2025-08-19 20:28:41,288 - INFO - [INS] outlier@2 -> 4, predicted_utility=-2.535786
2025-08-19 20:28:42,751 - INFO - [INS] outlier@2 -> 5, predicted_utility=-0.127565
2025-08-19 20:28:44,755 - INFO - [INS] outlier@2 -> 6, predicted_utility=-0.115360
2025-08-19 20:28:46,511 - INFO - [INS] outlier@2 -> 7, predicted_utility=-0.721434
2025-08-19 20:28:48,133 - INFO - [INS] outlier@2 -> 8, predicted_utility=-0.794185
2025-08-19 20:28:49,856 - INFO - [INS] stopword@2 -> 1, predicted_utility=-1.211009
