2025-08-18 23:10:00,512 - INFO - [ALT][SVM] missing_value -> 1, predicted_utility=0.12245343
2025-08-18 23:10:02,401 - INFO - [ALT][SVM] missing_value -> 3, predicted_utility=0.12245343
2025-08-18 23:10:04,239 - INFO - [ALT][SVM] missing_value -> 4, predicted_utility=0.12245343
2025-08-18 23:10:06,104 - INFO - [ALT][SVM] missing_value -> 5, predicted_utility=0.12245343
2025-08-18 23:10:07,943 - INFO - [ALT][SVM] missing_value -> 6, predicted_utility=0.12245343
2025-08-18 23:10:09,842 - INFO - [ALT][SVM] missing_value -> 7, predicted_utility=0.12245343
2025-08-18 23:10:11,776 - INFO - [ALT][SVM] missing_value -> 8, predicted_utility=0.12245343
2025-08-18 23:10:13,871 - INFO - [ALT][SVM] missing_value -> 9, predicted_utility=0.12245343
2025-08-18 23:10:14,990 - INFO - [ALT][SVM] normalization -> 1, predicted_utility=0.12245343
2025-08-18 23:10:16,975 - INFO - [ALT][SVM] normalization -> 3, predicted_utility=0.12245343
2025-08-18 23:10:18,809 - INFO - [ALT][SVM] normalization -> 4, predicted_utility=0.12245343
2025-08-18 23:10:20,768 - INFO - [ALT][SVM] normalization -> 5, predicted_utility=0.12245343
2025-08-18 23:10:22,646 - INFO - [INS][SVM] punctuation@2 -> 1, predicted_utility=0.12245343
2025-08-18 23:10:24,670 - INFO - [INS][SVM] outlier@2 -> 1, predicted_utility=0.12245343
2025-08-18 23:10:26,625 - INFO - [INS][SVM] outlier@2 -> 2, predicted_utility=0.12245343
2025-08-18 23:10:27,966 - INFO - [INS][SVM] outlier@2 -> 3, predicted_utility=0.12245343
2025-08-18 23:10:32,463 - INFO - [INS][SVM] outlier@2 -> 4, predicted_utility=0.12245343
2025-08-18 23:10:38,435 - INFO - [INS][SVM] outlier@2 -> 5, predicted_utility=0.12245343
2025-08-18 23:10:45,227 - INFO - [INS][SVM] outlier@2 -> 6, predicted_utility=0.12245343
2025-08-18 23:10:52,883 - INFO - [INS][SVM] outlier@2 -> 7, predicted_utility=0.12245343
2025-08-18 23:11:00,993 - INFO - [INS][SVM] outlier@2 -> 8, predicted_utility=0.12245343
2025-08-18 23:11:03,412 - INFO - [INS][SVM] stopword@2 -> 1, predicted_utility=0.12245343
