2025-08-20 16:46:01,534 - INFO - New component: outlier @ 1, Strategy 6, utility=0.0579
2025-08-20 16:46:01,535 - INFO - New component: outlier @ 2, Strategy 3, utility=0.0635
2025-08-20 16:46:01,535 - INFO - New component: outlier @ 0, Strategy 5, utility=0.0656
2025-08-20 16:46:01,535 - INFO - New component: outlier @ 1, Strategy 4, utility=0.0839
2025-08-20 16:46:01,535 - INFO - New component: outlier @ 0, Strategy 2, utility=0.0879
2025-08-20 16:46:01,535 - INFO - New component: punctuation @ 2, Strategy 1, utility=0.0916
2025-08-20 16:46:01,535 - INFO - Existing component: missing_value, Strategy 6, utility=0.0994
2025-08-20 16:46:01,535 - INFO - Existing component: missing_value, Strategy 7, utility=0.0995
2025-08-20 16:46:01,535 - INFO - New component: outlier @ 1, Strategy 7, utility=0.1036
2025-08-20 16:46:01,535 - INFO - Existing component: missing_value, Strategy 3, utility=0.1061
2025-08-20 16:46:01,535 - INFO - Existing component: missing_value, Strategy 4, utility=0.1117
2025-08-20 16:46:01,535 - INFO - Existing component: missing_value, Strategy 9, utility=0.1145
2025-08-20 16:46:01,535 - INFO - New component: outlier @ 1, Strategy 8, utility=0.1182
2025-08-20 16:46:01,535 - INFO - Existing component: missing_value, Strategy 5, utility=0.1208
2025-08-20 16:46:01,535 - INFO - New component: stopword @ 2, Strategy 1, utility=0.1236
2025-08-20 16:46:01,535 - INFO - Existing component: missing_value, Strategy 8, utility=0.1242
2025-08-20 16:46:01,535 - INFO - Existing component: missing_value, Strategy 1, utility=0.1253
2025-08-20 16:46:01,535 - INFO - New component: outlier @ 2, Strategy 1, utility=0.1272
2025-08-20 16:46:01,535 - INFO - Existing component: normalization, Strategy 3, utility=0.1663
2025-08-20 16:46:01,535 - INFO - Existing component: normalization, Strategy 2, utility=0.1840
2025-08-20 16:46:01,535 - INFO - Existing component: normalization, Strategy 4, utility=0.1911
2025-08-20 16:46:01,535 - INFO - Existing component: normalization, Strategy 5, utility=0.2016
2025-08-20 16:46:01,535 - INFO - evaluate_interventions1_runtime_seconds=60.475086
2025-08-20 16:46:02,085 - INFO - Evaluating [2, 1, 1] -- Initial Utility 0.09777350526231014 -- Target Utility 0.05
2025-08-20 16:47:08,239 - INFO - New component: outlier @ 1, Strategy 3, utility=0.0371
2025-08-20 16:47:08,240 - INFO - New component: outlier @ 1, Strategy 6, utility=0.0529
2025-08-20 16:47:08,240 - INFO - New component: outlier @ 2, Strategy 5, utility=0.0656
2025-08-20 16:47:08,240 - INFO - New component: outlier @ 1, Strategy 8, utility=0.0761
2025-08-20 16:47:08,240 - INFO - New component: outlier @ 1, Strategy 7, utility=0.0787
2025-08-20 16:47:08,240 - INFO - New component: outlier @ 2, Strategy 4, utility=0.0826
2025-08-20 16:47:08,240 - INFO - New component: whitespace @ 2, Strategy 1, utility=0.0899
2025-08-20 16:47:08,240 - INFO - New component: outlier @ 1, Strategy 1, utility=0.0916
2025-08-20 16:47:08,240 - INFO - Existing component: missing_value, Strategy 5, utility=0.0994
2025-08-20 16:47:08,240 - INFO - Existing component: missing_value, Strategy 6, utility=0.0995
2025-08-20 16:47:08,240 - INFO - New component: outlier @ 0, Strategy 2, utility=0.1078
2025-08-20 16:47:08,240 - INFO - New component: stopword @ 2, Strategy 1, utility=0.1089
2025-08-20 16:47:08,240 - INFO - Existing component: missing_value, Strategy 3, utility=0.1108
2025-08-20 16:47:08,240 - INFO - Existing component: missing_value, Strategy 9, utility=0.1119
2025-08-20 16:47:08,240 - INFO - Existing component: missing_value, Strategy 8, utility=0.1145
2025-08-20 16:47:08,240 - INFO - Existing component: missing_value, Strategy 1, utility=0.1202
2025-08-20 16:47:08,240 - INFO - New component: punctuation @ 1, Strategy 1, utility=0.1236
2025-08-20 16:47:08,240 - INFO - Existing component: missing_value, Strategy 7, utility=0.1242
2025-08-20 16:47:08,240 - INFO - Existing component: missing_value, Strategy 4, utility=0.1264
2025-08-20 16:47:08,240 - INFO - Existing component: normalization, Strategy 3, utility=0.1636
2025-08-20 16:47:08,240 - INFO - Existing component: normalization, Strategy 2, utility=0.1856
2025-08-20 16:47:08,240 - INFO - Existing component: normalization, Strategy 5, utility=0.1948
2025-08-20 16:47:08,240 - INFO - Existing component: normalization, Strategy 4, utility=0.1998
2025-08-20 16:47:08,240 - INFO - evaluate_interventions1_runtime_seconds=66.155254
2025-08-20 16:47:08,240 - INFO - [OPTIMIZE] Trying combo size k=1
2025-08-20 16:47:08,240 - INFO - [INFO] Running optimistic search with combined interventions...
2025-08-20 16:47:08,240 - INFO - [SEARCH] Trying intervention: outlier → 3
2025-08-20 16:47:08,639 - INFO - [TRY] outlier=3,pipeline: ['missing_value', 'outlier', 'normalization', 'model'], Utility=0.0424, Best=0.0978
2025-08-20 16:47:08,639 - INFO - ✅ Target achieved 🎯
2025-08-20 16:47:08,639 - INFO - required optimistic iterations: 1
2025-08-20 16:47:08,639 - INFO - passing pipeline: order=['missing_value', 'outlier', 'normalization', 'model'], vec=[2, 3, 1, 1]
2025-08-20 16:47:08,639 - INFO - Total iterations so far: 1
2025-08-20 16:47:09,005 - INFO - Evaluating [2, 1, 1] -- Initial Utility 0.11133632721900576 -- Target Utility 0.06
2025-08-20 16:48:11,434 - INFO - New component: outlier @ 2, Strategy 5, utility=0.0564
2025-08-20 16:48:11,435 - INFO - New component: outlier @ 0, Strategy 6, utility=0.0590
2025-08-20 16:48:11,435 - INFO - New component: outlier @ 1, Strategy 3, utility=0.0636
2025-08-20 16:48:11,435 - INFO - New component: outlier @ 1, Strategy 4, utility=0.0649
2025-08-20 16:48:11,435 - INFO - Existing component: missing_value, Strategy 1, utility=0.0736
2025-08-20 16:48:11,435 - INFO - New component: outlier @ 1, Strategy 7, utility=0.0764
2025-08-20 16:48:11,435 - INFO - Existing component: missing_value, Strategy 3, utility=0.0917
2025-08-20 16:48:11,435 - INFO - Existing component: missing_value, Strategy 6, utility=0.0934
2025-08-20 16:48:11,435 - INFO - New component: outlier @ 2, Strategy 2, utility=0.1034
2025-08-20 16:48:11,435 - INFO - Existing component: missing_value, Strategy 8, utility=0.1051
2025-08-20 16:48:11,435 - INFO - Existing component: missing_value, Strategy 7, utility=0.1082
2025-08-20 16:48:11,435 - INFO - New component: stopword @ 2, Strategy 1, utility=0.1127
2025-08-20 16:48:11,435 - INFO - New component: whitespace @ 0, Strategy 1, utility=0.1144
2025-08-20 16:48:11,435 - INFO - Existing component: missing_value, Strategy 5, utility=0.1162
2025-08-20 16:48:11,435 - INFO - New component: outlier @ 2, Strategy 1, utility=0.1182
2025-08-20 16:48:11,435 - INFO - New component: punctuation @ 1, Strategy 1, utility=0.1199
2025-08-20 16:48:11,435 - INFO - Existing component: missing_value, Strategy 4, utility=0.1231
2025-08-20 16:48:11,435 - INFO - New component: outlier @ 0, Strategy 8, utility=0.1245
2025-08-20 16:48:11,435 - INFO - Existing component: missing_value, Strategy 9, utility=0.1289
2025-08-20 16:48:11,435 - INFO - Existing component: normalization, Strategy 3, utility=0.1560
2025-08-20 16:48:11,435 - INFO - Existing component: normalization, Strategy 5, utility=0.1840
2025-08-20 16:48:11,435 - INFO - Existing component: normalization, Strategy 4, utility=0.1953
2025-08-20 16:48:11,435 - INFO - Existing component: normalization, Strategy 2, utility=0.1979
2025-08-20 16:48:11,435 - INFO - evaluate_interventions1_runtime_seconds=62.430587
2025-08-20 16:48:11,435 - INFO - [OPTIMIZE] Trying combo size k=1
2025-08-20 16:48:11,435 - INFO - [INFO] Running optimistic search with combined interventions...
2025-08-20 16:48:11,435 - INFO - [SEARCH] Trying intervention: outlier → 5
2025-08-20 16:48:12,008 - INFO - [TRY] outlier=5,pipeline: ['missing_value', 'normalization', 'outlier', 'model'], Utility=0.0644, Best=0.1113
2025-08-20 16:48:12,008 - INFO - [SEARCH] Trying intervention: outlier → 6
2025-08-20 16:48:12,673 - INFO - [TRY] outlier=6,pipeline: ['missing_value', 'normalization', 'outlier', 'model'], Utility=0.0584, Best=0.0644
2025-08-20 16:48:12,673 - INFO - ✅ Target achieved 🎯
2025-08-20 16:48:12,673 - INFO - required optimistic iterations: 2
2025-08-20 16:48:12,673 - INFO - passing pipeline: order=['missing_value', 'normalization', 'outlier', 'model'], vec=[2, 1, 6, 1]
2025-08-20 16:48:12,673 - INFO - Total iterations so far: 2
