2025-10-09 00:18:09,320 - INFO - Evaluating [1, 1, 1] -- Initial Utility 0.09628150536287333 -- Target Utility 0.05
2025-10-09 00:19:15,826 - INFO - [OPTIMIZE] Trying combo size k=1
2025-10-09 00:19:15,828 - INFO - [INFO] Running optimistic search with combined interventions...
2025-10-09 00:19:15,828 - INFO - [SEARCH] Trying intervention: outlier → 5
2025-10-09 00:19:18,443 - INFO - current utility 0.05215660006071669
2025-10-09 00:19:18,444 - INFO - [TRY] outlier=5,pipeline: {'missing_value': 1.0, 'normalization': 1.0, 'outlier': 5, 'model': 1.0}, Utility=0.05, Best=0.10
2025-10-09 00:19:18,444 - INFO - [SEARCH] Trying intervention: outlier → 6
2025-10-09 00:19:20,852 - INFO - current utility 0.05705519267692734
2025-10-09 00:19:20,852 - INFO - [TRY] outlier=6,pipeline: {'missing_value': 1.0, 'normalization': 1.0, 'outlier': 6, 'model': 1.0}, Utility=0.06, Best=0.05
2025-10-09 00:19:20,852 - INFO - [SEARCH] Trying intervention: outlier → 7
2025-10-09 00:19:22,405 - INFO - current utility 0.0792492697729445
2025-10-09 00:19:22,405 - INFO - [TRY] outlier=7,pipeline: {'missing_value': 1.0, 'normalization': 1.0, 'outlier': 7, 'model': 1.0}, Utility=0.08, Best=0.05
2025-10-09 00:19:22,405 - INFO - [SEARCH] Trying intervention: outlier → 8
2025-10-09 00:19:25,273 - INFO - current utility 0.10514192730359778
2025-10-09 00:19:25,273 - INFO - [TRY] outlier=8,pipeline: {'missing_value': 1.0, 'normalization': 1.0, 'outlier': 8, 'model': 1.0}, Utility=0.11, Best=0.05
2025-10-09 00:19:25,273 - INFO - [SEARCH] Trying intervention: missing_value → 5
2025-10-09 00:19:27,587 - INFO - current utility 0.06343942666459632
2025-10-09 00:19:27,588 - INFO - [TRY] missing_value=5,pipeline: {'missing_value': 5, 'normalization': 1.0, 'outlier': 5, 'model': 1.0}, Utility=0.06, Best=0.05
2025-10-09 00:19:27,588 - INFO - [SEARCH] Trying intervention: missing_value → 8
2025-10-09 00:19:29,554 - INFO - current utility 0.0600303273791276
2025-10-09 00:19:29,556 - INFO - [TRY] missing_value=8,pipeline: {'missing_value': 8, 'normalization': 1.0, 'outlier': 5, 'model': 1.0}, Utility=0.06, Best=0.05
2025-10-09 00:19:29,556 - INFO - [SEARCH] Trying intervention: missing_value → 7
2025-10-09 00:19:31,609 - INFO - current utility 0.055872393778612084
2025-10-09 00:19:31,609 - INFO - [TRY] missing_value=7,pipeline: {'missing_value': 7, 'normalization': 1.0, 'outlier': 5, 'model': 1.0}, Utility=0.06, Best=0.05
2025-10-09 00:19:31,609 - INFO - [SEARCH] Trying intervention: missing_value → 3
2025-10-09 00:19:33,276 - INFO - current utility 0.06321530824445655
2025-10-09 00:19:33,277 - INFO - [TRY] missing_value=3,pipeline: {'missing_value': 3, 'normalization': 1.0, 'outlier': 5, 'model': 1.0}, Utility=0.06, Best=0.05
2025-10-09 00:19:33,278 - INFO - [SEARCH] Trying intervention: deduplication → 1
2025-10-09 00:19:34,989 - INFO - current utility 0.062203193472648716
2025-10-09 00:19:34,989 - INFO - [TRY] deduplication=1,pipeline: {'missing_value': 1.0, 'normalization': 1.0, 'deduplication': 1, 'outlier': 5, 'model': 1.0}, Utility=0.06, Best=0.05
2025-10-09 00:19:34,989 - INFO - [SEARCH] Trying intervention: missing_value → 2
2025-10-09 00:19:36,953 - INFO - current utility 0.055928140683085846
2025-10-09 00:19:36,954 - INFO - [TRY] missing_value=2,pipeline: {'missing_value': 2, 'normalization': 1.0, 'outlier': 5, 'model': 1.0}, Utility=0.06, Best=0.05
2025-10-09 00:19:36,954 - INFO - [SEARCH] Trying intervention: missing_value → 4
2025-10-09 00:19:38,577 - INFO - current utility 0.05518981539664826
2025-10-09 00:19:38,577 - INFO - [TRY] missing_value=4,pipeline: {'missing_value': 4, 'normalization': 1.0, 'outlier': 5, 'model': 1.0}, Utility=0.06, Best=0.05
2025-10-09 00:19:38,577 - INFO - [SEARCH] Trying intervention: swapping → 1
2025-10-09 00:19:40,220 - INFO - current utility 0.05442032518537048
2025-10-09 00:19:40,221 - INFO - [TRY] swapping=1,pipeline: {'missing_value': 4, 'outlier': 5, 'normalization': 1, 'model': 1}, Utility=0.05, Best=0.05
2025-10-09 00:19:40,221 - INFO - [SEARCH] Trying intervention: outlier → 1
2025-10-09 00:19:41,931 - INFO - current utility 0.11307385471941803
2025-10-09 00:19:41,935 - INFO - [TRY] outlier=1,pipeline: {'missing_value': 1.0, 'normalization': 1.0, 'outlier': 1, 'model': 1.0}, Utility=0.11, Best=0.05
2025-10-09 00:19:41,940 - INFO - [SEARCH] Trying intervention: missing_value → 6
2025-10-09 00:19:43,664 - INFO - current utility 0.06328782394412191
2025-10-09 00:19:43,664 - INFO - [TRY] missing_value=6,pipeline: {'missing_value': 6, 'normalization': 1.0, 'outlier': 5, 'model': 1.0}, Utility=0.06, Best=0.05
2025-10-09 00:19:43,664 - INFO - [SEARCH] Trying intervention: missing_value → 9
2025-10-09 00:19:45,268 - INFO - current utility 0.05109334218879738
2025-10-09 00:19:45,268 - INFO - [TRY] missing_value=9,pipeline: {'missing_value': 9, 'normalization': 1.0, 'outlier': 5, 'model': 1.0}, Utility=0.05, Best=0.05
2025-10-09 00:19:45,268 - INFO - ✅ Target achieved 🎯
2025-10-09 00:19:45,268 - INFO - required optimistic iterations: 15
2025-10-09 00:19:45,268 - INFO - passing pipeline: order=['missing_value', 'normalization', 'outlier', 'model'], vec=[9, 1, 5, 1]
2025-10-09 00:19:45,268 - INFO - Total iterations so far: 15
2025-10-09 00:19:45,269 - INFO - pipeline[1. 1. 1.]
2025-10-09 00:19:45,831 - INFO - Evaluating [1, 2, 1] -- Initial Utility 0.1952179217251872 -- Target Utility 0.05
2025-10-09 00:21:14,515 - INFO - [OPTIMIZE] Trying combo size k=1
2025-10-09 00:21:14,516 - INFO - [INFO] Running optimistic search with combined interventions...
2025-10-09 00:21:14,516 - INFO - [SEARCH] Trying intervention: normalization → 1
2025-10-09 00:21:15,998 - INFO - current utility 0.10204471397653722
2025-10-09 00:21:15,998 - INFO - [TRY] normalization=1,pipeline: {'missing_value': 1.0, 'normalization': 1, 'model': 1.0}, Utility=0.10, Best=0.20
2025-10-09 00:21:15,998 - INFO - [SEARCH] Trying intervention: deduplication → 2
2025-10-09 00:21:17,637 - INFO - current utility 0.0001997379556822154
2025-10-09 00:21:17,637 - INFO - [TRY] deduplication=2,pipeline: {'missing_value': 1.0, 'normalization': 1, 'deduplication': 2, 'model': 1.0}, Utility=0.00, Best=0.10
2025-10-09 00:21:17,637 - INFO - ✅ Target achieved 🎯
2025-10-09 00:21:17,637 - INFO - required optimistic iterations: 2
2025-10-09 00:21:17,637 - INFO - passing pipeline: order=['missing_value', 'normalization', 'deduplication', 'model'], vec=[1, 1, 2, 1]
2025-10-09 00:21:17,637 - INFO - Total iterations so far: 2
2025-10-09 00:21:17,639 - INFO - pipeline[1. 2. 1.]
2025-10-09 00:21:18,869 - INFO - Evaluating [1, 3, 1] -- Initial Utility 0.1804288679439045 -- Target Utility 0.05
2025-10-09 00:22:55,355 - INFO - [OPTIMIZE] Trying combo size k=1
2025-10-09 00:22:55,356 - INFO - [INFO] Running optimistic search with combined interventions...
2025-10-09 00:22:55,356 - INFO - [SEARCH] Trying intervention: normalization → 1
2025-10-09 00:22:56,805 - INFO - current utility 0.11876027736693166
2025-10-09 00:22:56,805 - INFO - [TRY] normalization=1,pipeline: {'missing_value': 1.0, 'normalization': 1, 'model': 1.0}, Utility=0.12, Best=0.18
2025-10-09 00:22:56,805 - INFO - [SEARCH] Trying intervention: normalization → 5
2025-10-09 00:22:57,977 - INFO - current utility 0.19856267068578562
2025-10-09 00:22:57,977 - INFO - [TRY] normalization=5,pipeline: {'missing_value': 1.0, 'normalization': 5, 'model': 1.0}, Utility=0.20, Best=0.12
2025-10-09 00:22:57,977 - INFO - [SEARCH] Trying intervention: deduplication → 2
2025-10-09 00:22:59,719 - INFO - current utility -0.0003280831521719507
2025-10-09 00:22:59,719 - INFO - [TRY] deduplication=2,pipeline: {'missing_value': 1.0, 'normalization': 1, 'deduplication': 2, 'model': 1.0}, Utility=-0.00, Best=0.12
2025-10-09 00:22:59,719 - INFO - ✅ Target achieved 🎯
2025-10-09 00:22:59,720 - INFO - required optimistic iterations: 3
2025-10-09 00:22:59,720 - INFO - passing pipeline: order=['missing_value', 'normalization', 'deduplication', 'model'], vec=[1, 1, 2, 1]
2025-10-09 00:22:59,720 - INFO - Total iterations so far: 3
2025-10-09 00:22:59,721 - INFO - pipeline[1. 3. 1.]
2025-10-09 00:23:00,511 - INFO - Evaluating [1, 4, 1] -- Initial Utility 0.20176556588316857 -- Target Utility 0.05
2025-10-09 00:24:18,121 - INFO - [OPTIMIZE] Trying combo size k=1
2025-10-09 00:24:18,124 - INFO - [INFO] Running optimistic search with combined interventions...
2025-10-09 00:24:18,124 - INFO - [SEARCH] Trying intervention: normalization → 1
2025-10-09 00:24:19,705 - INFO - current utility 0.12723860706337145
2025-10-09 00:24:19,705 - INFO - [TRY] normalization=1,pipeline: {'missing_value': 1.0, 'normalization': 1, 'model': 1.0}, Utility=0.13, Best=0.20
2025-10-09 00:24:19,705 - INFO - [SEARCH] Trying intervention: outlier → 3
2025-10-09 00:24:21,085 - INFO - current utility 0.042595511950342474
2025-10-09 00:24:21,086 - INFO - [TRY] outlier=3,pipeline: {'missing_value': 1.0, 'normalization': 1, 'outlier': 3, 'model': 1.0}, Utility=0.04, Best=0.13
2025-10-09 00:24:21,086 - INFO - ✅ Target achieved 🎯
2025-10-09 00:24:21,086 - INFO - required optimistic iterations: 2
2025-10-09 00:24:21,086 - INFO - passing pipeline: order=['missing_value', 'normalization', 'outlier', 'model'], vec=[1, 1, 3, 1]
2025-10-09 00:24:21,086 - INFO - Total iterations so far: 2
2025-10-09 00:24:21,086 - INFO - pipeline[1. 4. 1.]
2025-10-09 00:24:21,885 - INFO - Evaluating [1, 5, 1] -- Initial Utility 0.20352226856935646 -- Target Utility 0.05
2025-10-09 00:25:38,197 - INFO - [OPTIMIZE] Trying combo size k=1
2025-10-09 00:25:38,198 - INFO - [INFO] Running optimistic search with combined interventions...
2025-10-09 00:25:38,199 - INFO - [SEARCH] Trying intervention: normalization → 1
2025-10-09 00:25:40,195 - INFO - current utility 0.07114931376271262
2025-10-09 00:25:40,195 - INFO - [TRY] normalization=1,pipeline: {'missing_value': 1.0, 'normalization': 1, 'model': 1.0}, Utility=0.07, Best=0.20
2025-10-09 00:25:40,195 - INFO - [SEARCH] Trying intervention: outlier → 3
2025-10-09 00:25:41,771 - INFO - current utility 0.04578288903802896
2025-10-09 00:25:41,771 - INFO - [TRY] outlier=3,pipeline: {'missing_value': 1.0, 'normalization': 1, 'outlier': 3, 'model': 1.0}, Utility=0.05, Best=0.07
2025-10-09 00:25:41,771 - INFO - ✅ Target achieved 🎯
2025-10-09 00:25:41,771 - INFO - required optimistic iterations: 2
2025-10-09 00:25:41,771 - INFO - passing pipeline: order=['missing_value', 'normalization', 'outlier', 'model'], vec=[1, 1, 3, 1]
2025-10-09 00:25:41,771 - INFO - Total iterations so far: 2
2025-10-09 00:25:41,771 - INFO - pipeline[1. 5. 1.]
2025-10-09 00:25:43,310 - INFO - Evaluating [2, 1, 1] -- Initial Utility 0.09590469165662101 -- Target Utility 0.05
