2025-10-07 20:13:58,410 - INFO - Evaluating [1, 1, 1] -- Initial Utility 0.09486780715396581 -- Target Utility 0.06
2025-10-07 20:14:09,379 - INFO - [OPTIMIZE] Trying combo size k=1
2025-10-07 20:14:09,379 - INFO - [INFO] Running optimistic search with combined interventions...
2025-10-07 20:14:09,379 - INFO - [SEARCH] Trying intervention: outlier → 2
2025-10-07 20:14:09,502 - INFO - current utility 0.060194174757281504
2025-10-07 20:14:09,502 - INFO - [TRY] outlier=2,pipeline: {'missing_value': 1.0, 'normalization': 1.0, 'outlier': 2, 'model': 1.0}, Utility=0.0602, Best=0.0949
2025-10-07 20:14:09,502 - INFO - ✅ Target achieved 🎯
2025-10-07 20:14:09,502 - INFO - required optimistic iterations: 1
2025-10-07 20:14:09,502 - INFO - passing pipeline: order=['missing_value', 'normalization', 'outlier', 'model'], vec=[1, 1, 2, 1]
2025-10-07 20:14:09,502 - INFO - Total iterations so far: 1
2025-10-07 20:14:09,502 - INFO - pipeline[1. 1. 1.]
2025-10-07 20:14:09,552 - INFO - Evaluating [1, 2, 1] -- Initial Utility 0.0964230171073095 -- Target Utility 0.06
2025-10-07 20:14:20,302 - INFO - [OPTIMIZE] Trying combo size k=1
2025-10-07 20:14:20,302 - INFO - [INFO] Running optimistic search with combined interventions...
2025-10-07 20:14:20,302 - INFO - [SEARCH] Trying intervention: outlier → 2
2025-10-07 20:14:20,425 - INFO - current utility 0.060194174757281504
2025-10-07 20:14:20,425 - INFO - [TRY] outlier=2,pipeline: {'missing_value': 1.0, 'normalization': 2.0, 'outlier': 2, 'model': 1.0}, Utility=0.0602, Best=0.0964
2025-10-07 20:14:20,425 - INFO - ✅ Target achieved 🎯
2025-10-07 20:14:20,425 - INFO - required optimistic iterations: 1
2025-10-07 20:14:20,425 - INFO - passing pipeline: order=['missing_value', 'normalization', 'outlier', 'model'], vec=[1, 2, 2, 1]
2025-10-07 20:14:20,425 - INFO - Total iterations so far: 1
2025-10-07 20:14:20,425 - INFO - pipeline[1. 2. 1.]
2025-10-07 20:14:20,476 - INFO - Evaluating [1, 3, 1] -- Initial Utility 0.09486780715396581 -- Target Utility 0.06
2025-10-07 20:14:31,327 - INFO - [OPTIMIZE] Trying combo size k=1
2025-10-07 20:14:31,327 - INFO - [INFO] Running optimistic search with combined interventions...
2025-10-07 20:14:31,327 - INFO - [SEARCH] Trying intervention: outlier → 2
2025-10-07 20:14:31,449 - INFO - current utility 0.060194174757281504
2025-10-07 20:14:31,449 - INFO - [TRY] outlier=2,pipeline: {'missing_value': 1.0, 'normalization': 3.0, 'outlier': 2, 'model': 1.0}, Utility=0.0602, Best=0.0949
2025-10-07 20:14:31,449 - INFO - ✅ Target achieved 🎯
2025-10-07 20:14:31,449 - INFO - required optimistic iterations: 1
2025-10-07 20:14:31,449 - INFO - passing pipeline: order=['missing_value', 'normalization', 'outlier', 'model'], vec=[1, 3, 2, 1]
2025-10-07 20:14:31,449 - INFO - Total iterations so far: 1
2025-10-07 20:14:31,449 - INFO - pipeline[1. 3. 1.]
2025-10-07 20:14:31,500 - INFO - Evaluating [1, 4, 1] -- Initial Utility 0.09486780715396581 -- Target Utility 0.06
2025-10-07 20:14:42,204 - INFO - [OPTIMIZE] Trying combo size k=1
2025-10-07 20:14:42,204 - INFO - [INFO] Running optimistic search with combined interventions...
2025-10-07 20:14:42,204 - INFO - [SEARCH] Trying intervention: outlier → 2
2025-10-07 20:14:42,327 - INFO - current utility 0.060194174757281504
2025-10-07 20:14:42,327 - INFO - [TRY] outlier=2,pipeline: {'missing_value': 1.0, 'normalization': 4.0, 'outlier': 2, 'model': 1.0}, Utility=0.0602, Best=0.0949
2025-10-07 20:14:42,327 - INFO - ✅ Target achieved 🎯
2025-10-07 20:14:42,327 - INFO - required optimistic iterations: 1
2025-10-07 20:14:42,327 - INFO - passing pipeline: order=['missing_value', 'normalization', 'outlier', 'model'], vec=[1, 4, 2, 1]
2025-10-07 20:14:42,327 - INFO - Total iterations so far: 1
2025-10-07 20:14:42,327 - INFO - pipeline[1. 4. 1.]
2025-10-07 20:14:42,378 - INFO - Evaluating [1, 5, 1] -- Initial Utility 0.09486780715396581 -- Target Utility 0.06
2025-10-07 20:14:53,248 - INFO - [OPTIMIZE] Trying combo size k=1
2025-10-07 20:14:53,248 - INFO - [INFO] Running optimistic search with combined interventions...
2025-10-07 20:14:53,248 - INFO - [SEARCH] Trying intervention: outlier → 2
2025-10-07 20:14:53,371 - INFO - current utility 0.060194174757281504
2025-10-07 20:14:53,371 - INFO - [TRY] outlier=2,pipeline: {'missing_value': 1.0, 'normalization': 5.0, 'outlier': 2, 'model': 1.0}, Utility=0.0602, Best=0.0949
2025-10-07 20:14:53,371 - INFO - ✅ Target achieved 🎯
2025-10-07 20:14:53,371 - INFO - required optimistic iterations: 1
2025-10-07 20:14:53,371 - INFO - passing pipeline: order=['missing_value', 'normalization', 'outlier', 'model'], vec=[1, 5, 2, 1]
2025-10-07 20:14:53,371 - INFO - Total iterations so far: 1
2025-10-07 20:14:53,371 - INFO - pipeline[1. 5. 1.]
2025-10-07 20:14:53,424 - INFO - Evaluating [2, 1, 1] -- Initial Utility 0.09486780715396581 -- Target Utility 0.06
2025-10-07 20:15:04,139 - INFO - [OPTIMIZE] Trying combo size k=1
2025-10-07 20:15:04,139 - INFO - [INFO] Running optimistic search with combined interventions...
2025-10-07 20:15:04,139 - INFO - [SEARCH] Trying intervention: outlier → 2
2025-10-07 20:15:04,263 - INFO - current utility 0.060194174757281504
2025-10-07 20:15:04,263 - INFO - [TRY] outlier=2,pipeline: {'missing_value': 2.0, 'normalization': 1.0, 'outlier': 2, 'model': 1.0}, Utility=0.0602, Best=0.0949
2025-10-07 20:15:04,263 - INFO - ✅ Target achieved 🎯
2025-10-07 20:15:04,263 - INFO - required optimistic iterations: 1
2025-10-07 20:15:04,263 - INFO - passing pipeline: order=['missing_value', 'normalization', 'outlier', 'model'], vec=[2, 1, 2, 1]
2025-10-07 20:15:04,263 - INFO - Total iterations so far: 1
2025-10-07 20:15:04,263 - INFO - pipeline[2. 1. 1.]
2025-10-07 20:15:04,314 - INFO - Evaluating [2, 2, 1] -- Initial Utility 0.0964230171073095 -- Target Utility 0.06
2025-10-07 20:15:15,075 - INFO - [OPTIMIZE] Trying combo size k=1
2025-10-07 20:15:15,075 - INFO - [INFO] Running optimistic search with combined interventions...
2025-10-07 20:15:15,075 - INFO - [SEARCH] Trying intervention: outlier → 2
2025-10-07 20:15:15,197 - INFO - current utility 0.060194174757281504
2025-10-07 20:15:15,197 - INFO - [TRY] outlier=2,pipeline: {'missing_value': 2.0, 'normalization': 2.0, 'outlier': 2, 'model': 1.0}, Utility=0.0602, Best=0.0964
2025-10-07 20:15:15,197 - INFO - ✅ Target achieved 🎯
2025-10-07 20:15:15,197 - INFO - required optimistic iterations: 1
2025-10-07 20:15:15,197 - INFO - passing pipeline: order=['missing_value', 'normalization', 'outlier', 'model'], vec=[2, 2, 2, 1]
2025-10-07 20:15:15,197 - INFO - Total iterations so far: 1
2025-10-07 20:15:15,197 - INFO - pipeline[2. 2. 1.]
2025-10-07 20:15:15,249 - INFO - Evaluating [2, 3, 1] -- Initial Utility 0.09486780715396581 -- Target Utility 0.06
2025-10-07 20:15:26,006 - INFO - [OPTIMIZE] Trying combo size k=1
2025-10-07 20:15:26,006 - INFO - [INFO] Running optimistic search with combined interventions...
2025-10-07 20:15:26,006 - INFO - [SEARCH] Trying intervention: outlier → 2
2025-10-07 20:15:26,129 - INFO - current utility 0.060194174757281504
2025-10-07 20:15:26,129 - INFO - [TRY] outlier=2,pipeline: {'missing_value': 2.0, 'normalization': 3.0, 'outlier': 2, 'model': 1.0}, Utility=0.0602, Best=0.0949
2025-10-07 20:15:26,129 - INFO - ✅ Target achieved 🎯
2025-10-07 20:15:26,129 - INFO - required optimistic iterations: 1
2025-10-07 20:15:26,129 - INFO - passing pipeline: order=['missing_value', 'normalization', 'outlier', 'model'], vec=[2, 3, 2, 1]
2025-10-07 20:15:26,129 - INFO - Total iterations so far: 1
2025-10-07 20:15:26,129 - INFO - pipeline[2. 3. 1.]
2025-10-07 20:15:26,180 - INFO - Evaluating [2, 4, 1] -- Initial Utility 0.09486780715396581 -- Target Utility 0.06
2025-10-07 20:15:37,300 - INFO - [OPTIMIZE] Trying combo size k=1
2025-10-07 20:15:37,300 - INFO - [INFO] Running optimistic search with combined interventions...
2025-10-07 20:15:37,300 - INFO - [SEARCH] Trying intervention: outlier → 2
2025-10-07 20:15:37,425 - INFO - current utility 0.060194174757281504
2025-10-07 20:15:37,425 - INFO - [TRY] outlier=2,pipeline: {'missing_value': 2.0, 'normalization': 4.0, 'outlier': 2, 'model': 1.0}, Utility=0.0602, Best=0.0949
2025-10-07 20:15:37,425 - INFO - ✅ Target achieved 🎯
2025-10-07 20:15:37,425 - INFO - required optimistic iterations: 1
2025-10-07 20:15:37,425 - INFO - passing pipeline: order=['missing_value', 'normalization', 'outlier', 'model'], vec=[2, 4, 2, 1]
2025-10-07 20:15:37,425 - INFO - Total iterations so far: 1
2025-10-07 20:15:37,425 - INFO - pipeline[2. 4. 1.]
2025-10-07 20:15:37,477 - INFO - Evaluating [2, 5, 1] -- Initial Utility 0.09486780715396581 -- Target Utility 0.06
2025-10-07 20:15:48,438 - INFO - [OPTIMIZE] Trying combo size k=1
2025-10-07 20:15:48,438 - INFO - [INFO] Running optimistic search with combined interventions...
2025-10-07 20:15:48,438 - INFO - [SEARCH] Trying intervention: outlier → 2
2025-10-07 20:15:48,571 - INFO - current utility 0.060194174757281504
2025-10-07 20:15:48,571 - INFO - [TRY] outlier=2,pipeline: {'missing_value': 2.0, 'normalization': 5.0, 'outlier': 2, 'model': 1.0}, Utility=0.0602, Best=0.0949
2025-10-07 20:15:48,571 - INFO - ✅ Target achieved 🎯
2025-10-07 20:15:48,571 - INFO - required optimistic iterations: 1
2025-10-07 20:15:48,571 - INFO - passing pipeline: order=['missing_value', 'normalization', 'outlier', 'model'], vec=[2, 5, 2, 1]
2025-10-07 20:15:48,571 - INFO - Total iterations so far: 1
2025-10-07 20:15:48,571 - INFO - pipeline[2. 5. 1.]
2025-10-07 20:15:48,629 - INFO - Evaluating [3, 1, 1] -- Initial Utility 0.09486780715396581 -- Target Utility 0.06
2025-10-07 20:15:59,564 - INFO - [OPTIMIZE] Trying combo size k=1
2025-10-07 20:15:59,564 - INFO - [INFO] Running optimistic search with combined interventions...
2025-10-07 20:15:59,564 - INFO - [SEARCH] Trying intervention: outlier → 2
2025-10-07 20:15:59,689 - INFO - current utility 0.060194174757281504
2025-10-07 20:15:59,689 - INFO - [TRY] outlier=2,pipeline: {'missing_value': 3.0, 'normalization': 1.0, 'outlier': 2, 'model': 1.0}, Utility=0.0602, Best=0.0949
2025-10-07 20:15:59,689 - INFO - ✅ Target achieved 🎯
2025-10-07 20:15:59,689 - INFO - required optimistic iterations: 1
2025-10-07 20:15:59,689 - INFO - passing pipeline: order=['missing_value', 'normalization', 'outlier', 'model'], vec=[3, 1, 2, 1]
2025-10-07 20:15:59,689 - INFO - Total iterations so far: 1
2025-10-07 20:15:59,689 - INFO - pipeline[3. 1. 1.]
2025-10-07 20:15:59,741 - INFO - Evaluating [3, 2, 1] -- Initial Utility 0.0964230171073095 -- Target Utility 0.06
2025-10-07 20:16:10,682 - INFO - [OPTIMIZE] Trying combo size k=1
2025-10-07 20:16:10,683 - INFO - [INFO] Running optimistic search with combined interventions...
2025-10-07 20:16:10,683 - INFO - [SEARCH] Trying intervention: outlier → 2
2025-10-07 20:16:10,806 - INFO - current utility 0.060194174757281504
2025-10-07 20:16:10,806 - INFO - [TRY] outlier=2,pipeline: {'missing_value': 3.0, 'normalization': 2.0, 'outlier': 2, 'model': 1.0}, Utility=0.0602, Best=0.0964
2025-10-07 20:16:10,806 - INFO - ✅ Target achieved 🎯
2025-10-07 20:16:10,806 - INFO - required optimistic iterations: 1
2025-10-07 20:16:10,806 - INFO - passing pipeline: order=['missing_value', 'normalization', 'outlier', 'model'], vec=[3, 2, 2, 1]
2025-10-07 20:16:10,806 - INFO - Total iterations so far: 1
2025-10-07 20:16:10,806 - INFO - pipeline[3. 2. 1.]
2025-10-07 20:16:10,857 - INFO - Evaluating [3, 3, 1] -- Initial Utility 0.09486780715396581 -- Target Utility 0.06
2025-10-07 20:16:21,701 - INFO - [OPTIMIZE] Trying combo size k=1
2025-10-07 20:16:21,701 - INFO - [INFO] Running optimistic search with combined interventions...
2025-10-07 20:16:21,701 - INFO - [SEARCH] Trying intervention: outlier → 2
2025-10-07 20:16:21,825 - INFO - current utility 0.060194174757281504
2025-10-07 20:16:21,825 - INFO - [TRY] outlier=2,pipeline: {'missing_value': 3.0, 'normalization': 3.0, 'outlier': 2, 'model': 1.0}, Utility=0.0602, Best=0.0949
2025-10-07 20:16:21,825 - INFO - ✅ Target achieved 🎯
2025-10-07 20:16:21,825 - INFO - required optimistic iterations: 1
2025-10-07 20:16:21,825 - INFO - passing pipeline: order=['missing_value', 'normalization', 'outlier', 'model'], vec=[3, 3, 2, 1]
2025-10-07 20:16:21,825 - INFO - Total iterations so far: 1
2025-10-07 20:16:21,825 - INFO - pipeline[3. 3. 1.]
2025-10-07 20:16:21,877 - INFO - Evaluating [3, 4, 1] -- Initial Utility 0.09486780715396581 -- Target Utility 0.06
