2025-06-17 23:31:15,725 - INFO - original order: ['missing_value', 'normalization', 'model']
2025-06-17 23:31:15,725 - INFO - Initial Pipeline: [6, 1, 1]
2025-06-17 23:31:44,150 - INFO - Initial Utility: 0.05780811434205889
2025-06-17 23:31:44,150 - INFO - New component: outlier
2025-06-17 23:32:41,586 - INFO - profile for passing: [[4.42944119e+03 1.05269173e+05 4.03165787e+03 6.69862701e+03
  1.04563104e+03 1.51752998e+03 1.51891350e+03 3.44649230e+05
  5.80390182e+03 6.92983800e+02 3.30954380e+02 3.16906540e+02
  1.85145353e+05 2.56991608e+05 2.02321000e+00 2.40820000e-01
  1.96270000e-01]]
2025-06-17 23:32:41,586 - INFO - profile for failing: [[2.11418863e+03 5.22794579e+04 1.96701390e+03 3.39124845e+03
  5.71818210e+02 7.29929870e+02 7.69975120e+02 1.68382365e+05
  2.97001850e+03 3.31192450e+02 1.61440900e+02 1.67766700e+02
  2.32602785e+05 1.25907027e+05 2.00332000e+00 2.36230000e-01
  1.90980000e-01]]
2025-06-17 23:32:41,587 - INFO - New pipeline: ['missing_value', 'outlier', 'normalization', 'model'] and new configuration: [6, 1, 1, 1]
2025-06-17 23:32:41,587 - INFO - similarity is - 0.9111757295288584, Utility is - 0.05772059027187429
2025-06-17 23:33:39,314 - INFO - profile for passing: [[4.42944119e+03 1.05269173e+05 4.03165787e+03 6.69862701e+03
  1.04563104e+03 1.51752998e+03 1.51891350e+03 3.44649230e+05
  5.80390182e+03 6.92983800e+02 3.30954380e+02 3.16906540e+02
  1.85145353e+05 2.56991608e+05 2.02321000e+00 2.40820000e-01
  1.96270000e-01]]
2025-06-17 23:33:39,314 - INFO - profile for failing: [[2.11418863e+03 5.22794579e+04 1.96701390e+03 3.39124845e+03
  5.71818210e+02 7.29929870e+02 7.69975120e+02 1.68382365e+05
  2.97001850e+03 3.31192450e+02 1.61440900e+02 1.67766700e+02
  2.32602785e+05 1.25907027e+05 2.00332000e+00 2.36230000e-01
  1.90980000e-01]]
2025-06-17 23:33:39,314 - INFO - New pipeline: ['missing_value', 'normalization', 'outlier', 'model'] and new configuration: [6, 1, 1, 1]
2025-06-17 23:33:39,314 - INFO - similarity is - 0.9111757295288584, Utility is - 0.05772059027187429
2025-06-17 23:34:27,080 - INFO - profile for passing: [[3.15744365e+03 9.61835830e+04 3.02643394e+03 5.18322870e+03
  6.92439860e+02 1.20128411e+03 3.10474960e+02 3.64846509e+05
  4.58781682e+03 6.88900590e+02 1.72954300e+02 2.37204660e+02
  1.82286214e+05 2.32071303e+05 2.48328000e+00 1.96780000e-01
  2.04520000e-01]]
2025-06-17 23:34:27,080 - INFO - profile for failing: [[2.11418863e+03 5.22794579e+04 1.96701390e+03 3.39124845e+03
  5.71818210e+02 7.29929870e+02 7.69975120e+02 1.68382365e+05
  2.97001850e+03 3.31192450e+02 1.61440900e+02 1.67766700e+02
  2.32602785e+05 1.25907027e+05 2.00332000e+00 2.36230000e-01
  1.90980000e-01]]
2025-06-17 23:34:27,081 - INFO - New pipeline: ['missing_value', 'outlier', 'normalization', 'model'] and new configuration: [6, 2, 1, 1]
2025-06-17 23:34:27,081 - INFO - similarity is - 0.9068879750301538, Utility is - 0.08024657645913924
2025-06-17 23:35:25,564 - INFO - profile for passing: [[3.15744365e+03 9.61835830e+04 3.02643394e+03 5.18322870e+03
  6.92439860e+02 1.20128411e+03 3.10474960e+02 3.64846509e+05
  4.58781682e+03 6.88900590e+02 1.72954300e+02 2.37204660e+02
  1.82286214e+05 2.32071303e+05 2.48328000e+00 1.96780000e-01
  2.04520000e-01]]
2025-06-17 23:35:25,564 - INFO - profile for failing: [[2.11418863e+03 5.22794579e+04 1.96701390e+03 3.39124845e+03
  5.71818210e+02 7.29929870e+02 7.69975120e+02 1.68382365e+05
  2.97001850e+03 3.31192450e+02 1.61440900e+02 1.67766700e+02
  2.32602785e+05 1.25907027e+05 2.00332000e+00 2.36230000e-01
  1.90980000e-01]]
2025-06-17 23:35:25,565 - INFO - New pipeline: ['missing_value', 'normalization', 'outlier', 'model'] and new configuration: [6, 1, 2, 1]
2025-06-17 23:35:25,565 - INFO - similarity is - 0.9068879750301538, Utility is - 0.08024657645913924
2025-06-17 23:36:10,927 - INFO - profile for passing: [[3.26632724e+03 7.99422581e+04 2.99904224e+03 5.15436297e+03
  8.07939780e+02 1.14774390e+03 1.14194533e+03 3.27969657e+05
  4.50067072e+03 5.01776930e+02 2.51978720e+02 2.41441920e+02
  1.47471346e+05 2.07580945e+05 2.09847000e+00 1.84310000e-01
  1.99100000e-01]]
2025-06-17 23:36:10,927 - INFO - profile for failing: [[2.11418863e+03 5.22794579e+04 1.96701390e+03 3.39124845e+03
  5.71818210e+02 7.29929870e+02 7.69975120e+02 1.68382365e+05
  2.97001850e+03 3.31192450e+02 1.61440900e+02 1.67766700e+02
  2.32602785e+05 1.25907027e+05 2.00332000e+00 2.36230000e-01
  1.90980000e-01]]
2025-06-17 23:36:10,928 - INFO - New pipeline: ['missing_value', 'outlier', 'normalization', 'model'] and new configuration: [6, 3, 1, 1]
2025-06-17 23:36:10,928 - INFO - similarity is - 0.8916584652129812, Utility is - 0.05796247910738733
2025-06-17 23:37:08,413 - INFO - profile for passing: [[3.26632724e+03 7.99422581e+04 2.99904224e+03 5.15436297e+03
  8.07939780e+02 1.14774390e+03 1.14194533e+03 3.27969657e+05
  4.50067072e+03 5.01776930e+02 2.51978720e+02 2.41441920e+02
  1.47471346e+05 2.07580945e+05 2.09847000e+00 1.84310000e-01
  1.99100000e-01]]
2025-06-17 23:37:08,413 - INFO - profile for failing: [[2.11418863e+03 5.22794579e+04 1.96701390e+03 3.39124845e+03
  5.71818210e+02 7.29929870e+02 7.69975120e+02 1.68382365e+05
  2.97001850e+03 3.31192450e+02 1.61440900e+02 1.67766700e+02
  2.32602785e+05 1.25907027e+05 2.00332000e+00 2.36230000e-01
  1.90980000e-01]]
2025-06-17 23:37:08,413 - INFO - New pipeline: ['missing_value', 'normalization', 'outlier', 'model'] and new configuration: [6, 1, 3, 1]
2025-06-17 23:37:08,413 - INFO - similarity is - 0.8916584652129812, Utility is - 0.05796247910738733
2025-06-17 23:38:01,587 - INFO - profile for passing: [[4.04357684e+03 9.95721570e+04 3.76798966e+03 6.36002791e+03
  9.89467510e+02 1.39726922e+03 1.35879509e+03 3.59112081e+05
  5.52346507e+03 6.02668770e+02 3.20794570e+02 3.07334320e+02
  1.73923943e+05 2.48871924e+05 2.04387000e+00 2.24290000e-01
  1.95900000e-01]]
2025-06-17 23:38:01,587 - INFO - profile for failing: [[2.11418863e+03 5.22794579e+04 1.96701390e+03 3.39124845e+03
  5.71818210e+02 7.29929870e+02 7.69975120e+02 1.68382365e+05
  2.97001850e+03 3.31192450e+02 1.61440900e+02 1.67766700e+02
  2.32602785e+05 1.25907027e+05 2.00332000e+00 2.36230000e-01
  1.90980000e-01]]
2025-06-17 23:38:01,588 - INFO - New pipeline: ['missing_value', 'outlier', 'normalization', 'model'] and new configuration: [6, 4, 1, 1]
2025-06-17 23:38:01,588 - INFO - similarity is - 0.8996738769103736, Utility is - 0.057734846556725755
2025-06-17 23:38:58,669 - INFO - profile for passing: [[4.04357684e+03 9.95721570e+04 3.76798966e+03 6.36002791e+03
  9.89467510e+02 1.39726922e+03 1.35879509e+03 3.59112081e+05
  5.52346507e+03 6.02668770e+02 3.20794570e+02 3.07334320e+02
  1.73923943e+05 2.48871924e+05 2.04387000e+00 2.24290000e-01
  1.95900000e-01]]
2025-06-17 23:38:58,669 - INFO - profile for failing: [[2.11418863e+03 5.22794579e+04 1.96701390e+03 3.39124845e+03
  5.71818210e+02 7.29929870e+02 7.69975120e+02 1.68382365e+05
  2.97001850e+03 3.31192450e+02 1.61440900e+02 1.67766700e+02
  2.32602785e+05 1.25907027e+05 2.00332000e+00 2.36230000e-01
  1.90980000e-01]]
2025-06-17 23:38:58,670 - INFO - New pipeline: ['missing_value', 'normalization', 'outlier', 'model'] and new configuration: [6, 1, 4, 1]
2025-06-17 23:38:58,670 - INFO - similarity is - 0.8996738769103736, Utility is - 0.057734846556725755
2025-06-17 23:39:53,874 - INFO - profile for passing: [[4.18595513e+03 1.03324066e+05 3.83476214e+03 6.42651473e+03
  9.76057300e+02 1.42369387e+03 1.13263639e+03 3.38007262e+05
  5.57349822e+03 5.92290850e+02 3.27858070e+02 3.01949330e+02
  1.77591725e+05 2.48405832e+05 2.02025000e+00 2.27760000e-01
  1.93440000e-01]]
2025-06-17 23:39:53,874 - INFO - profile for failing: [[2.11418863e+03 5.22794579e+04 1.96701390e+03 3.39124845e+03
  5.71818210e+02 7.29929870e+02 7.69975120e+02 1.68382365e+05
  2.97001850e+03 3.31192450e+02 1.61440900e+02 1.67766700e+02
  2.32602785e+05 1.25907027e+05 2.00332000e+00 2.36230000e-01
  1.90980000e-01]]
2025-06-17 23:39:53,874 - INFO - New pipeline: ['missing_value', 'outlier', 'normalization', 'model'] and new configuration: [6, 5, 1, 1]
2025-06-17 23:39:53,874 - INFO - similarity is - 0.9086079600736665, Utility is - 0.05514812325883432
2025-06-17 23:40:50,951 - INFO - profile for passing: [[4.18595513e+03 1.03324066e+05 3.83476214e+03 6.42651473e+03
  9.76057300e+02 1.42369387e+03 1.13263639e+03 3.38007262e+05
  5.57349822e+03 5.92290850e+02 3.27858070e+02 3.01949330e+02
  1.77591725e+05 2.48405832e+05 2.02025000e+00 2.27760000e-01
  1.93440000e-01]]
2025-06-17 23:40:50,952 - INFO - profile for failing: [[2.11418863e+03 5.22794579e+04 1.96701390e+03 3.39124845e+03
  5.71818210e+02 7.29929870e+02 7.69975120e+02 1.68382365e+05
  2.97001850e+03 3.31192450e+02 1.61440900e+02 1.67766700e+02
  2.32602785e+05 1.25907027e+05 2.00332000e+00 2.36230000e-01
  1.90980000e-01]]
2025-06-17 23:40:50,952 - INFO - New pipeline: ['missing_value', 'normalization', 'outlier', 'model'] and new configuration: [6, 1, 5, 1]
2025-06-17 23:40:50,952 - INFO - similarity is - 0.9086079600736665, Utility is - 0.05514812325883432
2025-06-17 23:41:45,612 - INFO - profile for passing: [[4.06031425e+03 1.04126371e+05 3.77651678e+03 6.37833132e+03
  9.73504390e+02 1.41438419e+03 7.47353880e+02 3.29846115e+05
  5.54461384e+03 5.66503460e+02 3.11653370e+02 3.01538420e+02
  1.76340591e+05 2.45651203e+05 2.00853000e+00 2.23370000e-01
  1.92090000e-01]]
2025-06-17 23:41:45,612 - INFO - profile for failing: [[2.11418863e+03 5.22794579e+04 1.96701390e+03 3.39124845e+03
  5.71818210e+02 7.29929870e+02 7.69975120e+02 1.68382365e+05
  2.97001850e+03 3.31192450e+02 1.61440900e+02 1.67766700e+02
  2.32602785e+05 1.25907027e+05 2.00332000e+00 2.36230000e-01
  1.90980000e-01]]
2025-06-17 23:41:45,612 - INFO - New pipeline: ['missing_value', 'outlier', 'normalization', 'model'] and new configuration: [6, 6, 1, 1]
2025-06-17 23:41:45,612 - INFO - similarity is - 0.9102450597726931, Utility is - 0.05118180665889373
2025-06-17 23:42:42,516 - INFO - profile for passing: [[4.06031425e+03 1.04126371e+05 3.77651678e+03 6.37833132e+03
  9.73504390e+02 1.41438419e+03 7.47353880e+02 3.29846115e+05
  5.54461384e+03 5.66503460e+02 3.11653370e+02 3.01538420e+02
  1.76340591e+05 2.45651203e+05 2.00853000e+00 2.23370000e-01
  1.92090000e-01]]
2025-06-17 23:42:42,517 - INFO - profile for failing: [[2.11418863e+03 5.22794579e+04 1.96701390e+03 3.39124845e+03
  5.71818210e+02 7.29929870e+02 7.69975120e+02 1.68382365e+05
  2.97001850e+03 3.31192450e+02 1.61440900e+02 1.67766700e+02
  2.32602785e+05 1.25907027e+05 2.00332000e+00 2.36230000e-01
  1.90980000e-01]]
2025-06-17 23:42:42,517 - INFO - New pipeline: ['missing_value', 'normalization', 'outlier', 'model'] and new configuration: [6, 1, 6, 1]
2025-06-17 23:42:42,517 - INFO - similarity is - 0.9102450597726931, Utility is - 0.05118180665889373
2025-06-17 23:43:35,902 - INFO - profile for passing: [[3.96508382e+03 1.03636335e+05 3.64928240e+03 6.18856871e+03
  9.25540510e+02 1.37054539e+03 3.45973320e+02 3.22889899e+05
  5.37567813e+03 5.23334520e+02 2.94680680e+02 2.94474280e+02
  1.72756499e+05 2.39448122e+05 1.98558000e+00 2.14960000e-01
  1.89250000e-01]]
2025-06-17 23:43:35,902 - INFO - profile for failing: [[2.11418863e+03 5.22794579e+04 1.96701390e+03 3.39124845e+03
  5.71818210e+02 7.29929870e+02 7.69975120e+02 1.68382365e+05
  2.97001850e+03 3.31192450e+02 1.61440900e+02 1.67766700e+02
  2.32602785e+05 1.25907027e+05 2.00332000e+00 2.36230000e-01
  1.90980000e-01]]
2025-06-17 23:43:35,902 - INFO - New pipeline: ['missing_value', 'outlier', 'normalization', 'model'] and new configuration: [6, 7, 1, 1]
2025-06-17 23:43:35,902 - INFO - similarity is - 0.9103974741622781, Utility is - 0.04063694148408167
2025-06-17 23:44:34,520 - INFO - profile for passing: [[3.96508382e+03 1.03636335e+05 3.64928240e+03 6.18856871e+03
  9.25540510e+02 1.37054539e+03 3.45973320e+02 3.22889899e+05
  5.37567813e+03 5.23334520e+02 2.94680680e+02 2.94474280e+02
  1.72756499e+05 2.39448122e+05 1.98558000e+00 2.14960000e-01
  1.89250000e-01]]
2025-06-17 23:44:34,520 - INFO - profile for failing: [[2.11418863e+03 5.22794579e+04 1.96701390e+03 3.39124845e+03
  5.71818210e+02 7.29929870e+02 7.69975120e+02 1.68382365e+05
  2.97001850e+03 3.31192450e+02 1.61440900e+02 1.67766700e+02
  2.32602785e+05 1.25907027e+05 2.00332000e+00 2.36230000e-01
  1.90980000e-01]]
2025-06-17 23:44:34,521 - INFO - New pipeline: ['missing_value', 'normalization', 'outlier', 'model'] and new configuration: [6, 1, 7, 1]
2025-06-17 23:44:34,521 - INFO - similarity is - 0.9103974741622781, Utility is - 0.04063694148408167
