2025-07-29 00:37:38,203 - INFO - first loop iter_size = 0
2025-07-29 00:43:02,385 - INFO - original order: ['missing_value', 'normalization', 'model']
2025-07-29 00:43:02,385 - INFO - Initial Pipeline: [1.0, 1.0, 1.0]
2025-07-29 00:43:26,580 - INFO - Initial Utility: 0.05890059639151461
2025-07-29 00:43:26,580 - INFO - New component: outlier
2025-07-29 00:44:13,351 - INFO - New pipeline: ['missing_value', 'normalization', 'outlier', 'model'] and new configuration: [1.0, 1.0, 1, 1.0]
2025-07-29 00:44:13,352 - INFO - Similarity: None, Utility: 0.06068448365422999
2025-07-29 00:45:00,252 - INFO - New pipeline: ['missing_value', 'normalization', 'outlier', 'model'] and new configuration: [1.0, 1.0, 2, 1.0]
2025-07-29 00:45:00,252 - INFO - Similarity: None, Utility: 0.08033344236328756
2025-07-29 00:45:47,202 - INFO - New pipeline: ['missing_value', 'normalization', 'outlier', 'model'] and new configuration: [1.0, 1.0, 3, 1.0]
2025-07-29 00:45:47,202 - INFO - Similarity: None, Utility: 0.0720722461103146
2025-07-29 00:46:34,132 - INFO - New pipeline: ['missing_value', 'normalization', 'outlier', 'model'] and new configuration: [1.0, 1.0, 4, 1.0]
2025-07-29 00:46:34,132 - INFO - Similarity: None, Utility: 0.05715642980914948
2025-07-29 00:47:20,780 - INFO - New pipeline: ['missing_value', 'normalization', 'outlier', 'model'] and new configuration: [1.0, 1.0, 5, 1.0]
2025-07-29 00:47:20,780 - INFO - Similarity: None, Utility: 0.05680941662008229
2025-07-29 00:48:07,641 - INFO - New pipeline: ['missing_value', 'normalization', 'outlier', 'model'] and new configuration: [1.0, 1.0, 6, 1.0]
2025-07-29 00:48:07,641 - INFO - Similarity: None, Utility: 0.05431409248759571
2025-07-29 00:48:54,470 - INFO - New pipeline: ['missing_value', 'normalization', 'outlier', 'model'] and new configuration: [1.0, 1.0, 7, 1.0]
2025-07-29 00:48:54,470 - INFO - Similarity: None, Utility: 0.041083636965854625
2025-07-29 00:48:54,470 - INFO - New component: whitespace
2025-07-29 00:49:18,598 - INFO - New pipeline: ['missing_value', 'normalization', 'whitespace', 'model'] and new configuration: [1.0, 1.0, 1, 1.0]
2025-07-29 00:49:18,598 - INFO - Similarity: None, Utility: 0.06068448365422999
2025-07-29 00:49:18,598 - INFO - New component: punctuation
2025-07-29 00:49:42,631 - INFO - New pipeline: ['missing_value', 'normalization', 'punctuation', 'model'] and new configuration: [1.0, 1.0, 1, 1.0]
2025-07-29 00:49:42,631 - INFO - Similarity: None, Utility: 0.06068448365422999
2025-07-29 00:49:42,631 - INFO - New component: stopword
2025-07-29 00:50:07,050 - INFO - New pipeline: ['missing_value', 'normalization', 'stopword', 'model'] and new configuration: [1.0, 1.0, 1, 1.0]
2025-07-29 00:50:07,050 - INFO - Similarity: None, Utility: 0.06068448365422999
2025-07-29 00:50:07,051 - INFO - second loop iter_size = 1
2025-07-29 00:50:07,051 - INFO - profile = corr_Capital_Loss
