2024-08-05 13:57:14,062 - WARNING - Id                 0
MSSubClass         0
MSZoning           0
LotFrontage      259
LotArea            0
                ... 
MoSold             0
YrSold             0
SaleType           0
SaleCondition      0
SalePrice          0
Length: 81, dtype: int64
2024-08-05 13:57:14,071 - WARNING - Id                  0
MSSubClass          0
MSZoning            4
LotFrontage       227
LotArea             0
                 ... 
MiscFeature      1408
MiscVal             0
MoSold              0
YrSold              0
SaleCondition       0
Length: 79, dtype: int64
2024-08-05 13:57:15,064 - DEBUG - Loaded backend macosx version unknown.
