2025-09-15 20:30:18,225 - INFO - Evaluating [2, 1, 1] -- Initial Utility 0.09486780715396581 -- Target Utility 0.074
2025-09-15 20:30:36,732 - INFO - [OPTIMIZE] Trying combo size k=1
2025-09-15 20:30:36,732 - INFO - [INFO] Running optimistic search with combined interventions...
2025-09-15 20:30:36,732 - INFO - [SEARCH] Trying intervention: outlier → 2
2025-09-15 20:30:36,864 - INFO - [TRY] outlier=2,pipeline: {'missing_value': 2, 'outlier': 2, 'normalization': 1, 'model': 1}, Utility=0.0761, Best=0.0949
2025-09-15 20:30:36,864 - INFO - [SEARCH] Trying intervention: outlier → 3
2025-09-15 20:30:37,045 - INFO - [TRY] outlier=3,pipeline: {'missing_value': 2, 'outlier': 3, 'normalization': 1, 'model': 1}, Utility=0.0765, Best=0.0761
2025-09-15 20:30:37,045 - INFO - [SEARCH] Trying intervention: outlier → 7
2025-09-15 20:30:37,155 - INFO - [TRY] outlier=7,pipeline: {'missing_value': 2, 'outlier': 7, 'normalization': 1, 'model': 1}, Utility=0.0796, Best=0.0761
2025-09-15 20:30:37,155 - INFO - [SEARCH] Trying intervention: outlier → 8
2025-09-15 20:30:37,260 - INFO - [TRY] outlier=8,pipeline: {'missing_value': 2, 'outlier': 8, 'normalization': 1, 'model': 1}, Utility=0.0813, Best=0.0761
2025-09-15 20:30:37,260 - INFO - [SEARCH] Trying intervention: outlier → 6
2025-09-15 20:30:37,363 - INFO - [TRY] outlier=6,pipeline: {'missing_value': 2, 'outlier': 6, 'normalization': 1, 'model': 1}, Utility=0.0830, Best=0.0761
2025-09-15 20:30:37,363 - INFO - [SEARCH] Trying intervention: missing_value → 1
2025-09-15 20:30:37,497 - INFO - [TRY] missing_value=1,pipeline: {'missing_value': 1, 'outlier': 2, 'normalization': 1, 'model': 1}, Utility=0.0691, Best=0.0761
2025-09-15 20:30:37,498 - INFO - ✅ Target achieved 🎯
2025-09-15 20:30:37,498 - INFO - required optimistic iterations: 6
2025-09-15 20:30:37,498 - INFO - passing pipeline: order=['missing_value', 'outlier', 'normalization', 'model'], vec=[1, 2, 1, 1]
2025-09-15 20:30:37,498 - INFO - Total iterations so far: 6
2025-09-15 20:30:37,551 - INFO - Evaluating [2, 2, 1] -- Initial Utility 0.09486780715396581 -- Target Utility 0.074
2025-09-15 20:30:55,022 - INFO - [OPTIMIZE] Trying combo size k=1
2025-09-15 20:30:55,022 - INFO - [INFO] Running optimistic search with combined interventions...
2025-09-15 20:30:55,022 - INFO - [SEARCH] Trying intervention: outlier → 2
2025-09-15 20:30:55,147 - INFO - [TRY] outlier=2,pipeline: {'missing_value': 2, 'outlier': 2, 'normalization': 2, 'model': 1}, Utility=0.0761, Best=0.0949
2025-09-15 20:30:55,147 - INFO - [SEARCH] Trying intervention: outlier → 3
2025-09-15 20:30:55,247 - INFO - [TRY] outlier=3,pipeline: {'missing_value': 2, 'outlier': 3, 'normalization': 2, 'model': 1}, Utility=0.0765, Best=0.0761
2025-09-15 20:30:55,247 - INFO - [SEARCH] Trying intervention: outlier → 7
2025-09-15 20:30:55,349 - INFO - [TRY] outlier=7,pipeline: {'missing_value': 2, 'outlier': 7, 'normalization': 2, 'model': 1}, Utility=0.0796, Best=0.0761
2025-09-15 20:30:55,349 - INFO - [SEARCH] Trying intervention: outlier → 8
2025-09-15 20:30:55,453 - INFO - [TRY] outlier=8,pipeline: {'missing_value': 2, 'outlier': 8, 'normalization': 2, 'model': 1}, Utility=0.0813, Best=0.0761
2025-09-15 20:30:55,453 - INFO - [SEARCH] Trying intervention: outlier → 6
2025-09-15 20:30:55,554 - INFO - [TRY] outlier=6,pipeline: {'missing_value': 2, 'outlier': 6, 'normalization': 2, 'model': 1}, Utility=0.0830, Best=0.0761
2025-09-15 20:30:55,554 - INFO - [SEARCH] Trying intervention: missing_value → 1
2025-09-15 20:30:55,676 - INFO - [TRY] missing_value=1,pipeline: {'missing_value': 1, 'outlier': 2, 'normalization': 2, 'model': 1}, Utility=0.0691, Best=0.0761
2025-09-15 20:30:55,676 - INFO - ✅ Target achieved 🎯
2025-09-15 20:30:55,676 - INFO - required optimistic iterations: 6
2025-09-15 20:30:55,676 - INFO - passing pipeline: order=['missing_value', 'outlier', 'normalization', 'model'], vec=[1, 2, 2, 1]
2025-09-15 20:30:55,676 - INFO - Total iterations so far: 6
2025-09-15 20:30:55,726 - INFO - Evaluating [2, 3, 1] -- Initial Utility 0.09486780715396581 -- Target Utility 0.074
2025-09-15 20:31:13,072 - INFO - [OPTIMIZE] Trying combo size k=1
2025-09-15 20:31:13,072 - INFO - [INFO] Running optimistic search with combined interventions...
2025-09-15 20:31:13,072 - INFO - [SEARCH] Trying intervention: outlier → 2
2025-09-15 20:31:13,194 - INFO - [TRY] outlier=2,pipeline: {'missing_value': 2, 'outlier': 2, 'normalization': 3, 'model': 1}, Utility=0.0761, Best=0.0949
2025-09-15 20:31:13,194 - INFO - [SEARCH] Trying intervention: outlier → 3
2025-09-15 20:31:13,292 - INFO - [TRY] outlier=3,pipeline: {'missing_value': 2, 'outlier': 3, 'normalization': 3, 'model': 1}, Utility=0.0765, Best=0.0761
2025-09-15 20:31:13,292 - INFO - [SEARCH] Trying intervention: outlier → 7
2025-09-15 20:31:13,388 - INFO - [TRY] outlier=7,pipeline: {'missing_value': 2, 'outlier': 7, 'normalization': 3, 'model': 1}, Utility=0.0796, Best=0.0761
2025-09-15 20:31:13,388 - INFO - [SEARCH] Trying intervention: outlier → 8
2025-09-15 20:31:13,486 - INFO - [TRY] outlier=8,pipeline: {'missing_value': 2, 'outlier': 8, 'normalization': 3, 'model': 1}, Utility=0.0813, Best=0.0761
2025-09-15 20:31:13,486 - INFO - [SEARCH] Trying intervention: outlier → 6
2025-09-15 20:31:13,583 - INFO - [TRY] outlier=6,pipeline: {'missing_value': 2, 'outlier': 6, 'normalization': 3, 'model': 1}, Utility=0.0830, Best=0.0761
2025-09-15 20:31:13,583 - INFO - [SEARCH] Trying intervention: missing_value → 1
2025-09-15 20:31:13,736 - INFO - [TRY] missing_value=1,pipeline: {'missing_value': 1, 'outlier': 2, 'normalization': 3, 'model': 1}, Utility=0.0691, Best=0.0761
2025-09-15 20:31:13,736 - INFO - ✅ Target achieved 🎯
2025-09-15 20:31:13,736 - INFO - required optimistic iterations: 6
2025-09-15 20:31:13,736 - INFO - passing pipeline: order=['missing_value', 'outlier', 'normalization', 'model'], vec=[1, 2, 3, 1]
2025-09-15 20:31:13,736 - INFO - Total iterations so far: 6
2025-09-15 20:31:13,785 - INFO - Evaluating [2, 4, 1] -- Initial Utility 0.09486780715396581 -- Target Utility 0.074
2025-09-15 20:31:31,472 - INFO - [OPTIMIZE] Trying combo size k=1
2025-09-15 20:31:31,473 - INFO - [INFO] Running optimistic search with combined interventions...
2025-09-15 20:31:31,473 - INFO - [SEARCH] Trying intervention: outlier → 2
2025-09-15 20:31:31,593 - INFO - [TRY] outlier=2,pipeline: {'missing_value': 2, 'normalization': 4, 'outlier': 2, 'model': 1}, Utility=0.0761, Best=0.0949
2025-09-15 20:31:31,593 - INFO - [SEARCH] Trying intervention: outlier → 3
2025-09-15 20:31:31,691 - INFO - [TRY] outlier=3,pipeline: {'missing_value': 2, 'normalization': 4, 'outlier': 3, 'model': 1}, Utility=0.0765, Best=0.0761
2025-09-15 20:31:31,691 - INFO - [SEARCH] Trying intervention: outlier → 7
2025-09-15 20:31:31,789 - INFO - [TRY] outlier=7,pipeline: {'missing_value': 2, 'normalization': 4, 'outlier': 7, 'model': 1}, Utility=0.0865, Best=0.0761
2025-09-15 20:31:31,789 - INFO - [SEARCH] Trying intervention: outlier → 8
2025-09-15 20:31:31,889 - INFO - [TRY] outlier=8,pipeline: {'missing_value': 2, 'normalization': 4, 'outlier': 8, 'model': 1}, Utility=0.0865, Best=0.0761
2025-09-15 20:31:31,889 - INFO - [SEARCH] Trying intervention: outlier → 6
2025-09-15 20:31:31,990 - INFO - [TRY] outlier=6,pipeline: {'missing_value': 2, 'normalization': 4, 'outlier': 6, 'model': 1}, Utility=0.0848, Best=0.0761
2025-09-15 20:31:31,990 - INFO - [SEARCH] Trying intervention: missing_value → 1
2025-09-15 20:31:32,112 - INFO - [TRY] missing_value=1,pipeline: {'missing_value': 1, 'normalization': 4, 'outlier': 2, 'model': 1}, Utility=0.0691, Best=0.0761
2025-09-15 20:31:32,112 - INFO - ✅ Target achieved 🎯
2025-09-15 20:31:32,112 - INFO - required optimistic iterations: 6
2025-09-15 20:31:32,112 - INFO - passing pipeline: order=['missing_value', 'normalization', 'outlier', 'model'], vec=[1, 4, 2, 1]
2025-09-15 20:31:32,112 - INFO - Total iterations so far: 6
2025-09-15 20:31:32,161 - INFO - Evaluating [2, 5, 1] -- Initial Utility 0.09486780715396581 -- Target Utility 0.074
2025-09-15 20:31:50,171 - INFO - [OPTIMIZE] Trying combo size k=1
2025-09-15 20:31:50,172 - INFO - [INFO] Running optimistic search with combined interventions...
2025-09-15 20:31:50,172 - INFO - [SEARCH] Trying intervention: outlier → 2
2025-09-15 20:31:50,293 - INFO - [TRY] outlier=2,pipeline: {'missing_value': 2, 'outlier': 2, 'normalization': 5, 'model': 1}, Utility=0.0761, Best=0.0949
2025-09-15 20:31:50,293 - INFO - [SEARCH] Trying intervention: outlier → 3
2025-09-15 20:31:50,395 - INFO - [TRY] outlier=3,pipeline: {'missing_value': 2, 'outlier': 3, 'normalization': 5, 'model': 1}, Utility=0.0765, Best=0.0761
2025-09-15 20:31:50,395 - INFO - [SEARCH] Trying intervention: outlier → 7
2025-09-15 20:31:50,495 - INFO - [TRY] outlier=7,pipeline: {'missing_value': 2, 'outlier': 7, 'normalization': 5, 'model': 1}, Utility=0.0796, Best=0.0761
2025-09-15 20:31:50,495 - INFO - [SEARCH] Trying intervention: outlier → 8
2025-09-15 20:31:50,595 - INFO - [TRY] outlier=8,pipeline: {'missing_value': 2, 'outlier': 8, 'normalization': 5, 'model': 1}, Utility=0.0813, Best=0.0761
2025-09-15 20:31:50,595 - INFO - [SEARCH] Trying intervention: missing_value → 1
2025-09-15 20:31:50,716 - INFO - [TRY] missing_value=1,pipeline: {'missing_value': 1, 'outlier': 2, 'normalization': 5, 'model': 1}, Utility=0.0691, Best=0.0761
2025-09-15 20:31:50,716 - INFO - ✅ Target achieved 🎯
2025-09-15 20:31:50,716 - INFO - required optimistic iterations: 5
2025-09-15 20:31:50,716 - INFO - passing pipeline: order=['missing_value', 'outlier', 'normalization', 'model'], vec=[1, 2, 5, 1]
2025-09-15 20:31:50,716 - INFO - Total iterations so far: 5
2025-09-15 20:31:50,768 - INFO - Evaluating [2, 1, 1] -- Initial Utility 0.09486780715396581 -- Target Utility 0.08
2025-09-15 20:32:08,832 - INFO - [OPTIMIZE] Trying combo size k=1
2025-09-15 20:32:08,832 - INFO - [INFO] Running optimistic search with combined interventions...
2025-09-15 20:32:08,833 - INFO - [SEARCH] Trying intervention: outlier → 2
2025-09-15 20:32:08,972 - INFO - [TRY] outlier=2,pipeline: {'missing_value': 2, 'outlier': 2, 'normalization': 1, 'model': 1}, Utility=0.0761, Best=0.0949
2025-09-15 20:32:08,972 - INFO - ✅ Target achieved 🎯
2025-09-15 20:32:08,972 - INFO - required optimistic iterations: 1
2025-09-15 20:32:08,972 - INFO - passing pipeline: order=['missing_value', 'outlier', 'normalization', 'model'], vec=[2, 2, 1, 1]
2025-09-15 20:32:08,972 - INFO - Total iterations so far: 1
2025-09-15 20:32:09,022 - INFO - Evaluating [2, 2, 1] -- Initial Utility 0.09486780715396581 -- Target Utility 0.08
2025-09-15 20:32:27,103 - INFO - [OPTIMIZE] Trying combo size k=1
2025-09-15 20:32:27,104 - INFO - [INFO] Running optimistic search with combined interventions...
2025-09-15 20:32:27,104 - INFO - [SEARCH] Trying intervention: outlier → 2
2025-09-15 20:32:27,231 - INFO - [TRY] outlier=2,pipeline: {'missing_value': 2, 'outlier': 2, 'normalization': 2, 'model': 1}, Utility=0.0761, Best=0.0949
2025-09-15 20:32:27,231 - INFO - ✅ Target achieved 🎯
2025-09-15 20:32:27,231 - INFO - required optimistic iterations: 1
2025-09-15 20:32:27,231 - INFO - passing pipeline: order=['missing_value', 'outlier', 'normalization', 'model'], vec=[2, 2, 2, 1]
2025-09-15 20:32:27,231 - INFO - Total iterations so far: 1
2025-09-15 20:32:27,309 - INFO - Evaluating [2, 3, 1] -- Initial Utility 0.09486780715396581 -- Target Utility 0.08
2025-09-15 20:32:46,686 - INFO - [OPTIMIZE] Trying combo size k=1
2025-09-15 20:32:46,686 - INFO - [INFO] Running optimistic search with combined interventions...
2025-09-15 20:32:46,686 - INFO - [SEARCH] Trying intervention: outlier → 2
2025-09-15 20:32:46,815 - INFO - [TRY] outlier=2,pipeline: {'missing_value': 2, 'outlier': 2, 'normalization': 3, 'model': 1}, Utility=0.0761, Best=0.0949
2025-09-15 20:32:46,815 - INFO - ✅ Target achieved 🎯
2025-09-15 20:32:46,815 - INFO - required optimistic iterations: 1
2025-09-15 20:32:46,815 - INFO - passing pipeline: order=['missing_value', 'outlier', 'normalization', 'model'], vec=[2, 2, 3, 1]
2025-09-15 20:32:46,815 - INFO - Total iterations so far: 1
2025-09-15 20:32:46,866 - INFO - Evaluating [2, 4, 1] -- Initial Utility 0.09486780715396581 -- Target Utility 0.08
2025-09-15 20:33:05,337 - INFO - [OPTIMIZE] Trying combo size k=1
2025-09-15 20:33:05,337 - INFO - [INFO] Running optimistic search with combined interventions...
2025-09-15 20:33:05,337 - INFO - [SEARCH] Trying intervention: outlier → 2
2025-09-15 20:33:05,458 - INFO - [TRY] outlier=2,pipeline: {'missing_value': 2, 'normalization': 4, 'outlier': 2, 'model': 1}, Utility=0.0761, Best=0.0949
2025-09-15 20:33:05,458 - INFO - ✅ Target achieved 🎯
2025-09-15 20:33:05,458 - INFO - required optimistic iterations: 1
2025-09-15 20:33:05,458 - INFO - passing pipeline: order=['missing_value', 'normalization', 'outlier', 'model'], vec=[2, 4, 2, 1]
2025-09-15 20:33:05,458 - INFO - Total iterations so far: 1
2025-09-15 20:33:05,508 - INFO - Evaluating [2, 5, 1] -- Initial Utility 0.09486780715396581 -- Target Utility 0.08
2025-09-15 20:33:23,749 - INFO - [OPTIMIZE] Trying combo size k=1
2025-09-15 20:33:23,750 - INFO - [INFO] Running optimistic search with combined interventions...
2025-09-15 20:33:23,750 - INFO - [SEARCH] Trying intervention: outlier → 2
2025-09-15 20:33:23,871 - INFO - [TRY] outlier=2,pipeline: {'missing_value': 2, 'outlier': 2, 'normalization': 5, 'model': 1}, Utility=0.0761, Best=0.0949
2025-09-15 20:33:23,871 - INFO - ✅ Target achieved 🎯
2025-09-15 20:33:23,871 - INFO - required optimistic iterations: 1
2025-09-15 20:33:23,871 - INFO - passing pipeline: order=['missing_value', 'outlier', 'normalization', 'model'], vec=[2, 2, 5, 1]
2025-09-15 20:33:23,871 - INFO - Total iterations so far: 1
2025-09-15 20:33:23,926 - INFO - Evaluating [2, 1, 1] -- Initial Utility 0.09486780715396581 -- Target Utility 0.09
2025-09-15 20:33:41,723 - INFO - [OPTIMIZE] Trying combo size k=1
2025-09-15 20:33:41,723 - INFO - [INFO] Running optimistic search with combined interventions...
2025-09-15 20:33:41,723 - INFO - [SEARCH] Trying intervention: outlier → 2
2025-09-15 20:33:41,847 - INFO - [TRY] outlier=2,pipeline: {'missing_value': 2, 'outlier': 2, 'normalization': 1, 'model': 1}, Utility=0.0761, Best=0.0949
2025-09-15 20:33:41,847 - INFO - ✅ Target achieved 🎯
2025-09-15 20:33:41,847 - INFO - required optimistic iterations: 1
2025-09-15 20:33:41,847 - INFO - passing pipeline: order=['missing_value', 'outlier', 'normalization', 'model'], vec=[2, 2, 1, 1]
2025-09-15 20:33:41,847 - INFO - Total iterations so far: 1
2025-09-15 20:33:41,897 - INFO - Evaluating [2, 2, 1] -- Initial Utility 0.09486780715396581 -- Target Utility 0.09
2025-09-15 20:33:59,731 - INFO - [OPTIMIZE] Trying combo size k=1
2025-09-15 20:33:59,731 - INFO - [INFO] Running optimistic search with combined interventions...
2025-09-15 20:33:59,731 - INFO - [SEARCH] Trying intervention: outlier → 2
2025-09-15 20:33:59,852 - INFO - [TRY] outlier=2,pipeline: {'missing_value': 2, 'outlier': 2, 'normalization': 2, 'model': 1}, Utility=0.0761, Best=0.0949
2025-09-15 20:33:59,852 - INFO - ✅ Target achieved 🎯
2025-09-15 20:33:59,853 - INFO - required optimistic iterations: 1
2025-09-15 20:33:59,853 - INFO - passing pipeline: order=['missing_value', 'outlier', 'normalization', 'model'], vec=[2, 2, 2, 1]
2025-09-15 20:33:59,853 - INFO - Total iterations so far: 1
2025-09-15 20:33:59,904 - INFO - Evaluating [2, 3, 1] -- Initial Utility 0.09486780715396581 -- Target Utility 0.09
2025-09-15 20:34:18,945 - INFO - [OPTIMIZE] Trying combo size k=1
2025-09-15 20:34:18,946 - INFO - [INFO] Running optimistic search with combined interventions...
2025-09-15 20:34:18,946 - INFO - [SEARCH] Trying intervention: outlier → 2
2025-09-15 20:34:19,099 - INFO - [TRY] outlier=2,pipeline: {'missing_value': 2, 'outlier': 2, 'normalization': 3, 'model': 1}, Utility=0.0761, Best=0.0949
2025-09-15 20:34:19,099 - INFO - ✅ Target achieved 🎯
2025-09-15 20:34:19,099 - INFO - required optimistic iterations: 1
2025-09-15 20:34:19,099 - INFO - passing pipeline: order=['missing_value', 'outlier', 'normalization', 'model'], vec=[2, 2, 3, 1]
2025-09-15 20:34:19,099 - INFO - Total iterations so far: 1
2025-09-15 20:34:19,151 - INFO - Evaluating [2, 4, 1] -- Initial Utility 0.09486780715396581 -- Target Utility 0.09
2025-09-15 20:34:36,789 - INFO - [OPTIMIZE] Trying combo size k=1
2025-09-15 20:34:36,789 - INFO - [INFO] Running optimistic search with combined interventions...
2025-09-15 20:34:36,789 - INFO - [SEARCH] Trying intervention: outlier → 2
2025-09-15 20:34:36,915 - INFO - [TRY] outlier=2,pipeline: {'missing_value': 2, 'normalization': 4, 'outlier': 2, 'model': 1}, Utility=0.0761, Best=0.0949
2025-09-15 20:34:36,915 - INFO - ✅ Target achieved 🎯
2025-09-15 20:34:36,915 - INFO - required optimistic iterations: 1
2025-09-15 20:34:36,915 - INFO - passing pipeline: order=['missing_value', 'normalization', 'outlier', 'model'], vec=[2, 4, 2, 1]
2025-09-15 20:34:36,915 - INFO - Total iterations so far: 1
2025-09-15 20:34:36,966 - INFO - Evaluating [2, 5, 1] -- Initial Utility 0.09486780715396581 -- Target Utility 0.09
2025-09-15 20:34:55,654 - INFO - [OPTIMIZE] Trying combo size k=1
2025-09-15 20:34:55,654 - INFO - [INFO] Running optimistic search with combined interventions...
2025-09-15 20:34:55,654 - INFO - [SEARCH] Trying intervention: outlier → 2
2025-09-15 20:34:55,778 - INFO - [TRY] outlier=2,pipeline: {'missing_value': 2, 'outlier': 2, 'normalization': 5, 'model': 1}, Utility=0.0761, Best=0.0949
2025-09-15 20:34:55,778 - INFO - ✅ Target achieved 🎯
2025-09-15 20:34:55,778 - INFO - required optimistic iterations: 1
2025-09-15 20:34:55,778 - INFO - passing pipeline: order=['missing_value', 'outlier', 'normalization', 'model'], vec=[2, 2, 5, 1]
2025-09-15 20:34:55,778 - INFO - Total iterations so far: 1
