2025-09-15 20:16:54,247 - INFO - Evaluating [2, 1, 1] -- Initial Utility 201.98017354041417 -- Target Utility 162
2025-09-15 20:17:39,570 - INFO - [OPTIMIZE] Trying combo size k=1
2025-09-15 20:17:39,571 - INFO - [INFO] Running optimistic search with combined interventions...
2025-09-15 20:17:39,571 - INFO - [SEARCH] Trying intervention: outlier → 3
2025-09-15 20:17:40,122 - INFO - [TRY] outlier=3,pipeline: {'missing_value': 2, 'outlier': 3, 'normalization': 1, 'model': 1}, Utility=197.7240, Best=201.9802
2025-09-15 20:17:40,122 - INFO - [SEARCH] Trying intervention: outlier → 2
2025-09-15 20:17:40,846 - INFO - [TRY] outlier=2,pipeline: {'missing_value': 2, 'outlier': 2, 'normalization': 1, 'model': 1}, Utility=180.5550, Best=197.7240
2025-09-15 20:17:40,846 - INFO - [SEARCH] Trying intervention: deduplication → 2
2025-09-15 20:17:41,285 - INFO - [TRY] deduplication=2,pipeline: {'missing_value': 2, 'deduplication': 2, 'outlier': 2, 'normalization': 1, 'model': 1}, Utility=291.3162, Best=180.5550
2025-09-15 20:17:41,285 - INFO - [SEARCH] Trying intervention: missing_value → 1
2025-09-15 20:17:41,624 - INFO - [TRY] missing_value=1,pipeline: {'missing_value': 1, 'outlier': 2, 'normalization': 1, 'model': 1}, Utility=179.0873, Best=180.5550
2025-09-15 20:17:41,624 - INFO - [SEARCH] Trying intervention: missing_value → 4
2025-09-15 20:17:42,037 - INFO - [TRY] missing_value=4,pipeline: {'missing_value': 4, 'outlier': 2, 'normalization': 1, 'model': 1}, Utility=180.4513, Best=179.0873
2025-09-15 20:17:42,037 - INFO - [SEARCH] Trying intervention: normalization → 2
2025-09-15 20:17:42,311 - INFO - [TRY] normalization=2,pipeline: {'missing_value': 1, 'outlier': 2, 'normalization': 2, 'model': 1}, Utility=138.8347, Best=179.0873
2025-09-15 20:17:42,312 - INFO - ✅ Target achieved 🎯
2025-09-15 20:17:42,312 - INFO - required optimistic iterations: 6
2025-09-15 20:17:42,312 - INFO - passing pipeline: order=['missing_value', 'outlier', 'normalization', 'model'], vec=[1, 2, 2, 1]
2025-09-15 20:17:42,312 - INFO - Total iterations so far: 6
2025-09-15 20:17:42,602 - INFO - Evaluating [2, 2, 1] -- Initial Utility 154.64066746624843 -- Target Utility 162
2025-09-15 20:17:42,848 - INFO - Evaluating [2, 3, 1] -- Initial Utility 176.6001879305071 -- Target Utility 162
2025-09-15 20:18:24,632 - INFO - [OPTIMIZE] Trying combo size k=1
2025-09-15 20:18:24,632 - INFO - [INFO] Running optimistic search with combined interventions...
2025-09-15 20:18:24,632 - INFO - [SEARCH] Trying intervention: outlier → 3
2025-09-15 20:18:24,869 - INFO - [TRY] outlier=3,pipeline: {'missing_value': 2, 'outlier': 3, 'normalization': 3, 'model': 1}, Utility=167.0050, Best=176.6002
2025-09-15 20:18:24,870 - INFO - [SEARCH] Trying intervention: outlier → 2
2025-09-15 20:18:25,126 - INFO - [TRY] outlier=2,pipeline: {'missing_value': 2, 'outlier': 2, 'normalization': 3, 'model': 1}, Utility=165.4277, Best=167.0050
2025-09-15 20:18:25,127 - INFO - [SEARCH] Trying intervention: outlier → 4
2025-09-15 20:18:25,354 - INFO - [TRY] outlier=4,pipeline: {'missing_value': 2, 'outlier': 4, 'normalization': 3, 'model': 1}, Utility=163.7044, Best=165.4277
2025-09-15 20:18:25,354 - INFO - [SEARCH] Trying intervention: deduplication → 2
2025-09-15 20:18:25,641 - INFO - [TRY] deduplication=2,pipeline: {'missing_value': 2, 'deduplication': 2, 'outlier': 4, 'normalization': 3, 'model': 1}, Utility=277.8089, Best=163.7044
2025-09-15 20:18:25,641 - INFO - [SEARCH] Trying intervention: missing_value → 1
2025-09-15 20:18:25,848 - INFO - [TRY] missing_value=1,pipeline: {'missing_value': 1, 'outlier': 4, 'normalization': 3, 'model': 1}, Utility=161.0347, Best=163.7044
2025-09-15 20:18:25,848 - INFO - ✅ Target achieved 🎯
2025-09-15 20:18:25,848 - INFO - required optimistic iterations: 5
2025-09-15 20:18:25,848 - INFO - passing pipeline: order=['missing_value', 'outlier', 'normalization', 'model'], vec=[1, 4, 3, 1]
2025-09-15 20:18:25,848 - INFO - Total iterations so far: 5
2025-09-15 20:18:26,052 - INFO - Evaluating [2, 4, 1] -- Initial Utility 242.91414338348895 -- Target Utility 162
2025-09-15 20:19:06,522 - INFO - [OPTIMIZE] Trying combo size k=1
2025-09-15 20:19:06,522 - INFO - [INFO] Running optimistic search with combined interventions...
2025-09-15 20:19:06,522 - INFO - [SEARCH] Trying intervention: outlier → 3
2025-09-15 20:19:06,752 - INFO - [TRY] outlier=3,pipeline: {'missing_value': 2, 'outlier': 3, 'normalization': 4, 'model': 1}, Utility=219.6118, Best=242.9141
2025-09-15 20:19:06,752 - INFO - [SEARCH] Trying intervention: outlier → 2
2025-09-15 20:19:07,014 - INFO - [TRY] outlier=2,pipeline: {'missing_value': 2, 'outlier': 2, 'normalization': 4, 'model': 1}, Utility=213.4394, Best=219.6118
2025-09-15 20:19:07,015 - INFO - [SEARCH] Trying intervention: outlier → 4
2025-09-15 20:19:07,241 - INFO - [TRY] outlier=4,pipeline: {'missing_value': 2, 'outlier': 4, 'normalization': 4, 'model': 1}, Utility=254.7273, Best=213.4394
2025-09-15 20:19:07,241 - INFO - [SEARCH] Trying intervention: deduplication → 2
2025-09-15 20:19:07,485 - INFO - [TRY] deduplication=2,pipeline: {'missing_value': 2, 'deduplication': 2, 'outlier': 2, 'normalization': 4, 'model': 1}, Utility=293.8700, Best=213.4394
2025-09-15 20:19:07,485 - INFO - [SEARCH] Trying intervention: missing_value → 1
2025-09-15 20:19:07,727 - INFO - [TRY] missing_value=1,pipeline: {'missing_value': 1, 'outlier': 2, 'normalization': 4, 'model': 1}, Utility=203.0914, Best=213.4394
2025-09-15 20:19:07,727 - INFO - [SEARCH] Trying intervention: missing_value → 4
2025-09-15 20:19:07,986 - INFO - [TRY] missing_value=4,pipeline: {'missing_value': 4, 'outlier': 2, 'normalization': 4, 'model': 1}, Utility=190.5650, Best=203.0914
2025-09-15 20:19:07,986 - INFO - [SEARCH] Trying intervention: normalization → 2
2025-09-15 20:19:08,249 - INFO - [TRY] normalization=2,pipeline: {'missing_value': 4, 'outlier': 2, 'normalization': 2, 'model': 1}, Utility=135.7709, Best=190.5650
2025-09-15 20:19:08,249 - INFO - ✅ Target achieved 🎯
2025-09-15 20:19:08,249 - INFO - required optimistic iterations: 7
2025-09-15 20:19:08,249 - INFO - passing pipeline: order=['missing_value', 'outlier', 'normalization', 'model'], vec=[4, 2, 2, 1]
2025-09-15 20:19:08,249 - INFO - Total iterations so far: 7
2025-09-15 20:19:08,442 - INFO - Evaluating [2, 5, 1] -- Initial Utility 240.55654986363476 -- Target Utility 162
2025-09-15 20:19:52,262 - INFO - [OPTIMIZE] Trying combo size k=1
2025-09-15 20:19:52,262 - INFO - [INFO] Running optimistic search with combined interventions...
2025-09-15 20:19:52,262 - INFO - [SEARCH] Trying intervention: outlier → 3
2025-09-15 20:19:52,495 - INFO - [TRY] outlier=3,pipeline: {'missing_value': 2, 'outlier': 3, 'normalization': 5, 'model': 1}, Utility=215.0238, Best=240.5565
2025-09-15 20:19:52,496 - INFO - [SEARCH] Trying intervention: outlier → 2
2025-09-15 20:19:52,781 - INFO - [TRY] outlier=2,pipeline: {'missing_value': 2, 'outlier': 2, 'normalization': 5, 'model': 1}, Utility=189.9313, Best=215.0238
2025-09-15 20:19:52,782 - INFO - [SEARCH] Trying intervention: outlier → 4
2025-09-15 20:19:53,188 - INFO - [TRY] outlier=4,pipeline: {'missing_value': 2, 'outlier': 4, 'normalization': 5, 'model': 1}, Utility=252.0508, Best=189.9313
2025-09-15 20:19:53,188 - INFO - [SEARCH] Trying intervention: deduplication → 2
2025-09-15 20:19:53,494 - INFO - [TRY] deduplication=2,pipeline: {'missing_value': 2, 'deduplication': 2, 'outlier': 2, 'normalization': 5, 'model': 1}, Utility=292.8975, Best=189.9313
2025-09-15 20:19:53,494 - INFO - [SEARCH] Trying intervention: missing_value → 1
2025-09-15 20:19:53,777 - INFO - [TRY] missing_value=1,pipeline: {'missing_value': 1, 'outlier': 2, 'normalization': 5, 'model': 1}, Utility=189.7776, Best=189.9313
2025-09-15 20:19:53,777 - INFO - [SEARCH] Trying intervention: missing_value → 4
2025-09-15 20:19:54,032 - INFO - [TRY] missing_value=4,pipeline: {'missing_value': 4, 'outlier': 2, 'normalization': 5, 'model': 1}, Utility=175.1577, Best=189.7776
2025-09-15 20:19:54,032 - INFO - [SEARCH] Trying intervention: normalization → 2
2025-09-15 20:19:54,322 - INFO - [TRY] normalization=2,pipeline: {'missing_value': 4, 'outlier': 2, 'normalization': 2, 'model': 1}, Utility=135.7709, Best=175.1577
2025-09-15 20:19:54,322 - INFO - ✅ Target achieved 🎯
2025-09-15 20:19:54,323 - INFO - required optimistic iterations: 7
2025-09-15 20:19:54,323 - INFO - passing pipeline: order=['missing_value', 'outlier', 'normalization', 'model'], vec=[4, 2, 2, 1]
2025-09-15 20:19:54,323 - INFO - Total iterations so far: 7
2025-09-15 20:19:54,796 - INFO - Evaluating [2, 1, 1] -- Initial Utility 201.98017354041417 -- Target Utility 170
2025-09-15 20:20:52,412 - INFO - [OPTIMIZE] Trying combo size k=1
2025-09-15 20:20:52,413 - INFO - [INFO] Running optimistic search with combined interventions...
2025-09-15 20:20:52,413 - INFO - [SEARCH] Trying intervention: outlier → 3
2025-09-15 20:20:53,068 - INFO - [TRY] outlier=3,pipeline: {'missing_value': 2, 'outlier': 3, 'normalization': 1, 'model': 1}, Utility=197.7240, Best=201.9802
2025-09-15 20:20:53,068 - INFO - [SEARCH] Trying intervention: outlier → 2
2025-09-15 20:20:53,598 - INFO - [TRY] outlier=2,pipeline: {'missing_value': 2, 'outlier': 2, 'normalization': 1, 'model': 1}, Utility=180.5550, Best=197.7240
2025-09-15 20:20:53,598 - INFO - [SEARCH] Trying intervention: deduplication → 2
2025-09-15 20:20:54,181 - INFO - [TRY] deduplication=2,pipeline: {'missing_value': 2, 'deduplication': 2, 'outlier': 2, 'normalization': 1, 'model': 1}, Utility=291.3162, Best=180.5550
2025-09-15 20:20:54,181 - INFO - [SEARCH] Trying intervention: missing_value → 1
2025-09-15 20:20:54,921 - INFO - [TRY] missing_value=1,pipeline: {'missing_value': 1, 'outlier': 2, 'normalization': 1, 'model': 1}, Utility=179.0873, Best=180.5550
2025-09-15 20:20:54,921 - INFO - [SEARCH] Trying intervention: missing_value → 4
2025-09-15 20:20:55,483 - INFO - [TRY] missing_value=4,pipeline: {'missing_value': 4, 'outlier': 2, 'normalization': 1, 'model': 1}, Utility=180.4513, Best=179.0873
2025-09-15 20:20:55,483 - INFO - [SEARCH] Trying intervention: normalization → 2
2025-09-15 20:20:55,803 - INFO - [TRY] normalization=2,pipeline: {'missing_value': 1, 'outlier': 2, 'normalization': 2, 'model': 1}, Utility=138.8347, Best=179.0873
2025-09-15 20:20:55,803 - INFO - ✅ Target achieved 🎯
2025-09-15 20:20:55,803 - INFO - required optimistic iterations: 6
2025-09-15 20:20:55,803 - INFO - passing pipeline: order=['missing_value', 'outlier', 'normalization', 'model'], vec=[1, 2, 2, 1]
2025-09-15 20:20:55,803 - INFO - Total iterations so far: 6
2025-09-15 20:20:56,122 - INFO - Evaluating [2, 2, 1] -- Initial Utility 154.64066746624843 -- Target Utility 170
2025-09-15 20:20:56,403 - INFO - Evaluating [2, 3, 1] -- Initial Utility 176.6001879305071 -- Target Utility 170
2025-09-15 20:21:42,838 - INFO - [OPTIMIZE] Trying combo size k=1
2025-09-15 20:21:42,838 - INFO - [INFO] Running optimistic search with combined interventions...
2025-09-15 20:21:42,838 - INFO - [SEARCH] Trying intervention: outlier → 3
2025-09-15 20:21:43,126 - INFO - [TRY] outlier=3,pipeline: {'missing_value': 2, 'outlier': 3, 'normalization': 3, 'model': 1}, Utility=167.0050, Best=176.6002
2025-09-15 20:21:43,126 - INFO - ✅ Target achieved 🎯
2025-09-15 20:21:43,126 - INFO - required optimistic iterations: 1
2025-09-15 20:21:43,126 - INFO - passing pipeline: order=['missing_value', 'outlier', 'normalization', 'model'], vec=[2, 3, 3, 1]
2025-09-15 20:21:43,126 - INFO - Total iterations so far: 1
2025-09-15 20:21:43,378 - INFO - Evaluating [2, 4, 1] -- Initial Utility 242.91414338348895 -- Target Utility 170
2025-09-15 20:22:31,038 - INFO - [OPTIMIZE] Trying combo size k=1
2025-09-15 20:22:31,039 - INFO - [INFO] Running optimistic search with combined interventions...
2025-09-15 20:22:31,039 - INFO - [SEARCH] Trying intervention: outlier → 3
2025-09-15 20:22:31,270 - INFO - [TRY] outlier=3,pipeline: {'missing_value': 2, 'outlier': 3, 'normalization': 4, 'model': 1}, Utility=219.6118, Best=242.9141
2025-09-15 20:22:31,270 - INFO - [SEARCH] Trying intervention: outlier → 2
2025-09-15 20:22:31,519 - INFO - [TRY] outlier=2,pipeline: {'missing_value': 2, 'outlier': 2, 'normalization': 4, 'model': 1}, Utility=213.4394, Best=219.6118
2025-09-15 20:22:31,519 - INFO - [SEARCH] Trying intervention: outlier → 4
2025-09-15 20:22:31,745 - INFO - [TRY] outlier=4,pipeline: {'missing_value': 2, 'outlier': 4, 'normalization': 4, 'model': 1}, Utility=254.7273, Best=213.4394
2025-09-15 20:22:31,745 - INFO - [SEARCH] Trying intervention: deduplication → 2
2025-09-15 20:22:32,003 - INFO - [TRY] deduplication=2,pipeline: {'missing_value': 2, 'deduplication': 2, 'outlier': 2, 'normalization': 4, 'model': 1}, Utility=293.8700, Best=213.4394
2025-09-15 20:22:32,003 - INFO - [SEARCH] Trying intervention: missing_value → 1
2025-09-15 20:22:32,283 - INFO - [TRY] missing_value=1,pipeline: {'missing_value': 1, 'outlier': 2, 'normalization': 4, 'model': 1}, Utility=203.0914, Best=213.4394
2025-09-15 20:22:32,283 - INFO - [SEARCH] Trying intervention: missing_value → 4
2025-09-15 20:22:32,542 - INFO - [TRY] missing_value=4,pipeline: {'missing_value': 4, 'outlier': 2, 'normalization': 4, 'model': 1}, Utility=190.5650, Best=203.0914
2025-09-15 20:22:32,542 - INFO - [SEARCH] Trying intervention: normalization → 2
2025-09-15 20:22:32,906 - INFO - [TRY] normalization=2,pipeline: {'missing_value': 4, 'outlier': 2, 'normalization': 2, 'model': 1}, Utility=135.7709, Best=190.5650
2025-09-15 20:22:32,906 - INFO - ✅ Target achieved 🎯
2025-09-15 20:22:32,906 - INFO - required optimistic iterations: 7
2025-09-15 20:22:32,906 - INFO - passing pipeline: order=['missing_value', 'outlier', 'normalization', 'model'], vec=[4, 2, 2, 1]
2025-09-15 20:22:32,906 - INFO - Total iterations so far: 7
2025-09-15 20:22:33,187 - INFO - Evaluating [2, 5, 1] -- Initial Utility 240.55654986363476 -- Target Utility 170
2025-09-15 20:23:17,373 - INFO - [OPTIMIZE] Trying combo size k=1
2025-09-15 20:23:17,373 - INFO - [INFO] Running optimistic search with combined interventions...
2025-09-15 20:23:17,373 - INFO - [SEARCH] Trying intervention: outlier → 3
2025-09-15 20:23:17,598 - INFO - [TRY] outlier=3,pipeline: {'missing_value': 2, 'outlier': 3, 'normalization': 5, 'model': 1}, Utility=215.0238, Best=240.5565
2025-09-15 20:23:17,599 - INFO - [SEARCH] Trying intervention: outlier → 2
2025-09-15 20:23:17,843 - INFO - [TRY] outlier=2,pipeline: {'missing_value': 2, 'outlier': 2, 'normalization': 5, 'model': 1}, Utility=189.9313, Best=215.0238
2025-09-15 20:23:17,843 - INFO - [SEARCH] Trying intervention: outlier → 4
2025-09-15 20:23:18,074 - INFO - [TRY] outlier=4,pipeline: {'missing_value': 2, 'outlier': 4, 'normalization': 5, 'model': 1}, Utility=252.0508, Best=189.9313
2025-09-15 20:23:18,074 - INFO - [SEARCH] Trying intervention: deduplication → 2
2025-09-15 20:23:18,377 - INFO - [TRY] deduplication=2,pipeline: {'missing_value': 2, 'deduplication': 2, 'outlier': 2, 'normalization': 5, 'model': 1}, Utility=292.8975, Best=189.9313
2025-09-15 20:23:18,377 - INFO - [SEARCH] Trying intervention: missing_value → 1
2025-09-15 20:23:18,671 - INFO - [TRY] missing_value=1,pipeline: {'missing_value': 1, 'outlier': 2, 'normalization': 5, 'model': 1}, Utility=189.7776, Best=189.9313
2025-09-15 20:23:18,671 - INFO - [SEARCH] Trying intervention: missing_value → 4
2025-09-15 20:23:19,028 - INFO - [TRY] missing_value=4,pipeline: {'missing_value': 4, 'outlier': 2, 'normalization': 5, 'model': 1}, Utility=175.1577, Best=189.7776
2025-09-15 20:23:19,028 - INFO - [SEARCH] Trying intervention: normalization → 2
2025-09-15 20:23:19,436 - INFO - [TRY] normalization=2,pipeline: {'missing_value': 4, 'outlier': 2, 'normalization': 2, 'model': 1}, Utility=135.7709, Best=175.1577
2025-09-15 20:23:19,436 - INFO - ✅ Target achieved 🎯
2025-09-15 20:23:19,436 - INFO - required optimistic iterations: 7
2025-09-15 20:23:19,436 - INFO - passing pipeline: order=['missing_value', 'outlier', 'normalization', 'model'], vec=[4, 2, 2, 1]
2025-09-15 20:23:19,436 - INFO - Total iterations so far: 7
2025-09-15 20:23:20,158 - INFO - Evaluating [2, 1, 1] -- Initial Utility 201.98017354041417 -- Target Utility 180
2025-09-15 20:24:08,808 - INFO - [OPTIMIZE] Trying combo size k=1
2025-09-15 20:24:08,808 - INFO - [INFO] Running optimistic search with combined interventions...
2025-09-15 20:24:08,808 - INFO - [SEARCH] Trying intervention: outlier → 3
2025-09-15 20:24:09,283 - INFO - [TRY] outlier=3,pipeline: {'missing_value': 2, 'outlier': 3, 'normalization': 1, 'model': 1}, Utility=197.7240, Best=201.9802
2025-09-15 20:24:09,283 - INFO - [SEARCH] Trying intervention: outlier → 2
2025-09-15 20:24:09,672 - INFO - [TRY] outlier=2,pipeline: {'missing_value': 2, 'outlier': 2, 'normalization': 1, 'model': 1}, Utility=180.5550, Best=197.7240
2025-09-15 20:24:09,672 - INFO - [SEARCH] Trying intervention: deduplication → 2
2025-09-15 20:24:10,089 - INFO - [TRY] deduplication=2,pipeline: {'missing_value': 2, 'deduplication': 2, 'outlier': 2, 'normalization': 1, 'model': 1}, Utility=291.3162, Best=180.5550
2025-09-15 20:24:10,089 - INFO - [SEARCH] Trying intervention: missing_value → 1
2025-09-15 20:24:10,412 - INFO - [TRY] missing_value=1,pipeline: {'missing_value': 1, 'outlier': 2, 'normalization': 1, 'model': 1}, Utility=179.0873, Best=180.5550
2025-09-15 20:24:10,412 - INFO - ✅ Target achieved 🎯
2025-09-15 20:24:10,412 - INFO - required optimistic iterations: 4
2025-09-15 20:24:10,412 - INFO - passing pipeline: order=['missing_value', 'outlier', 'normalization', 'model'], vec=[1, 2, 1, 1]
2025-09-15 20:24:10,412 - INFO - Total iterations so far: 4
2025-09-15 20:24:10,865 - INFO - Evaluating [2, 2, 1] -- Initial Utility 154.64066746624843 -- Target Utility 180
2025-09-15 20:24:11,147 - INFO - Evaluating [2, 3, 1] -- Initial Utility 176.6001879305071 -- Target Utility 180
2025-09-15 20:24:11,422 - INFO - Evaluating [2, 4, 1] -- Initial Utility 242.91414338348895 -- Target Utility 180
2025-09-15 20:24:58,669 - INFO - [OPTIMIZE] Trying combo size k=1
2025-09-15 20:24:58,669 - INFO - [INFO] Running optimistic search with combined interventions...
2025-09-15 20:24:58,669 - INFO - [SEARCH] Trying intervention: outlier → 3
2025-09-15 20:24:58,943 - INFO - [TRY] outlier=3,pipeline: {'missing_value': 2, 'outlier': 3, 'normalization': 4, 'model': 1}, Utility=219.6118, Best=242.9141
2025-09-15 20:24:58,943 - INFO - [SEARCH] Trying intervention: outlier → 2
2025-09-15 20:24:59,256 - INFO - [TRY] outlier=2,pipeline: {'missing_value': 2, 'outlier': 2, 'normalization': 4, 'model': 1}, Utility=213.4394, Best=219.6118
2025-09-15 20:24:59,256 - INFO - [SEARCH] Trying intervention: outlier → 4
2025-09-15 20:24:59,469 - INFO - [TRY] outlier=4,pipeline: {'missing_value': 2, 'outlier': 4, 'normalization': 4, 'model': 1}, Utility=254.7273, Best=213.4394
2025-09-15 20:24:59,469 - INFO - [SEARCH] Trying intervention: deduplication → 2
2025-09-15 20:24:59,974 - INFO - [TRY] deduplication=2,pipeline: {'missing_value': 2, 'deduplication': 2, 'outlier': 2, 'normalization': 4, 'model': 1}, Utility=293.8700, Best=213.4394
2025-09-15 20:24:59,974 - INFO - [SEARCH] Trying intervention: missing_value → 1
2025-09-15 20:25:00,339 - INFO - [TRY] missing_value=1,pipeline: {'missing_value': 1, 'outlier': 2, 'normalization': 4, 'model': 1}, Utility=203.0914, Best=213.4394
2025-09-15 20:25:00,340 - INFO - [SEARCH] Trying intervention: missing_value → 4
2025-09-15 20:25:00,603 - INFO - [TRY] missing_value=4,pipeline: {'missing_value': 4, 'outlier': 2, 'normalization': 4, 'model': 1}, Utility=190.5650, Best=203.0914
2025-09-15 20:25:00,603 - INFO - [SEARCH] Trying intervention: normalization → 2
2025-09-15 20:25:00,898 - INFO - [TRY] normalization=2,pipeline: {'missing_value': 4, 'outlier': 2, 'normalization': 2, 'model': 1}, Utility=135.7709, Best=190.5650
2025-09-15 20:25:00,898 - INFO - ✅ Target achieved 🎯
2025-09-15 20:25:00,898 - INFO - required optimistic iterations: 7
2025-09-15 20:25:00,898 - INFO - passing pipeline: order=['missing_value', 'outlier', 'normalization', 'model'], vec=[4, 2, 2, 1]
2025-09-15 20:25:00,898 - INFO - Total iterations so far: 7
2025-09-15 20:25:01,138 - INFO - Evaluating [2, 5, 1] -- Initial Utility 240.55654986363476 -- Target Utility 180
2025-09-15 20:25:41,551 - INFO - [OPTIMIZE] Trying combo size k=1
2025-09-15 20:25:41,551 - INFO - [INFO] Running optimistic search with combined interventions...
2025-09-15 20:25:41,551 - INFO - [SEARCH] Trying intervention: outlier → 3
2025-09-15 20:25:41,782 - INFO - [TRY] outlier=3,pipeline: {'missing_value': 2, 'outlier': 3, 'normalization': 5, 'model': 1}, Utility=215.0238, Best=240.5565
2025-09-15 20:25:41,782 - INFO - [SEARCH] Trying intervention: outlier → 2
2025-09-15 20:25:42,013 - INFO - [TRY] outlier=2,pipeline: {'missing_value': 2, 'outlier': 2, 'normalization': 5, 'model': 1}, Utility=189.9313, Best=215.0238
2025-09-15 20:25:42,013 - INFO - [SEARCH] Trying intervention: outlier → 4
2025-09-15 20:25:42,243 - INFO - [TRY] outlier=4,pipeline: {'missing_value': 2, 'outlier': 4, 'normalization': 5, 'model': 1}, Utility=252.0508, Best=189.9313
2025-09-15 20:25:42,243 - INFO - [SEARCH] Trying intervention: deduplication → 2
2025-09-15 20:25:42,457 - INFO - [TRY] deduplication=2,pipeline: {'missing_value': 2, 'deduplication': 2, 'outlier': 2, 'normalization': 5, 'model': 1}, Utility=292.8975, Best=189.9313
2025-09-15 20:25:42,457 - INFO - [SEARCH] Trying intervention: missing_value → 1
2025-09-15 20:25:42,824 - INFO - [TRY] missing_value=1,pipeline: {'missing_value': 1, 'outlier': 2, 'normalization': 5, 'model': 1}, Utility=189.7776, Best=189.9313
2025-09-15 20:25:42,824 - INFO - [SEARCH] Trying intervention: missing_value → 4
2025-09-15 20:25:43,083 - INFO - [TRY] missing_value=4,pipeline: {'missing_value': 4, 'outlier': 2, 'normalization': 5, 'model': 1}, Utility=175.1577, Best=189.7776
2025-09-15 20:25:43,083 - INFO - ✅ Target achieved 🎯
2025-09-15 20:25:43,083 - INFO - required optimistic iterations: 6
2025-09-15 20:25:43,083 - INFO - passing pipeline: order=['missing_value', 'outlier', 'normalization', 'model'], vec=[4, 2, 5, 1]
2025-09-15 20:25:43,083 - INFO - Total iterations so far: 6
2025-09-15 20:25:43,535 - INFO - Evaluating [2, 1, 1] -- Initial Utility 201.98017354041417 -- Target Utility 185
2025-09-15 20:26:27,873 - INFO - [OPTIMIZE] Trying combo size k=1
2025-09-15 20:26:27,874 - INFO - [INFO] Running optimistic search with combined interventions...
2025-09-15 20:26:27,874 - INFO - [SEARCH] Trying intervention: outlier → 3
2025-09-15 20:26:28,297 - INFO - [TRY] outlier=3,pipeline: {'missing_value': 2, 'outlier': 3, 'normalization': 1, 'model': 1}, Utility=197.7240, Best=201.9802
2025-09-15 20:26:28,297 - INFO - [SEARCH] Trying intervention: outlier → 2
2025-09-15 20:26:28,849 - INFO - [TRY] outlier=2,pipeline: {'missing_value': 2, 'outlier': 2, 'normalization': 1, 'model': 1}, Utility=180.5550, Best=197.7240
2025-09-15 20:26:28,849 - INFO - ✅ Target achieved 🎯
2025-09-15 20:26:28,849 - INFO - required optimistic iterations: 2
2025-09-15 20:26:28,849 - INFO - passing pipeline: order=['missing_value', 'outlier', 'normalization', 'model'], vec=[2, 2, 1, 1]
2025-09-15 20:26:28,849 - INFO - Total iterations so far: 2
2025-09-15 20:26:29,192 - INFO - Evaluating [2, 2, 1] -- Initial Utility 154.64066746624843 -- Target Utility 185
2025-09-15 20:26:29,465 - INFO - Evaluating [2, 3, 1] -- Initial Utility 176.6001879305071 -- Target Utility 185
2025-09-15 20:26:29,691 - INFO - Evaluating [2, 4, 1] -- Initial Utility 242.91414338348895 -- Target Utility 185
2025-09-15 20:27:11,213 - INFO - [OPTIMIZE] Trying combo size k=1
2025-09-15 20:27:11,213 - INFO - [INFO] Running optimistic search with combined interventions...
2025-09-15 20:27:11,213 - INFO - [SEARCH] Trying intervention: outlier → 3
2025-09-15 20:27:11,447 - INFO - [TRY] outlier=3,pipeline: {'missing_value': 2, 'outlier': 3, 'normalization': 4, 'model': 1}, Utility=219.6118, Best=242.9141
2025-09-15 20:27:11,447 - INFO - [SEARCH] Trying intervention: outlier → 2
2025-09-15 20:27:11,696 - INFO - [TRY] outlier=2,pipeline: {'missing_value': 2, 'outlier': 2, 'normalization': 4, 'model': 1}, Utility=213.4394, Best=219.6118
2025-09-15 20:27:11,696 - INFO - [SEARCH] Trying intervention: outlier → 4
2025-09-15 20:27:12,256 - INFO - [TRY] outlier=4,pipeline: {'missing_value': 2, 'outlier': 4, 'normalization': 4, 'model': 1}, Utility=254.7273, Best=213.4394
2025-09-15 20:27:12,256 - INFO - [SEARCH] Trying intervention: deduplication → 2
2025-09-15 20:27:12,966 - INFO - [TRY] deduplication=2,pipeline: {'missing_value': 2, 'deduplication': 2, 'outlier': 2, 'normalization': 4, 'model': 1}, Utility=293.8700, Best=213.4394
2025-09-15 20:27:12,966 - INFO - [SEARCH] Trying intervention: missing_value → 1
2025-09-15 20:27:13,198 - INFO - [TRY] missing_value=1,pipeline: {'missing_value': 1, 'outlier': 2, 'normalization': 4, 'model': 1}, Utility=203.0914, Best=213.4394
2025-09-15 20:27:13,198 - INFO - [SEARCH] Trying intervention: missing_value → 4
2025-09-15 20:27:13,433 - INFO - [TRY] missing_value=4,pipeline: {'missing_value': 4, 'outlier': 2, 'normalization': 4, 'model': 1}, Utility=190.5650, Best=203.0914
2025-09-15 20:27:13,433 - INFO - [SEARCH] Trying intervention: normalization → 2
2025-09-15 20:27:13,888 - INFO - [TRY] normalization=2,pipeline: {'missing_value': 4, 'outlier': 2, 'normalization': 2, 'model': 1}, Utility=135.7709, Best=190.5650
2025-09-15 20:27:13,888 - INFO - ✅ Target achieved 🎯
2025-09-15 20:27:13,888 - INFO - required optimistic iterations: 7
2025-09-15 20:27:13,888 - INFO - passing pipeline: order=['missing_value', 'outlier', 'normalization', 'model'], vec=[4, 2, 2, 1]
2025-09-15 20:27:13,888 - INFO - Total iterations so far: 7
2025-09-15 20:27:14,127 - INFO - Evaluating [2, 5, 1] -- Initial Utility 240.55654986363476 -- Target Utility 185
2025-09-15 20:27:54,500 - INFO - [OPTIMIZE] Trying combo size k=1
2025-09-15 20:27:54,501 - INFO - [INFO] Running optimistic search with combined interventions...
2025-09-15 20:27:54,501 - INFO - [SEARCH] Trying intervention: outlier → 3
2025-09-15 20:27:54,848 - INFO - [TRY] outlier=3,pipeline: {'missing_value': 2, 'outlier': 3, 'normalization': 5, 'model': 1}, Utility=215.0238, Best=240.5565
2025-09-15 20:27:54,848 - INFO - [SEARCH] Trying intervention: outlier → 2
2025-09-15 20:27:55,157 - INFO - [TRY] outlier=2,pipeline: {'missing_value': 2, 'outlier': 2, 'normalization': 5, 'model': 1}, Utility=189.9313, Best=215.0238
2025-09-15 20:27:55,157 - INFO - [SEARCH] Trying intervention: outlier → 4
2025-09-15 20:27:55,374 - INFO - [TRY] outlier=4,pipeline: {'missing_value': 2, 'outlier': 4, 'normalization': 5, 'model': 1}, Utility=252.0508, Best=189.9313
2025-09-15 20:27:55,374 - INFO - [SEARCH] Trying intervention: deduplication → 2
2025-09-15 20:27:55,673 - INFO - [TRY] deduplication=2,pipeline: {'missing_value': 2, 'deduplication': 2, 'outlier': 2, 'normalization': 5, 'model': 1}, Utility=292.8975, Best=189.9313
2025-09-15 20:27:55,673 - INFO - [SEARCH] Trying intervention: missing_value → 1
2025-09-15 20:27:55,873 - INFO - [TRY] missing_value=1,pipeline: {'missing_value': 1, 'outlier': 2, 'normalization': 5, 'model': 1}, Utility=189.7776, Best=189.9313
2025-09-15 20:27:55,873 - INFO - [SEARCH] Trying intervention: missing_value → 4
2025-09-15 20:27:56,114 - INFO - [TRY] missing_value=4,pipeline: {'missing_value': 4, 'outlier': 2, 'normalization': 5, 'model': 1}, Utility=175.1577, Best=189.7776
2025-09-15 20:27:56,114 - INFO - ✅ Target achieved 🎯
2025-09-15 20:27:56,114 - INFO - required optimistic iterations: 6
2025-09-15 20:27:56,114 - INFO - passing pipeline: order=['missing_value', 'outlier', 'normalization', 'model'], vec=[4, 2, 5, 1]
2025-09-15 20:27:56,114 - INFO - Total iterations so far: 6
