2025-09-16 09:44:41,544 - INFO - Evaluating [2, 1, 1] -- Initial Utility 188.78252272144636 -- Target Utility 162
2025-09-16 09:45:12,674 - INFO - [PILOT] action=similarity → attempts_to_pass=1
2025-09-16 09:45:41,414 - INFO - [PILOT] action=prediction → attempts_to_pass=1
2025-09-16 09:45:41,415 - INFO - [PILOT] best-so-far action=similarity (avg attempts=1.000, this_call_k=1)
2025-09-16 09:46:10,172 - INFO - [CHOICE] Using weights wS=1.0, wU=0.0 for ranking this run. (pilot_choice=similarity, pilot_k=1)
2025-09-16 09:46:10,172 - INFO - [OPTIMIZE] Trying combo size k=1
2025-09-16 09:46:10,172 - INFO - [INFO] Running optimistic search with combined interventions...
2025-09-16 09:46:10,172 - INFO - [SEARCH] Trying intervention: outlier → 6
2025-09-16 09:46:10,270 - INFO - [TRY] outlier=6, pipeline: {'missing_value': 2, 'outlier': 6, 'normalization': 1, 'model': 1}, Utility=159.3517, Best=188.7825
2025-09-16 09:46:10,270 - INFO - ✅ Target achieved 🎯
2025-09-16 09:46:10,270 - INFO - required optimistic iterations: 1
2025-09-16 09:46:10,270 - INFO - passing pipeline: order=['missing_value', 'outlier', 'normalization', 'model'], vec=[2, 6, 1, 1]
2025-09-16 09:46:10,270 - INFO - Total iterations so far (this init_param): 1
2025-09-16 09:46:10,327 - INFO - Evaluating [2, 2, 1] -- Initial Utility 188.78252272144633 -- Target Utility 162
2025-09-16 09:46:44,475 - INFO - [PILOT] action=similarity → attempts_to_pass=1
2025-09-16 09:47:18,635 - INFO - [PILOT] action=prediction → attempts_to_pass=1
2025-09-16 09:47:18,636 - INFO - [PILOT] best-so-far action=similarity (avg attempts=1.000, this_call_k=1)
2025-09-16 09:47:52,122 - INFO - [CHOICE] Using weights wS=1.0, wU=0.0 for ranking this run. (pilot_choice=similarity, pilot_k=1)
2025-09-16 09:47:52,123 - INFO - [OPTIMIZE] Trying combo size k=1
2025-09-16 09:47:52,123 - INFO - [INFO] Running optimistic search with combined interventions...
2025-09-16 09:47:52,123 - INFO - [SEARCH] Trying intervention: outlier → 6
2025-09-16 09:47:52,234 - INFO - [TRY] outlier=6, pipeline: {'missing_value': 2, 'outlier': 6, 'normalization': 2, 'model': 1}, Utility=159.3517, Best=188.7825
2025-09-16 09:47:52,234 - INFO - ✅ Target achieved 🎯
2025-09-16 09:47:52,234 - INFO - required optimistic iterations: 1
2025-09-16 09:47:52,234 - INFO - passing pipeline: order=['missing_value', 'outlier', 'normalization', 'model'], vec=[2, 6, 2, 1]
2025-09-16 09:47:52,234 - INFO - Total iterations so far (this init_param): 1
2025-09-16 09:47:52,286 - INFO - Evaluating [2, 3, 1] -- Initial Utility 188.78252272144633 -- Target Utility 162
2025-09-16 09:48:26,053 - INFO - [PILOT] action=similarity → attempts_to_pass=1
2025-09-16 09:49:00,136 - INFO - [PILOT] action=prediction → attempts_to_pass=1
2025-09-16 09:49:00,137 - INFO - [PILOT] best-so-far action=similarity (avg attempts=1.000, this_call_k=1)
2025-09-16 09:49:00,137 - INFO - [PILOT] Finalized action after 3 calls: similarity (wS=1.0, wU=0.0)
2025-09-16 09:49:34,203 - INFO - [CHOICE] Using weights wS=1.0, wU=0.0 for ranking this run. (pilot_choice=similarity, pilot_k=1)
2025-09-16 09:49:34,204 - INFO - [OPTIMIZE] Trying combo size k=1
2025-09-16 09:49:34,204 - INFO - [INFO] Running optimistic search with combined interventions...
2025-09-16 09:49:34,204 - INFO - [SEARCH] Trying intervention: outlier → 6
2025-09-16 09:49:34,302 - INFO - [TRY] outlier=6, pipeline: {'missing_value': 2, 'outlier': 6, 'normalization': 3, 'model': 1}, Utility=159.3517, Best=188.7825
2025-09-16 09:49:34,302 - INFO - ✅ Target achieved 🎯
2025-09-16 09:49:34,302 - INFO - required optimistic iterations: 1
2025-09-16 09:49:34,302 - INFO - passing pipeline: order=['missing_value', 'outlier', 'normalization', 'model'], vec=[2, 6, 3, 1]
2025-09-16 09:49:34,302 - INFO - Total iterations so far (this init_param): 1
2025-09-16 09:49:34,353 - INFO - Evaluating [2, 4, 1] -- Initial Utility 188.78252272144633 -- Target Utility 162
2025-09-16 09:50:08,211 - INFO - [CHOICE] Using weights wS=1.0, wU=0.0 for ranking this run. (pilot_choice=similarity, pilot_k=None)
2025-09-16 09:50:08,211 - INFO - [OPTIMIZE] Trying combo size k=1
2025-09-16 09:50:08,211 - INFO - [INFO] Running optimistic search with combined interventions...
2025-09-16 09:50:08,211 - INFO - [SEARCH] Trying intervention: outlier → 6
2025-09-16 09:50:08,309 - INFO - [TRY] outlier=6, pipeline: {'missing_value': 2, 'outlier': 6, 'normalization': 4, 'model': 1}, Utility=159.3517, Best=188.7825
2025-09-16 09:50:08,309 - INFO - ✅ Target achieved 🎯
2025-09-16 09:50:08,309 - INFO - required optimistic iterations: 1
2025-09-16 09:50:08,309 - INFO - passing pipeline: order=['missing_value', 'outlier', 'normalization', 'model'], vec=[2, 6, 4, 1]
2025-09-16 09:50:08,309 - INFO - Total iterations so far (this init_param): 1
2025-09-16 09:50:08,362 - INFO - Evaluating [2, 5, 1] -- Initial Utility 188.78252272144633 -- Target Utility 162
2025-09-16 09:50:42,069 - INFO - [CHOICE] Using weights wS=1.0, wU=0.0 for ranking this run. (pilot_choice=similarity, pilot_k=None)
2025-09-16 09:50:42,070 - INFO - [OPTIMIZE] Trying combo size k=1
2025-09-16 09:50:42,070 - INFO - [INFO] Running optimistic search with combined interventions...
2025-09-16 09:50:42,070 - INFO - [SEARCH] Trying intervention: outlier → 6
2025-09-16 09:50:42,167 - INFO - [TRY] outlier=6, pipeline: {'missing_value': 2, 'outlier': 6, 'normalization': 5, 'model': 1}, Utility=159.3517, Best=188.7825
2025-09-16 09:50:42,167 - INFO - ✅ Target achieved 🎯
2025-09-16 09:50:42,167 - INFO - required optimistic iterations: 1
2025-09-16 09:50:42,167 - INFO - passing pipeline: order=['missing_value', 'outlier', 'normalization', 'model'], vec=[2, 6, 5, 1]
2025-09-16 09:50:42,167 - INFO - Total iterations so far (this init_param): 1
2025-09-16 09:50:42,219 - INFO - Evaluating [2, 1, 1] -- Initial Utility 188.78252272144636 -- Target Utility 170
2025-09-16 09:51:09,717 - INFO - [CHOICE] Using weights wS=1.0, wU=0.0 for ranking this run. (pilot_choice=similarity, pilot_k=None)
2025-09-16 09:51:09,717 - INFO - [OPTIMIZE] Trying combo size k=1
2025-09-16 09:51:09,717 - INFO - [INFO] Running optimistic search with combined interventions...
2025-09-16 09:51:09,717 - INFO - [SEARCH] Trying intervention: outlier → 6
2025-09-16 09:51:09,814 - INFO - [TRY] outlier=6, pipeline: {'missing_value': 2, 'outlier': 6, 'normalization': 1, 'model': 1}, Utility=159.3517, Best=188.7825
2025-09-16 09:51:09,814 - INFO - ✅ Target achieved 🎯
2025-09-16 09:51:09,814 - INFO - required optimistic iterations: 1
2025-09-16 09:51:09,814 - INFO - passing pipeline: order=['missing_value', 'outlier', 'normalization', 'model'], vec=[2, 6, 1, 1]
2025-09-16 09:51:09,814 - INFO - Total iterations so far (this init_param): 1
2025-09-16 09:51:09,871 - INFO - Evaluating [2, 2, 1] -- Initial Utility 188.78252272144633 -- Target Utility 170
2025-09-16 09:51:44,013 - INFO - [CHOICE] Using weights wS=1.0, wU=0.0 for ranking this run. (pilot_choice=similarity, pilot_k=None)
2025-09-16 09:51:44,013 - INFO - [OPTIMIZE] Trying combo size k=1
2025-09-16 09:51:44,013 - INFO - [INFO] Running optimistic search with combined interventions...
2025-09-16 09:51:44,013 - INFO - [SEARCH] Trying intervention: outlier → 6
2025-09-16 09:51:44,161 - INFO - [TRY] outlier=6, pipeline: {'missing_value': 2, 'outlier': 6, 'normalization': 2, 'model': 1}, Utility=159.3517, Best=188.7825
2025-09-16 09:51:44,161 - INFO - ✅ Target achieved 🎯
2025-09-16 09:51:44,161 - INFO - required optimistic iterations: 1
2025-09-16 09:51:44,161 - INFO - passing pipeline: order=['missing_value', 'outlier', 'normalization', 'model'], vec=[2, 6, 2, 1]
2025-09-16 09:51:44,161 - INFO - Total iterations so far (this init_param): 1
2025-09-16 09:51:44,253 - INFO - Evaluating [2, 3, 1] -- Initial Utility 188.78252272144633 -- Target Utility 170
2025-09-16 09:52:20,129 - INFO - [CHOICE] Using weights wS=1.0, wU=0.0 for ranking this run. (pilot_choice=similarity, pilot_k=None)
2025-09-16 09:52:20,130 - INFO - [OPTIMIZE] Trying combo size k=1
2025-09-16 09:52:20,130 - INFO - [INFO] Running optimistic search with combined interventions...
2025-09-16 09:52:20,130 - INFO - [SEARCH] Trying intervention: outlier → 6
2025-09-16 09:52:20,230 - INFO - [TRY] outlier=6, pipeline: {'missing_value': 2, 'outlier': 6, 'normalization': 3, 'model': 1}, Utility=159.3517, Best=188.7825
2025-09-16 09:52:20,230 - INFO - ✅ Target achieved 🎯
2025-09-16 09:52:20,230 - INFO - required optimistic iterations: 1
2025-09-16 09:52:20,230 - INFO - passing pipeline: order=['missing_value', 'outlier', 'normalization', 'model'], vec=[2, 6, 3, 1]
2025-09-16 09:52:20,230 - INFO - Total iterations so far (this init_param): 1
2025-09-16 09:52:20,291 - INFO - Evaluating [2, 4, 1] -- Initial Utility 188.78252272144633 -- Target Utility 170
2025-09-16 09:52:54,239 - INFO - [CHOICE] Using weights wS=1.0, wU=0.0 for ranking this run. (pilot_choice=similarity, pilot_k=None)
2025-09-16 09:52:54,240 - INFO - [OPTIMIZE] Trying combo size k=1
2025-09-16 09:52:54,240 - INFO - [INFO] Running optimistic search with combined interventions...
2025-09-16 09:52:54,240 - INFO - [SEARCH] Trying intervention: outlier → 6
2025-09-16 09:52:54,369 - INFO - [TRY] outlier=6, pipeline: {'missing_value': 2, 'outlier': 6, 'normalization': 4, 'model': 1}, Utility=159.3517, Best=188.7825
2025-09-16 09:52:54,369 - INFO - ✅ Target achieved 🎯
2025-09-16 09:52:54,369 - INFO - required optimistic iterations: 1
2025-09-16 09:52:54,370 - INFO - passing pipeline: order=['missing_value', 'outlier', 'normalization', 'model'], vec=[2, 6, 4, 1]
2025-09-16 09:52:54,370 - INFO - Total iterations so far (this init_param): 1
2025-09-16 09:52:54,428 - INFO - Evaluating [2, 5, 1] -- Initial Utility 188.78252272144633 -- Target Utility 170
2025-09-16 09:53:28,197 - INFO - [CHOICE] Using weights wS=1.0, wU=0.0 for ranking this run. (pilot_choice=similarity, pilot_k=None)
2025-09-16 09:53:28,197 - INFO - [OPTIMIZE] Trying combo size k=1
2025-09-16 09:53:28,197 - INFO - [INFO] Running optimistic search with combined interventions...
2025-09-16 09:53:28,197 - INFO - [SEARCH] Trying intervention: outlier → 6
2025-09-16 09:53:28,294 - INFO - [TRY] outlier=6, pipeline: {'missing_value': 2, 'outlier': 6, 'normalization': 5, 'model': 1}, Utility=159.3517, Best=188.7825
2025-09-16 09:53:28,294 - INFO - ✅ Target achieved 🎯
2025-09-16 09:53:28,294 - INFO - required optimistic iterations: 1
2025-09-16 09:53:28,294 - INFO - passing pipeline: order=['missing_value', 'outlier', 'normalization', 'model'], vec=[2, 6, 5, 1]
2025-09-16 09:53:28,294 - INFO - Total iterations so far (this init_param): 1
2025-09-16 09:53:28,345 - INFO - Evaluating [2, 1, 1] -- Initial Utility 188.78252272144636 -- Target Utility 180
2025-09-16 09:53:56,126 - INFO - [CHOICE] Using weights wS=1.0, wU=0.0 for ranking this run. (pilot_choice=similarity, pilot_k=None)
2025-09-16 09:53:56,126 - INFO - [OPTIMIZE] Trying combo size k=1
2025-09-16 09:53:56,126 - INFO - [INFO] Running optimistic search with combined interventions...
2025-09-16 09:53:56,126 - INFO - [SEARCH] Trying intervention: outlier → 6
2025-09-16 09:53:56,223 - INFO - [TRY] outlier=6, pipeline: {'missing_value': 2, 'outlier': 6, 'normalization': 1, 'model': 1}, Utility=159.3517, Best=188.7825
2025-09-16 09:53:56,223 - INFO - ✅ Target achieved 🎯
2025-09-16 09:53:56,223 - INFO - required optimistic iterations: 1
2025-09-16 09:53:56,223 - INFO - passing pipeline: order=['missing_value', 'outlier', 'normalization', 'model'], vec=[2, 6, 1, 1]
2025-09-16 09:53:56,223 - INFO - Total iterations so far (this init_param): 1
2025-09-16 09:53:56,284 - INFO - Evaluating [2, 2, 1] -- Initial Utility 188.78252272144633 -- Target Utility 180
2025-09-16 09:54:30,375 - INFO - [CHOICE] Using weights wS=1.0, wU=0.0 for ranking this run. (pilot_choice=similarity, pilot_k=None)
2025-09-16 09:54:30,375 - INFO - [OPTIMIZE] Trying combo size k=1
2025-09-16 09:54:30,375 - INFO - [INFO] Running optimistic search with combined interventions...
2025-09-16 09:54:30,375 - INFO - [SEARCH] Trying intervention: outlier → 6
2025-09-16 09:54:30,472 - INFO - [TRY] outlier=6, pipeline: {'missing_value': 2, 'outlier': 6, 'normalization': 2, 'model': 1}, Utility=159.3517, Best=188.7825
2025-09-16 09:54:30,472 - INFO - ✅ Target achieved 🎯
2025-09-16 09:54:30,472 - INFO - required optimistic iterations: 1
2025-09-16 09:54:30,472 - INFO - passing pipeline: order=['missing_value', 'outlier', 'normalization', 'model'], vec=[2, 6, 2, 1]
2025-09-16 09:54:30,472 - INFO - Total iterations so far (this init_param): 1
2025-09-16 09:54:30,531 - INFO - Evaluating [2, 3, 1] -- Initial Utility 188.78252272144633 -- Target Utility 180
2025-09-16 09:55:05,201 - INFO - [CHOICE] Using weights wS=1.0, wU=0.0 for ranking this run. (pilot_choice=similarity, pilot_k=None)
2025-09-16 09:55:05,201 - INFO - [OPTIMIZE] Trying combo size k=1
2025-09-16 09:55:05,201 - INFO - [INFO] Running optimistic search with combined interventions...
2025-09-16 09:55:05,201 - INFO - [SEARCH] Trying intervention: outlier → 6
2025-09-16 09:55:05,299 - INFO - [TRY] outlier=6, pipeline: {'missing_value': 2, 'outlier': 6, 'normalization': 3, 'model': 1}, Utility=159.3517, Best=188.7825
2025-09-16 09:55:05,299 - INFO - ✅ Target achieved 🎯
2025-09-16 09:55:05,299 - INFO - required optimistic iterations: 1
2025-09-16 09:55:05,299 - INFO - passing pipeline: order=['missing_value', 'outlier', 'normalization', 'model'], vec=[2, 6, 3, 1]
2025-09-16 09:55:05,299 - INFO - Total iterations so far (this init_param): 1
2025-09-16 09:55:05,360 - INFO - Evaluating [2, 4, 1] -- Initial Utility 188.78252272144633 -- Target Utility 180
2025-09-16 09:55:40,187 - INFO - [CHOICE] Using weights wS=1.0, wU=0.0 for ranking this run. (pilot_choice=similarity, pilot_k=None)
2025-09-16 09:55:40,187 - INFO - [OPTIMIZE] Trying combo size k=1
2025-09-16 09:55:40,188 - INFO - [INFO] Running optimistic search with combined interventions...
2025-09-16 09:55:40,188 - INFO - [SEARCH] Trying intervention: outlier → 6
2025-09-16 09:55:40,297 - INFO - [TRY] outlier=6, pipeline: {'missing_value': 2, 'outlier': 6, 'normalization': 4, 'model': 1}, Utility=159.3517, Best=188.7825
2025-09-16 09:55:40,297 - INFO - ✅ Target achieved 🎯
2025-09-16 09:55:40,297 - INFO - required optimistic iterations: 1
2025-09-16 09:55:40,297 - INFO - passing pipeline: order=['missing_value', 'outlier', 'normalization', 'model'], vec=[2, 6, 4, 1]
2025-09-16 09:55:40,297 - INFO - Total iterations so far (this init_param): 1
2025-09-16 09:55:40,465 - INFO - Evaluating [2, 5, 1] -- Initial Utility 188.78252272144633 -- Target Utility 180
2025-09-16 09:56:14,396 - INFO - [CHOICE] Using weights wS=1.0, wU=0.0 for ranking this run. (pilot_choice=similarity, pilot_k=None)
2025-09-16 09:56:14,396 - INFO - [OPTIMIZE] Trying combo size k=1
2025-09-16 09:56:14,397 - INFO - [INFO] Running optimistic search with combined interventions...
2025-09-16 09:56:14,397 - INFO - [SEARCH] Trying intervention: outlier → 6
2025-09-16 09:56:14,495 - INFO - [TRY] outlier=6, pipeline: {'missing_value': 2, 'outlier': 6, 'normalization': 5, 'model': 1}, Utility=159.3517, Best=188.7825
2025-09-16 09:56:14,495 - INFO - ✅ Target achieved 🎯
2025-09-16 09:56:14,495 - INFO - required optimistic iterations: 1
2025-09-16 09:56:14,495 - INFO - passing pipeline: order=['missing_value', 'outlier', 'normalization', 'model'], vec=[2, 6, 5, 1]
2025-09-16 09:56:14,495 - INFO - Total iterations so far (this init_param): 1
2025-09-16 09:56:14,545 - INFO - Evaluating [2, 1, 1] -- Initial Utility 188.78252272144636 -- Target Utility 185
2025-09-16 09:56:41,771 - INFO - [CHOICE] Using weights wS=1.0, wU=0.0 for ranking this run. (pilot_choice=similarity, pilot_k=None)
2025-09-16 09:56:41,772 - INFO - [OPTIMIZE] Trying combo size k=1
2025-09-16 09:56:41,772 - INFO - [INFO] Running optimistic search with combined interventions...
2025-09-16 09:56:41,772 - INFO - [SEARCH] Trying intervention: outlier → 6
2025-09-16 09:56:41,868 - INFO - [TRY] outlier=6, pipeline: {'missing_value': 2, 'outlier': 6, 'normalization': 1, 'model': 1}, Utility=159.3517, Best=188.7825
2025-09-16 09:56:41,868 - INFO - ✅ Target achieved 🎯
2025-09-16 09:56:41,868 - INFO - required optimistic iterations: 1
2025-09-16 09:56:41,868 - INFO - passing pipeline: order=['missing_value', 'outlier', 'normalization', 'model'], vec=[2, 6, 1, 1]
2025-09-16 09:56:41,868 - INFO - Total iterations so far (this init_param): 1
2025-09-16 09:56:41,918 - INFO - Evaluating [2, 2, 1] -- Initial Utility 188.78252272144633 -- Target Utility 185
2025-09-16 09:57:15,627 - INFO - [CHOICE] Using weights wS=1.0, wU=0.0 for ranking this run. (pilot_choice=similarity, pilot_k=None)
2025-09-16 09:57:15,627 - INFO - [OPTIMIZE] Trying combo size k=1
2025-09-16 09:57:15,627 - INFO - [INFO] Running optimistic search with combined interventions...
2025-09-16 09:57:15,627 - INFO - [SEARCH] Trying intervention: outlier → 6
2025-09-16 09:57:15,725 - INFO - [TRY] outlier=6, pipeline: {'missing_value': 2, 'outlier': 6, 'normalization': 2, 'model': 1}, Utility=159.3517, Best=188.7825
2025-09-16 09:57:15,725 - INFO - ✅ Target achieved 🎯
2025-09-16 09:57:15,725 - INFO - required optimistic iterations: 1
2025-09-16 09:57:15,725 - INFO - passing pipeline: order=['missing_value', 'outlier', 'normalization', 'model'], vec=[2, 6, 2, 1]
2025-09-16 09:57:15,725 - INFO - Total iterations so far (this init_param): 1
2025-09-16 09:57:15,776 - INFO - Evaluating [2, 3, 1] -- Initial Utility 188.78252272144633 -- Target Utility 185
2025-09-16 09:57:49,143 - INFO - [CHOICE] Using weights wS=1.0, wU=0.0 for ranking this run. (pilot_choice=similarity, pilot_k=None)
2025-09-16 09:57:49,144 - INFO - [OPTIMIZE] Trying combo size k=1
2025-09-16 09:57:49,144 - INFO - [INFO] Running optimistic search with combined interventions...
2025-09-16 09:57:49,144 - INFO - [SEARCH] Trying intervention: outlier → 6
2025-09-16 09:57:49,241 - INFO - [TRY] outlier=6, pipeline: {'missing_value': 2, 'outlier': 6, 'normalization': 3, 'model': 1}, Utility=159.3517, Best=188.7825
2025-09-16 09:57:49,242 - INFO - ✅ Target achieved 🎯
2025-09-16 09:57:49,242 - INFO - required optimistic iterations: 1
2025-09-16 09:57:49,242 - INFO - passing pipeline: order=['missing_value', 'outlier', 'normalization', 'model'], vec=[2, 6, 3, 1]
2025-09-16 09:57:49,242 - INFO - Total iterations so far (this init_param): 1
2025-09-16 09:57:49,297 - INFO - Evaluating [2, 4, 1] -- Initial Utility 188.78252272144633 -- Target Utility 185
2025-09-16 09:58:22,980 - INFO - [CHOICE] Using weights wS=1.0, wU=0.0 for ranking this run. (pilot_choice=similarity, pilot_k=None)
2025-09-16 09:58:22,981 - INFO - [OPTIMIZE] Trying combo size k=1
2025-09-16 09:58:22,981 - INFO - [INFO] Running optimistic search with combined interventions...
2025-09-16 09:58:22,981 - INFO - [SEARCH] Trying intervention: outlier → 6
2025-09-16 09:58:23,078 - INFO - [TRY] outlier=6, pipeline: {'missing_value': 2, 'outlier': 6, 'normalization': 4, 'model': 1}, Utility=159.3517, Best=188.7825
2025-09-16 09:58:23,078 - INFO - ✅ Target achieved 🎯
2025-09-16 09:58:23,078 - INFO - required optimistic iterations: 1
2025-09-16 09:58:23,078 - INFO - passing pipeline: order=['missing_value', 'outlier', 'normalization', 'model'], vec=[2, 6, 4, 1]
2025-09-16 09:58:23,078 - INFO - Total iterations so far (this init_param): 1
2025-09-16 09:58:23,128 - INFO - Evaluating [2, 5, 1] -- Initial Utility 188.78252272144633 -- Target Utility 185
2025-09-16 09:58:56,614 - INFO - [CHOICE] Using weights wS=1.0, wU=0.0 for ranking this run. (pilot_choice=similarity, pilot_k=None)
2025-09-16 09:58:56,615 - INFO - [OPTIMIZE] Trying combo size k=1
2025-09-16 09:58:56,615 - INFO - [INFO] Running optimistic search with combined interventions...
2025-09-16 09:58:56,615 - INFO - [SEARCH] Trying intervention: outlier → 6
2025-09-16 09:58:56,712 - INFO - [TRY] outlier=6, pipeline: {'missing_value': 2, 'outlier': 6, 'normalization': 5, 'model': 1}, Utility=159.3517, Best=188.7825
2025-09-16 09:58:56,713 - INFO - ✅ Target achieved 🎯
2025-09-16 09:58:56,713 - INFO - required optimistic iterations: 1
2025-09-16 09:58:56,713 - INFO - passing pipeline: order=['missing_value', 'outlier', 'normalization', 'model'], vec=[2, 6, 5, 1]
2025-09-16 09:58:56,713 - INFO - Total iterations so far (this init_param): 1
