2026-02-20 00:02:11,603 - INFO - Evaluating [1, 2, 4, 4, 2, 1, 2, 1, 6, 2, 2, 1, 2, 1] -- Initial Utility 0.0895753287715545 -- Target Utility 0.02
2026-02-20 00:05:02,442 - INFO - [OPTIMIZE] Trying combo size k=1
2026-02-20 00:05:02,442 - INFO - [INFO] Running optimistic search with combined interventions...
2026-02-20 00:05:02,442 - INFO - [SEARCH] Trying intervention: floating_point → 3
2026-02-20 00:05:09,150 - INFO - current utility 0.09
2026-02-20 00:05:09,151 - INFO - [TRY] floating_point=3,pipeline: {'sampling': 1.0, 'invalid_value': 2.0, 'missing_value': 4.0, 'floating_point': 3, 'unit_converter': 2.0, 'distribution_shape': 1.0, 'multicollinearity': 2.0, 'normalization': 1.0, 'outlier': 6.0, 'punctuation': 2.0, 'stopword': 2.0, 'lowercase': 1.0, 'whitespace': 2.0, 'model': 1.0}, Utility=0.09, Best=0.09
2026-02-20 00:05:09,151 - INFO - [SEARCH] Trying intervention: deduplication → 1
2026-02-20 00:05:15,176 - INFO - current utility 0.09
2026-02-20 00:05:15,176 - INFO - [TRY] deduplication=1,pipeline: {'sampling': 1.0, 'invalid_value': 2.0, 'missing_value': 4.0, 'floating_point': 4.0, 'unit_converter': 2.0, 'distribution_shape': 1.0, 'multicollinearity': 2.0, 'normalization': 1.0, 'outlier': 6.0, 'punctuation': 2.0, 'deduplication': 1, 'stopword': 2.0, 'lowercase': 1.0, 'whitespace': 2.0, 'model': 1.0}, Utility=0.09, Best=0.09
2026-02-20 00:05:15,176 - INFO - [SEARCH] Trying intervention: floating_point → 1
2026-02-20 00:05:21,351 - INFO - current utility 0.09
2026-02-20 00:05:21,351 - INFO - [TRY] floating_point=1,pipeline: {'sampling': 1.0, 'invalid_value': 2.0, 'missing_value': 4.0, 'floating_point': 1, 'unit_converter': 2.0, 'distribution_shape': 1.0, 'multicollinearity': 2.0, 'normalization': 1.0, 'outlier': 6.0, 'punctuation': 2.0, 'stopword': 2.0, 'lowercase': 1.0, 'whitespace': 2.0, 'model': 1.0}, Utility=0.09, Best=0.09
2026-02-20 00:05:21,351 - INFO - [SEARCH] Trying intervention: invalid_value → 3
2026-02-20 00:05:27,152 - INFO - current utility 0.09
2026-02-20 00:05:27,152 - INFO - [TRY] invalid_value=3,pipeline: {'sampling': 1.0, 'invalid_value': 3, 'missing_value': 4.0, 'floating_point': 1, 'unit_converter': 2.0, 'distribution_shape': 1.0, 'multicollinearity': 2.0, 'normalization': 1.0, 'outlier': 6.0, 'punctuation': 2.0, 'stopword': 2.0, 'lowercase': 1.0, 'whitespace': 2.0, 'model': 1.0}, Utility=0.09, Best=0.09
2026-02-20 00:05:27,152 - INFO - [SEARCH] Trying intervention: unit_converter → 1
2026-02-20 00:05:32,236 - INFO - current utility 0.09
2026-02-20 00:05:32,236 - INFO - [TRY] unit_converter=1,pipeline: {'sampling': 1.0, 'invalid_value': 2.0, 'missing_value': 4.0, 'floating_point': 1, 'unit_converter': 1, 'distribution_shape': 1.0, 'multicollinearity': 2.0, 'normalization': 1.0, 'outlier': 6.0, 'punctuation': 2.0, 'stopword': 2.0, 'lowercase': 1.0, 'whitespace': 2.0, 'model': 1.0}, Utility=0.09, Best=0.09
2026-02-20 00:05:32,236 - INFO - [SEARCH] Trying intervention: sampling → 4
2026-02-20 00:05:34,337 - INFO - current utility 0.04
2026-02-20 00:05:34,338 - INFO - [TRY] sampling=4,pipeline: {'sampling': 4, 'invalid_value': 2.0, 'missing_value': 4.0, 'floating_point': 1, 'unit_converter': 2.0, 'distribution_shape': 1.0, 'multicollinearity': 2.0, 'normalization': 1.0, 'outlier': 6.0, 'punctuation': 2.0, 'stopword': 2.0, 'lowercase': 1.0, 'whitespace': 2.0, 'model': 1.0}, Utility=0.04, Best=0.09
2026-02-20 00:05:34,338 - INFO - [SEARCH] Trying intervention: missing_value → 6
2026-02-20 00:05:43,311 - INFO - current utility 0.04
2026-02-20 00:05:43,311 - INFO - [TRY] missing_value=6,pipeline: {'sampling': 4, 'invalid_value': 2.0, 'missing_value': 6, 'floating_point': 1, 'unit_converter': 2.0, 'distribution_shape': 1.0, 'multicollinearity': 2.0, 'normalization': 1.0, 'outlier': 6.0, 'punctuation': 2.0, 'stopword': 2.0, 'lowercase': 1.0, 'whitespace': 2.0, 'model': 1.0}, Utility=0.04, Best=0.04
2026-02-20 00:05:43,311 - INFO - [SEARCH] Trying intervention: deduplication → 2
2026-02-20 00:05:46,074 - INFO - current utility 0.04
2026-02-20 00:05:46,074 - INFO - [TRY] deduplication=2,pipeline: {'sampling': 4, 'invalid_value': 2.0, 'missing_value': 6, 'floating_point': 1, 'unit_converter': 2.0, 'distribution_shape': 1.0, 'multicollinearity': 2.0, 'normalization': 1.0, 'outlier': 6.0, 'punctuation': 2.0, 'stopword': 2.0, 'lowercase': 1.0, 'deduplication': 2, 'whitespace': 2.0, 'model': 1.0}, Utility=0.04, Best=0.04
2026-02-20 00:05:46,074 - INFO - [SEARCH] Trying intervention: missing_value → 8
2026-02-20 00:05:50,068 - INFO - current utility 0.04
2026-02-20 00:05:50,068 - INFO - [TRY] missing_value=8,pipeline: {'sampling': 4, 'invalid_value': 2.0, 'missing_value': 8, 'floating_point': 1, 'unit_converter': 2.0, 'distribution_shape': 1.0, 'multicollinearity': 2.0, 'normalization': 1.0, 'outlier': 6.0, 'punctuation': 2.0, 'stopword': 2.0, 'lowercase': 1.0, 'whitespace': 2.0, 'model': 1.0}, Utility=0.04, Best=0.04
2026-02-20 00:05:50,068 - INFO - [SEARCH] Trying intervention: outlier → 3
2026-02-20 00:06:00,610 - INFO - current utility 0.02
2026-02-20 00:06:00,610 - INFO - [TRY] outlier=3,pipeline: {'sampling': 4, 'invalid_value': 2.0, 'missing_value': 8, 'floating_point': 1, 'unit_converter': 2.0, 'distribution_shape': 1.0, 'multicollinearity': 2.0, 'normalization': 1.0, 'outlier': 3, 'punctuation': 2.0, 'stopword': 2.0, 'lowercase': 1.0, 'whitespace': 2.0, 'model': 1.0}, Utility=0.02, Best=0.04
2026-02-20 00:06:00,610 - INFO - ✅ Target achieved 🎯
2026-02-20 00:06:00,610 - INFO - required optimistic iterations: 10
2026-02-20 00:06:00,610 - INFO - passing pipeline: order=['sampling', 'invalid_value', 'missing_value', 'floating_point', 'unit_converter', 'distribution_shape', 'multicollinearity', 'normalization', 'outlier', 'punctuation', 'stopword', 'lowercase', 'whitespace', 'model'], vec=[4, 2, 8, 1, 2, 1, 2, 1, 3, 2, 2, 1, 2, 1]
2026-02-20 00:06:00,610 - INFO - Total iterations so far: 10
2026-02-20 00:06:00,610 - INFO - pipeline[1. 2. 4.]
2026-02-20 00:06:01,985 - INFO - Evaluating [4, 2, 3, 4, 1, 2, 1, 1, 3, 2, 2, 2, 2, 1] -- Initial Utility 0.053831180067573994 -- Target Utility 0.02
2026-02-20 00:06:56,771 - INFO - [OPTIMIZE] Trying combo size k=1
2026-02-20 00:06:56,771 - INFO - [INFO] Running optimistic search with combined interventions...
2026-02-20 00:06:56,772 - INFO - [SEARCH] Trying intervention: missing_value → 7
2026-02-20 00:06:59,069 - INFO - current utility 0.04
2026-02-20 00:06:59,070 - INFO - [TRY] missing_value=7,pipeline: {'sampling': 4.0, 'invalid_value': 2.0, 'missing_value': 7, 'floating_point': 4.0, 'unit_converter': 1.0, 'distribution_shape': 2.0, 'multicollinearity': 1.0, 'normalization': 1.0, 'outlier': 3.0, 'punctuation': 2.0, 'stopword': 2.0, 'lowercase': 2.0, 'whitespace': 2.0, 'model': 1.0}, Utility=0.04, Best=0.05
2026-02-20 00:06:59,070 - INFO - [SEARCH] Trying intervention: missing_value → 2
2026-02-20 00:07:00,877 - INFO - current utility 0.04
2026-02-20 00:07:00,877 - INFO - [TRY] missing_value=2,pipeline: {'sampling': 4.0, 'invalid_value': 2.0, 'missing_value': 2, 'floating_point': 4.0, 'unit_converter': 1.0, 'distribution_shape': 2.0, 'multicollinearity': 1.0, 'normalization': 1.0, 'outlier': 3.0, 'punctuation': 2.0, 'stopword': 2.0, 'lowercase': 2.0, 'whitespace': 2.0, 'model': 1.0}, Utility=0.04, Best=0.04
2026-02-20 00:07:00,877 - INFO - [SEARCH] Trying intervention: invalid_value → 4
2026-02-20 00:07:04,113 - INFO - current utility 0.04
2026-02-20 00:07:04,113 - INFO - [TRY] invalid_value=4,pipeline: {'sampling': 4.0, 'invalid_value': 4, 'missing_value': 7, 'floating_point': 4.0, 'unit_converter': 1.0, 'distribution_shape': 2.0, 'multicollinearity': 1.0, 'normalization': 1.0, 'outlier': 3.0, 'punctuation': 2.0, 'stopword': 2.0, 'lowercase': 2.0, 'whitespace': 2.0, 'model': 1.0}, Utility=0.04, Best=0.04
2026-02-20 00:07:04,113 - INFO - [SEARCH] Trying intervention: deduplication → 2
2026-02-20 00:07:06,961 - INFO - current utility 0.04
2026-02-20 00:07:06,961 - INFO - [TRY] deduplication=2,pipeline: {'sampling': 4.0, 'invalid_value': 2.0, 'missing_value': 7, 'floating_point': 4.0, 'unit_converter': 1.0, 'distribution_shape': 2.0, 'multicollinearity': 1.0, 'normalization': 1.0, 'outlier': 3.0, 'punctuation': 2.0, 'deduplication': 2, 'stopword': 2.0, 'lowercase': 2.0, 'whitespace': 2.0, 'model': 1.0}, Utility=0.04, Best=0.04
2026-02-20 00:07:06,961 - INFO - [SEARCH] Trying intervention: missing_value → 1
2026-02-20 00:07:08,281 - INFO - current utility 0.05
2026-02-20 00:07:08,281 - INFO - [TRY] missing_value=1,pipeline: {'sampling': 4.0, 'invalid_value': 2.0, 'missing_value': 1, 'floating_point': 4.0, 'unit_converter': 1.0, 'distribution_shape': 2.0, 'multicollinearity': 1.0, 'normalization': 1.0, 'outlier': 3.0, 'punctuation': 2.0, 'stopword': 2.0, 'lowercase': 2.0, 'whitespace': 2.0, 'model': 1.0}, Utility=0.05, Best=0.04
2026-02-20 00:07:08,281 - INFO - [SEARCH] Trying intervention: distribution_shape → 1
2026-02-20 00:07:12,158 - INFO - current utility 0.03
2026-02-20 00:07:12,158 - INFO - [TRY] distribution_shape=1,pipeline: {'sampling': 4.0, 'invalid_value': 2.0, 'missing_value': 7, 'floating_point': 4.0, 'unit_converter': 1.0, 'distribution_shape': 1, 'multicollinearity': 1.0, 'normalization': 1.0, 'outlier': 3.0, 'punctuation': 2.0, 'stopword': 2.0, 'lowercase': 2.0, 'whitespace': 2.0, 'model': 1.0}, Utility=0.03, Best=0.04
2026-02-20 00:07:12,158 - INFO - [SEARCH] Trying intervention: missing_value → 8
2026-02-20 00:07:19,375 - INFO - current utility 0.02
2026-02-20 00:07:19,375 - INFO - [TRY] missing_value=8,pipeline: {'sampling': 4.0, 'invalid_value': 2.0, 'missing_value': 8, 'floating_point': 4.0, 'unit_converter': 1.0, 'distribution_shape': 1, 'multicollinearity': 1.0, 'normalization': 1.0, 'outlier': 3.0, 'punctuation': 2.0, 'stopword': 2.0, 'lowercase': 2.0, 'whitespace': 2.0, 'model': 1.0}, Utility=0.02, Best=0.03
2026-02-20 00:07:19,375 - INFO - [SEARCH] Trying intervention: deduplication → 1
2026-02-20 00:07:23,292 - INFO - current utility 0.02
2026-02-20 00:07:23,292 - INFO - [TRY] deduplication=1,pipeline: {'sampling': 4.0, 'invalid_value': 2.0, 'missing_value': 8, 'deduplication': 1, 'floating_point': 4.0, 'unit_converter': 1.0, 'distribution_shape': 1, 'multicollinearity': 1.0, 'normalization': 1.0, 'outlier': 3.0, 'punctuation': 2.0, 'stopword': 2.0, 'lowercase': 2.0, 'whitespace': 2.0, 'model': 1.0}, Utility=0.02, Best=0.02
2026-02-20 00:07:23,292 - INFO - [SEARCH] Trying intervention: sampling → 2
2026-02-20 00:07:30,346 - INFO - current utility 0.05
2026-02-20 00:07:30,346 - INFO - [TRY] sampling=2,pipeline: {'sampling': 2, 'invalid_value': 2.0, 'missing_value': 8, 'floating_point': 4.0, 'unit_converter': 1.0, 'distribution_shape': 1, 'multicollinearity': 1.0, 'normalization': 1.0, 'outlier': 3.0, 'punctuation': 2.0, 'stopword': 2.0, 'lowercase': 2.0, 'whitespace': 2.0, 'model': 1.0}, Utility=0.05, Best=0.02
2026-02-20 00:07:30,346 - INFO - [SEARCH] Trying intervention: sampling → 3
2026-02-20 00:07:34,456 - INFO - current utility 0.03
2026-02-20 00:07:34,456 - INFO - [TRY] sampling=3,pipeline: {'sampling': 3, 'invalid_value': 2.0, 'missing_value': 8, 'floating_point': 4.0, 'unit_converter': 1.0, 'distribution_shape': 1, 'multicollinearity': 1.0, 'normalization': 1.0, 'outlier': 3.0, 'punctuation': 2.0, 'stopword': 2.0, 'lowercase': 2.0, 'whitespace': 2.0, 'model': 1.0}, Utility=0.03, Best=0.02
2026-02-20 00:07:34,456 - INFO - [SEARCH] Trying intervention: outlier → 7
2026-02-20 00:07:42,936 - INFO - current utility 0.03
2026-02-20 00:07:42,936 - INFO - [TRY] outlier=7,pipeline: {'sampling': 4.0, 'invalid_value': 2.0, 'missing_value': 8, 'floating_point': 4.0, 'unit_converter': 1.0, 'distribution_shape': 1, 'multicollinearity': 1.0, 'normalization': 1.0, 'outlier': 7, 'punctuation': 2.0, 'stopword': 2.0, 'lowercase': 2.0, 'whitespace': 2.0, 'model': 1.0}, Utility=0.03, Best=0.02
2026-02-20 00:07:42,936 - INFO - [SEARCH] Trying intervention: missing_value → 9
2026-02-20 00:07:47,215 - INFO - current utility 0.02
2026-02-20 00:07:47,215 - INFO - [TRY] missing_value=9,pipeline: {'sampling': 4.0, 'invalid_value': 2.0, 'missing_value': 9, 'floating_point': 4.0, 'unit_converter': 1.0, 'distribution_shape': 1, 'multicollinearity': 1.0, 'normalization': 1.0, 'outlier': 3.0, 'punctuation': 2.0, 'stopword': 2.0, 'lowercase': 2.0, 'whitespace': 2.0, 'model': 1.0}, Utility=0.02, Best=0.02
2026-02-20 00:07:47,216 - INFO - [SEARCH] Trying intervention: missing_value → 6
2026-02-20 00:07:51,565 - INFO - current utility 0.03
2026-02-20 00:07:51,565 - INFO - [TRY] missing_value=6,pipeline: {'sampling': 4.0, 'invalid_value': 2.0, 'missing_value': 6, 'floating_point': 4.0, 'unit_converter': 1.0, 'distribution_shape': 1, 'multicollinearity': 1.0, 'normalization': 1.0, 'outlier': 3.0, 'punctuation': 2.0, 'stopword': 2.0, 'lowercase': 2.0, 'whitespace': 2.0, 'model': 1.0}, Utility=0.03, Best=0.02
2026-02-20 00:07:51,565 - INFO - [SEARCH] Trying intervention: missing_value → 5
2026-02-20 00:07:58,932 - INFO - current utility 0.03
2026-02-20 00:07:58,932 - INFO - [TRY] missing_value=5,pipeline: {'sampling': 4.0, 'invalid_value': 2.0, 'missing_value': 5, 'floating_point': 4.0, 'unit_converter': 1.0, 'distribution_shape': 1, 'multicollinearity': 1.0, 'normalization': 1.0, 'outlier': 3.0, 'punctuation': 2.0, 'stopword': 2.0, 'lowercase': 2.0, 'whitespace': 2.0, 'model': 1.0}, Utility=0.03, Best=0.02
2026-02-20 00:07:58,932 - INFO - [SEARCH] Trying intervention: invalid_value → 1
2026-02-20 00:08:00,904 - INFO - current utility 0.02
2026-02-20 00:08:00,904 - INFO - [TRY] invalid_value=1,pipeline: {'sampling': 4.0, 'invalid_value': 1, 'missing_value': 9, 'floating_point': 4.0, 'unit_converter': 1.0, 'distribution_shape': 1, 'multicollinearity': 1.0, 'normalization': 1.0, 'outlier': 3.0, 'punctuation': 2.0, 'stopword': 2.0, 'lowercase': 2.0, 'whitespace': 2.0, 'model': 1.0}, Utility=0.02, Best=0.02
2026-02-20 00:08:00,904 - INFO - ✅ Target achieved 🎯
2026-02-20 00:08:00,904 - INFO - required optimistic iterations: 15
2026-02-20 00:08:00,904 - INFO - passing pipeline: order=['sampling', 'invalid_value', 'missing_value', 'floating_point', 'unit_converter', 'distribution_shape', 'multicollinearity', 'normalization', 'outlier', 'punctuation', 'stopword', 'lowercase', 'whitespace', 'model'], vec=[4, 1, 9, 4, 1, 1, 1, 1, 3, 2, 2, 2, 2, 1]
2026-02-20 00:08:00,905 - INFO - Total iterations so far: 15
2026-02-20 00:08:00,905 - INFO - pipeline[4. 2. 3.]
2026-02-20 00:08:01,196 - INFO - Evaluating [2, 1, 8, 4, 2, 1, 1, 5, 3, 2, 2, 1, 1, 1] -- Initial Utility 0.04839020848975452 -- Target Utility 0.02
2026-02-20 00:09:12,502 - INFO - [OPTIMIZE] Trying combo size k=1
2026-02-20 00:09:12,503 - INFO - [INFO] Running optimistic search with combined interventions...
2026-02-20 00:09:12,503 - INFO - [SEARCH] Trying intervention: floating_point → 3
2026-02-20 00:09:12,765 - INFO - current utility 0.05
2026-02-20 00:09:12,765 - INFO - [TRY] floating_point=3,pipeline: {'sampling': 2.0, 'invalid_value': 1.0, 'missing_value': 8.0, 'floating_point': 3, 'unit_converter': 2.0, 'distribution_shape': 1.0, 'multicollinearity': 1.0, 'normalization': 5.0, 'outlier': 3.0, 'punctuation': 2.0, 'stopword': 2.0, 'lowercase': 1.0, 'whitespace': 1.0, 'model': 1.0}, Utility=0.05, Best=0.05
2026-02-20 00:09:12,765 - INFO - [SEARCH] Trying intervention: deduplication → 1
2026-02-20 00:09:13,032 - INFO - current utility 0.05
2026-02-20 00:09:13,032 - INFO - [TRY] deduplication=1,pipeline: {'sampling': 2.0, 'invalid_value': 1.0, 'missing_value': 8.0, 'floating_point': 4.0, 'unit_converter': 2.0, 'distribution_shape': 1.0, 'multicollinearity': 1.0, 'normalization': 5.0, 'deduplication': 1, 'outlier': 3.0, 'punctuation': 2.0, 'stopword': 2.0, 'lowercase': 1.0, 'whitespace': 1.0, 'model': 1.0}, Utility=0.05, Best=0.05
2026-02-20 00:09:13,032 - INFO - [SEARCH] Trying intervention: deduplication → 2
2026-02-20 00:09:13,574 - INFO - current utility 0.05
2026-02-20 00:09:13,574 - INFO - [TRY] deduplication=2,pipeline: {'sampling': 2.0, 'invalid_value': 1.0, 'missing_value': 8.0, 'floating_point': 4.0, 'deduplication': 2, 'unit_converter': 2.0, 'distribution_shape': 1.0, 'multicollinearity': 1.0, 'normalization': 5.0, 'outlier': 3.0, 'punctuation': 2.0, 'stopword': 2.0, 'lowercase': 1.0, 'whitespace': 1.0, 'model': 1.0}, Utility=0.05, Best=0.05
2026-02-20 00:09:13,574 - INFO - [SEARCH] Trying intervention: outlier → 6
2026-02-20 00:09:14,273 - INFO - current utility 0.13
2026-02-20 00:09:14,273 - INFO - [TRY] outlier=6,pipeline: {'sampling': 2.0, 'invalid_value': 1.0, 'missing_value': 8.0, 'floating_point': 4.0, 'unit_converter': 2.0, 'distribution_shape': 1.0, 'multicollinearity': 1.0, 'normalization': 5.0, 'outlier': 6, 'punctuation': 2.0, 'stopword': 2.0, 'lowercase': 1.0, 'whitespace': 1.0, 'model': 1.0}, Utility=0.13, Best=0.05
2026-02-20 00:09:14,273 - INFO - [SEARCH] Trying intervention: missing_value → 5
2026-02-20 00:09:14,644 - INFO - current utility 0.05
2026-02-20 00:09:14,644 - INFO - [TRY] missing_value=5,pipeline: {'sampling': 2.0, 'invalid_value': 1.0, 'missing_value': 5, 'floating_point': 4.0, 'unit_converter': 2.0, 'distribution_shape': 1.0, 'multicollinearity': 1.0, 'normalization': 5.0, 'outlier': 3.0, 'punctuation': 2.0, 'stopword': 2.0, 'lowercase': 1.0, 'whitespace': 1.0, 'model': 1.0}, Utility=0.05, Best=0.05
2026-02-20 00:09:14,644 - INFO - [SEARCH] Trying intervention: floating_point → 2
2026-02-20 00:09:15,108 - INFO - current utility 0.05
2026-02-20 00:09:15,108 - INFO - [TRY] floating_point=2,pipeline: {'sampling': 2.0, 'invalid_value': 1.0, 'missing_value': 8.0, 'floating_point': 2, 'unit_converter': 2.0, 'distribution_shape': 1.0, 'multicollinearity': 1.0, 'normalization': 5.0, 'outlier': 3.0, 'punctuation': 2.0, 'stopword': 2.0, 'lowercase': 1.0, 'whitespace': 1.0, 'model': 1.0}, Utility=0.05, Best=0.05
2026-02-20 00:09:15,108 - INFO - [SEARCH] Trying intervention: multicollinearity → 2
2026-02-20 00:09:15,517 - INFO - current utility 0.05
2026-02-20 00:09:15,517 - INFO - [TRY] multicollinearity=2,pipeline: {'sampling': 2.0, 'invalid_value': 1.0, 'missing_value': 8.0, 'floating_point': 4.0, 'unit_converter': 2.0, 'distribution_shape': 1.0, 'multicollinearity': 2, 'normalization': 5.0, 'outlier': 3.0, 'punctuation': 2.0, 'stopword': 2.0, 'lowercase': 1.0, 'whitespace': 1.0, 'model': 1.0}, Utility=0.05, Best=0.05
2026-02-20 00:09:15,518 - INFO - [SEARCH] Trying intervention: outlier → 4
2026-02-20 00:09:16,232 - INFO - current utility 0.13
2026-02-20 00:09:16,233 - INFO - [TRY] outlier=4,pipeline: {'sampling': 2.0, 'invalid_value': 1.0, 'missing_value': 8.0, 'floating_point': 4.0, 'unit_converter': 2.0, 'distribution_shape': 1.0, 'multicollinearity': 1.0, 'normalization': 5.0, 'outlier': 4, 'punctuation': 2.0, 'stopword': 2.0, 'lowercase': 1.0, 'whitespace': 1.0, 'model': 1.0}, Utility=0.13, Best=0.05
2026-02-20 00:09:16,233 - INFO - [SEARCH] Trying intervention: sampling → 1
2026-02-20 00:09:17,636 - INFO - current utility 0.06
2026-02-20 00:09:17,636 - INFO - [TRY] sampling=1,pipeline: {'sampling': 1, 'invalid_value': 1.0, 'missing_value': 8.0, 'floating_point': 4.0, 'unit_converter': 2.0, 'distribution_shape': 1.0, 'multicollinearity': 1.0, 'normalization': 5.0, 'outlier': 3.0, 'punctuation': 2.0, 'stopword': 2.0, 'lowercase': 1.0, 'whitespace': 1.0, 'model': 1.0}, Utility=0.06, Best=0.05
2026-02-20 00:09:17,636 - INFO - [SEARCH] Trying intervention: outlier → 7
2026-02-20 00:09:18,880 - INFO - current utility 0.14
2026-02-20 00:09:18,881 - INFO - [TRY] outlier=7,pipeline: {'sampling': 2.0, 'invalid_value': 1.0, 'missing_value': 8.0, 'floating_point': 4.0, 'unit_converter': 2.0, 'distribution_shape': 1.0, 'multicollinearity': 1.0, 'normalization': 5.0, 'outlier': 7, 'punctuation': 2.0, 'stopword': 2.0, 'lowercase': 1.0, 'whitespace': 1.0, 'model': 1.0}, Utility=0.14, Best=0.05
2026-02-20 00:09:18,881 - INFO - [SEARCH] Trying intervention: distribution_shape → 3
